1 29.9003 29.941 -1.65741 -1.7475 -1.70609 
2 2.44277 0.121897 -1.56699 -1.48695 -1.54197 
3 4.92093 29.8183 -1.45005 -1.46086 -1.44269 
4 7.41742 29.9541 -1.5423 -1.55564 -1.53936 
5 9.9231 29.9548 -1.44764 -1.63911 -1.62282 
6 12.5491 0.108271 -1.38258 -1.48956 -1.62577 
7 14.9158 29.7475 -1.42003 -1.54758 -1.4928 
8 17.5247 29.9633 -1.48955 -1.70352 -1.39656 
9 19.9688 0.029121 -1.54548 -1.65218 -1.53962 
10 22.4334 29.9518 -1.5922 -1.60438 -1.57192 
11 25.0018 0.0601982 -1.50491 -1.6094 -1.47775 
12 27.4433 29.9681 -1.43454 -1.58998 -1.58571 
13 0.0889421 2.5459 -1.57981 -1.5996 -1.44936 
14 2.53987 2.64902 -1.71317 -1.59182 -1.55443 
15 5.00654 2.51895 -1.72011 -1.4658 -1.52117 
16 7.5277 2.52504 -1.58235 -1.51005 -1.43767 
17 10.0114 2.41802 -1.32191 -1.44462 -1.404 
18 12.5402 2.55981 -1.56424 -1.47854 -1.4494 
19 15.0201 2.59284 -1.61804 -1.61377 -1.47468 
20 17.4243 2.44908 -1.8132 -1.85758 -1.52945 
21 20.0163 2.47646 -1.75107 -1.76459 -1.52414 
22 22.5084 2.57657 -1.69047 -1.50275 -1.48549 
23 24.8832 2.5075 -1.61289 -1.55426 -1.45817 
24 27.4099 2.5801 -1.49642 -1.63244 -1.41062 
25 0.123925 5.15549 -1.56999 -1.56786 -1.51512 
26 2.47557 4.96694 -1.53599 -1.41787 -1.43674 
27 5.04817 5.00219 -1.69606 -1.50042 -1.57694 
28 7.55357 5.00503 -1.47201 -1.4013 -1.44607 
29 10.0121 5.05118 -1.43904 -1.45587 -1.42833 
30 12.4999 5.04763 -1.40999 -1.53994 -1.33589 
31 14.9176 5.14012 -1.59385 -1.6307 -1.561 
32 17.5274 4.84225 -1.61073 -1.67747 -1.55731 
33 19.8138 5.09379 -1.54568 -1.73528 -1.49262 
34 22.5196 5.07518 -1.45159 -1.34841 -1.36565 
35 24.9858 5.05732 -1.50805 -1.5148 -1.44256 
36 27.4359 5.02294 -1.46347 -1.58508 -1.48812 
37 0.0902127 7.52041 -1.38924 -1.48615 -1.41109 
38 2.55061 7.55255 -1.57797 -1.48464 -1.44256 
39 5.03649 7.47936 -1.45364 -1.44623 -1.46202 
40 7.53259 7.51771 -1.33374 -1.30152 -1.4507 
41 9.93366 7.64644 -1.35299 -1.45932 -1.38857 
42 12.5399 7.50414 -1.55949 -1.46899 -1.5545 
43 15.0113 7.57004 -1.5723 -1.50838 -1.30526 
44 17.4322 7.46957 -1.60913 -1.59945 -1.47696 
45 19.8666 7.48122 -1.6462 -1.64586 -1.41618 
46 22.4862 7.49342 -1.61786 -1.40667 -1.30918 
47 25.024 7.52828 -1.46219 -1.52467 -1.40091 
48 27.5739 7.57235 -1.48236 -1.4448 -1.444 
49 0.0827627 10.1037 -1.51251 -1.73615 -1.45937 
50 2.50098 10.0781 -1.55988 -1.55809 -1.44898 
51 5.02163 10.0892 -1.59236 -1.54267 -1.36358 
52 7.43892 10.1454 -1.53163 -1.46126 -1.484 
53 9.98903 10.0477 -1.42796 -1.5683 -1.48581 
54 12.5615 10.1827 -1.33294 -1.46288 -1.36539 
55 15.0259 10.0934 -1.39016 -1.49555 -1.44281 
56 17.4687 9.97217 -1.57053 -1.61083 -1.44079 
57 19.9228 10.0206 -1.63192 -1.59926 -1.34564 
58 22.3966 10.0696 -1.56251 -1.55247 -1.36708 
59 24.9394 10.0489 -1.46773 -1.58873 -1.47027 
60 27.4456 10.1186 -1.44749 -1.54612 -1.34652 
61 29.9109 12.3991 -1.56363 -1.50781 -1.52168 
62 2.5167 12.3859 -1.47923 -1.48685 -1.52547 
63 5.1077 12.602 -1.48972 -1.55515 -1.39516 
64 7.5473 12.47 -1.34919 -1.376 -1.45681 
65 10.0458 12.4015 -1.31226 -1.44536 -1.34075 
66 12.3179 12.5677 -1.36891 -1.48076 -1.37891 
67 14.8333 12.5333 -1.46014 -1.45678 -1.40422 
68 17.382 12.6556 -1.42183 -1.60786 -1.43144 
69 19.8898 12.4762 -1.41208 -1.63155 -1.46903 
70 22.5615 12.4346 -1.41955 -1.49347 -1.50003 
71 24.8853 12.556 -1.4379 -1.69497 -1.53271 
72 27.4487 12.5336 -1.33694 -1.4862 -1.56953 
73 29.7952 14.9988 -1.46181 -1.67532 -1.44834 
74 2.5133 14.8721 -1.43587 -1.49834 -1.37224 
75 4.93407 15.126 -1.5697 -1.55365 -1.45972 
76 7.50199 14.9077 -1.60734 -1.53866 -1.6213 
77 9.99312 14.9923 -1.51674 -1.50691 -1.42883 
78 12.5096 14.9045 -1.374 -1.38591 -1.48009 
79 14.7961 15.1028 -1.34778 -1.52675 -1.58396 
80 17.2975 15.1133 -1.34007 -1.52019 -1.41955 
81 19.8987 14.9056 -1.462 -1.61138 -1.43565 
82 22.5331 14.9668 -1.56643 -1.54018 -1.50258 
83 25.0027 15.0895 -1.50507 -1.58647 -1.61619 
84 27.457 15.0274 -1.39292 -1.46819 -1.52374 
85 0.0167944 17.4527 -1.51299 -1.47243 -1.44863 
86 2.37252 17.452 -1.59202 -1.57824 -1.42876 
87 4.9672 17.4662 -1.71841 -1.53424 -1.41764 
88 7.50338 17.4589 -1.57764 -1.51972 -1.50061 
89 10.0386 17.465 -1.64951 -1.4498 -1.4159 
90 12.4908 17.3874 -1.70773 -1.5533 -1.54563 
91 14.9685 17.3096 -1.49914 -1.44016 -1.47391 
92 17.3331 17.4672 -1.51055 -1.52967 -1.56147 
93 19.9227 17.5179 -1.77408 -1.68824 -1.4094 
94 22.4799 17.5018 -1.74114 -1.48128 -1.39488 
95 24.9392 17.485 -1.52918 -1.42496 -1.47866 
96 27.378 17.5709 -1.57475 -1.60133 -1.47371 
97 0.082793 19.9679 -1.63939 -1.63193 -1.47173 
98 2.66765 20.0251 -1.67932 -1.57498 -1.48443 
99 5.06894 19.9804 -1.66975 -1.47257 -1.32789 
100 7.5094 19.9126 -1.67087 -1.43876 -1.53639 
101 10.0506 19.9735 -1.48663 -1.43767 -1.37694 
102 12.4905 19.8009 -1.46413 -1.36983 -1.45811 
103 14.9121 19.9279 -1.50624 -1.44098 -1.41627 
104 17.4635 20.0619 -1.54453 -1.57633 -1.55162 
105 19.8314 19.9588 -1.79311 -1.59573 -1.5897 
106 22.4101 20.0122 -1.70915 -1.43641 -1.5035 
107 24.8249 19.8898 -1.57902 -1.56664 -1.53055 
108 27.4888 19.982 -1.49551 -1.53558 -1.44341 
109 0.0611685 22.4177 -1.57979 -1.50346 -1.39632 
110 2.42216 22.5652 -1.67875 -1.62255 -1.53461 
111 5.02207 22.4801 -1.55254 -1.44822 -1.29379 
112 7.52901 22.5335 -1.52902 -1.39864 -1.36886 
113 10.0129 22.4606 -1.6175 -1.44991 -1.43091 
114 12.5788 22.4498 -1.52326 -1.37149 -1.42924 
115 14.9346 22.3865 -1.59412 -1.44767 -1.42431 
116 17.4262 22.4877 -1.77932 -1.6347 -1.68553 
117 19.9042 22.5736 -1.65883 -1.54307 -1.4889 
118 22.4951 22.4753 -1.74733 -1.52793 -1.64495 
119 24.9698 22.4636 -1.67524 -1.61315 -1.57991 
120 27.2241 22.5063 -1.7183 -1.49596 -1.5173 
121 29.9772 24.7595 -1.62434 -1.60543 -1.40292 
122 2.49833 25.0607 -1.49195 -1.54567 -1.41936 
123 4.88451 25.0428 -1.57808 -1.39859 -1.47164 
124 7.37561 25.0489 -1.49131 -1.36483 -1.58046 
125 10.1443 25.0478 -1.46617 -1.46945 -1.44602 
126 12.5948 24.9292 -1.60848 -1.42193 -1.41934 
127 15.0551 24.8614 -1.72369 -1.60126 -1.51912 
128 17.5481 24.9845 -1.61792 -1.67802 -1.57238 
129 20.0819 24.9331 -1.57842 -1.37751 -1.3797 
130 22.5111 25.0962 -1.52805 -1.42919 -1.49503 
131 24.8085 25.0546 -1.56633 -1.72498 -1.55148 
132 27.4839 24.9635 -1.42812 -1.5619 -1.50886 
133 29.8474 27.4116 -1.53371 -1.46041 -1.41429 
134 2.44192 27.5131 -1.53945 -1.56658 -1.49291 
135 4.92855 27.5168 -1.43442 -1.46213 -1.40583 
136 7.56383 27.4172 -1.47216 -1.51171 -1.52289 
137 10.0154 27.3644 -1.44891 -1.57217 -1.54855 
138 12.5863 27.4651 -1.38363 -1.4277 -1.46494 
139 15.0989 27.4894 -1.51437 -1.50433 -1.4757 
140 17.563 27.3351 -1.54425 -1.50366 -1.46606 
141 20.0703 27.4168 -1.47486 -1.52237 -1.49314 
142 22.4155 27.483 -1.68013 -1.55294 -1.51268 
143 25.0695 27.5478 -1.53433 -1.67386 -1.59146 
144 27.5264 27.5193 -1.69161 -1.60727 -1.52232 
145 29.8423 0.105101 -1.49256 -1.43574 -1.54793 
146 2.54698 29.9292 -1.5661 -1.45646 -1.39246 
147 4.90192 29.9553 -1.65508 -1.56995 -1.50049 
148 7.48232 29.938 -1.5169 -1.44584 -1.41565 
149 10.0455 29.9232 -1.53161 -1.57309 -1.40903 
150 12.5499 29.9049 -1.35774 -1.48313 -1.51654 
151 15.1957 29.9606 -1.38495 -1.51932 -1.46846 
152 17.4195 29.9066 -1.5636 -1.54683 -1.43885 
153 19.9843 0.0527942 -1.59775 -1.59479 -1.49307 
154 22.3949 0.0713266 -1.56406 -1.47436 -1.31704 
155 25.0352 0.0870861 -1.31344 -1.37466 -1.41034 
156 27.4591 0.0911019 -1.42196 -1.54464 -1.51512 
157 0.0559408 2.43637 -1.7106 -1.60258 -1.59928 
158 2.52557 2.60872 -1.83439 -1.46718 -1.55787 
159 5.03868 2.51955 -1.90821 -1.54911 -1.54241 
160 7.54867 2.41767 -1.80995 -1.52245 -1.51509 
161 9.89036 2.57275 -1.68623 -1.50805 -1.47034 
162 12.4714 2.54664 -1.62356 -1.55238 -1.44991 
163 14.9824 2.45407 -1.79299 -1.74896 -1.57556 
164 17.4509 2.52841 -1.72589 -1.51597 -1.44999 
165 19.9578 2.55326 -1.84184 -1.57361 -1.45873 
166 22.5889 2.58823 -1.74937 -1.42422 -1.44788 
167 24.9062 2.66646 -1.63095 -1.43356 -1.46187 
168 27.366 2.57974 -1.65569 -1.55272 -1.47477 
169 29.9672 5.04998 -1.55698 -1.50568 -1.41876 
170 2.65315 5.07599 -1.49954 -1.36162 -1.48204 
171 4.91989 5.03975 -1.69335 -1.43437 -1.5098 
172 7.34248 5.12753 -1.62727 -1.47969 -1.40871 
173 10.0383 4.99856 -1.47036 -1.27582 -1.37846 
174 12.5124 5.0529 -1.58211 -1.57858 -1.45564 
175 14.9682 4.96608 -1.61375 -1.78644 -1.47081 
176 17.4926 4.94933 -1.71202 -1.5823 -1.55788 
177 20.1305 5.14279 -1.67086 -1.44199 -1.43309 
178 22.4729 5.25187 -1.53486 -1.37531 -1.47701 
179 25.0911 5.05893 -1.47312 -1.30768 -1.36488 
180 27.5504 5.11064 -1.62247 -1.6541 -1.55552 
181 0.0435091 7.48192 -1.61991 -1.56221 -1.57838 
182 2.55175 7.61744 -1.42832 -1.50846 -1.44053 
183 5.04347 7.5716 -1.37321 -1.43436 -1.41589 
184 7.57504 7.60264 -1.5329 -1.4442 -1.5005 
185 10.0254 7.51484 -1.50733 -1.36283 -1.4375 
186 12.5691 7.56053 -1.53314 -1.4505 -1.46961 
187 14.9578 7.49305 -1.4493 -1.56579 -1.47238 
188 17.4263 7.4769 -1.60359 -1.50159 -1.47699 
189 19.9822 7.6002 -1.45889 -1.42462 -1.41827 
190 22.6113 7.70473 -1.42272 -1.40327 -1.33487 
191 24.9408 7.66473 -1.55665 -1.39424 -1.44407 
192 27.4758 7.36679 -1.59687 -1.45386 -1.51467 
193 0.0398688 10.0084 -1.3295 -1.44791 -1.43874 
194 2.56367 10.1453 -1.47782 -1.47185 -1.4998 
195 5.07426 9.92016 -1.57442 -1.48796 -1.44083 
196 7.63003 9.97588 -1.47271 -1.311 -1.44929 
197 10.0297 10.0431 -1.40133 -1.39993 -1.41001 
198 12.4311 9.93931 -1.38682 -1.39979 -1.3546 
199 15.0009 10.1811 -1.41482 -1.53889 -1.44513 
200 17.4929 10.1764 -1.43794 -1.42066 -1.4702 
201 19.9713 10.105 -1.42346 -1.33898 -1.5057 
202 22.5699 10.0824 -1.461 -1.35543 -1.37991 
203 24.973 9.99814 -1.38786 -1.49398 -1.40319 
204 27.4475 9.99443 -1.40061 -1.54265 -1.51653 
205 29.8848 12.4993 -1.48831 -1.48272 -1.45211 
206 2.66911 12.5156 -1.52802 -1.48989 -1.48959 
207 4.91348 12.6355 -1.61197 -1.56115 -1.36844 
208 7.4596 12.4574 -1.51709 -1.54556 -1.57163 
209 10.0473 12.5436 -1.51203 -1.42409 -1.44668 
210 12.6135 12.5416 -1.50825 -1.41763 -1.50535 
211 14.9034 12.6067 -1.65532 -1.46224 -1.50063 
212 17.4085 12.7002 -1.57371 -1.53376 -1.64852 
213 20.0237 12.5175 -1.51154 -1.36208 -1.43112 
214 22.4834 12.5253 -1.56677 -1.49606 -1.46485 
215 25.0156 12.4936 -1.48455 -1.60366 -1.56491 
216 27.4634 12.541 -1.59226 -1.50764 -1.64096 
217 0.11591 14.9787 -1.4305 -1.46963 -1.53656 
218 2.41384 14.9789 -1.61487 -1.60343 -1.39734 
219 5.06897 15.1726 -1.607 -1.59414 -1.58973 
220 7.56933 14.916 -1.53641 -1.47267 -1.3185 
221 9.97092 14.9958 -1.36738 -1.41726 -1.35687 
222 12.5513 15.0472 -1.40037 -1.47909 -1.48231 
223 15.0035 14.9291 -1.43409 -1.44986 -1.48242 
224 17.5428 15.1177 -1.40457 -1.45377 -1.42927 
225 20.0586 14.9156 -1.39209 -1.5323 -1.4415 
226 22.5241 15.0161 -1.48525 -1.47061 -1.35474 
227 24.9387 14.9256 -1.5433 -1.71135 -1.54284 
228 27.535 14.9578 -1.4534 -1.57999 -1.45505 
229 29.8966 17.4513 -1.6375 -1.59672 -1.58558 
230 2.50011 17.5197 -1.56497 -1.4462 -1.48829 
231 4.89515 17.5075 -1.64411 -1.48256 -1.44628 
232 7.57277 17.484 -1.60569 -1.40365 -1.50517 
233 9.89658 17.567 -1.61689 -1.39566 -1.47574 
234 12.4324 17.5525 -1.56214 -1.38734 -1.53425 
235 14.9445 17.6077 -1.39417 -1.44141 -1.55828 
236 17.4366 17.6047 -1.51687 -1.51743 -1.47352 
237 19.9753 17.4446 -1.63801 -1.39622 -1.37674 
238 22.3423 17.5576 -1.7211 -1.47771 -1.35728 
239 24.8735 17.5177 -1.50741 -1.51063 -1.50875 
240 27.3588 17.4848 -1.5372 -1.5629 -1.54159 
241 0.113677 19.9276 -1.57519 -1.61977 -1.4799 
242 2.56687 19.9048 -1.6663 -1.54916 -1.51131 
243 5.11741 19.9411 -1.55905 -1.34216 -1.31572 
244 7.53367 19.9043 -1.58313 -1.44061 -1.50612 
245 10.0019 19.9654 -1.42693 -1.22379 -1.31498 
246 12.4716 20.097 -1.36492 -1.49896 -1.48233 
247 14.9656 20.1511 -1.46555 -1.59131 -1.50738 
248 17.4673 20.1107 -1.55816 -1.4887 -1.5966 
249 19.8575 20.0233 -1.54817 -1.51435 -1.47755 
250 22.4161 19.9138 -1.37474 -1.38273 -1.35676 
251 24.9748 19.9978 -1.49227 -1.44275 -1.48295 
252 27.3484 19.994 -1.62392 -1.59226 -1.51595 
253 0.0199254 22.4672 -1.62111 -1.60442 -1.36192 
254 2.44501 22.4728 -1.5339 -1.62519 -1.42882 
255 5.0464 22.5416 -1.58174 -1.35405 -1.49645 
256 7.49287 22.5274 -1.40727 -1.31342 -1.30602 
257 10.0444 22.5473 -1.47414 -1.41469 -1.40082 
258 12.4712 22.4518 -1.54726 -1.43678 -1.4919 
259 14.9439 22.5659 -1.67831 -1.55921 -1.5339 
260 17.4641 22.4554 -1.6538 -1.60918 -1.49631 
261 19.9718 22.4002 -1.56081 -1.53427 -1.57952 
262 22.5723 22.4315 -1.54935 -1.51034 -1.61106 
263 24.8681 22.4482 -1.58865 -1.57974 -1.40971 
264 27.3924 22.4851 -1.61402 -1.61547 -1.55477 
265 29.8967 25.0092 -1.42853 -1.52449 -1.35317 
266 2.49488 24.9633 -1.61268 -1.59236 -1.50192 
267 4.99255 25.0284 -1.59837 -1.54479 -1.39053 
268 7.43143 25.0983 -1.63292 -1.36781 -1.44908 
269 10.1325 25.0862 -1.38311 -1.40563 -1.44504 
270 12.688 25.0223 -1.60331 -1.45272 -1.34433 
271 15.0746 24.9471 -1.56614 -1.63086 -1.5206 
272 17.6439 25.0201 -1.52373 -1.6969 -1.57209 
273 20.0391 24.9888 -1.59203 -1.58836 -1.42186 
274 22.4962 25.1464 -1.72616 -1.51969 -1.47274 
275 24.9275 24.8684 -1.61428 -1.60387 -1.62103 
276 27.4538 24.9893 -1.5083 -1.65451 -1.5129 
277 29.9785 27.3915 -1.71505 -1.63686 -1.61527 
278 2.45104 27.4065 -1.40758 -1.47114 -1.3811 
279 5.02728 27.4199 -1.47735 -1.36991 -1.48328 
280 7.43251 27.4416 -1.42439 -1.46896 -1.52825 
281 10.1646 27.4993 -1.43379 -1.56542 -1.45766 
282 12.7316 27.4932 -1.60071 -1.44379 -1.46696 
283 15.2033 27.3467 -1.64302 -1.51538 -1.54382 
284 17.6697 27.5506 -1.53318 -1.59649 -1.61791 
285 19.9574 27.4941 -1.52171 -1.39516 -1.35544 
286 22.4662 27.4138 -1.41598 -1.52218 -1.49289 
287 24.9113 27.4389 -1.60675 -1.54366 -1.58865 
288 27.4778 27.453 -1.61879 -1.39561 -1.54396 
289 29.9452 29.9544 -1.55772 -1.66103 -1.53646 
290 2.50223 0.0788751 -1.56681 -1.6375 -1.55456 
291 5.1178 0.0747495 -1.72798 -1.59118 -1.58607 
292 7.64162 29.9709 -1.51606 -1.56531 -1.40374 
293 10.1088 0.119095 -1.47399 -1.59473 -1.45425 
294 12.5246 29.9594 -1.46818 -1.61955 -1.47555 
295 15.0382 29.8255 -1.47203 -1.60813 -1.44762 
296 17.5136 0.0482846 -1.64499 -1.57405 -1.50721 
297 20.0022 29.9487 -1.59014 -1.41507 -1.4231 
298 22.4755 29.809 -1.41939 -1.45384 -1.34204 
299 25.0112 29.9339 -1.57296 -1.63667 -1.52492 
300 27.5774 0.0959226 -1.49302 -1.54172 -1.42421 
301 0.0376006 2.4603 -1.53807 -1.76081 -1.54673 
302 2.56063 2.45969 -1.62988 -1.56631 -1.39331 
303 5.01067 2.48897 -1.69987 -1.47094 -1.46127 
304 7.49292 2.59645 -1.50776 -1.43589 -1.32688 
305 10.1174 2.57351 -1.51903 -1.50578 -1.42291 
306 12.5262 2.64116 -1.59018 -1.68953 -1.4749 
307 14.9678 2.45162 -1.69329 -1.7685 -1.48566 
308 17.5347 2.49352 -1.66928 -1.49204 -1.5033 
309 20.0352 2.57258 -1.69499 -1.54109 -1.55994 
310 22.5755 2.57329 -1.54649 -1.38609 -1.33175 
311 24.9569 2.57651 -1.39192 -1.45535 -1.35028 
312 27.3854 2.48444 -1.58045 -1.59313 -1.42942 
313 0.138838 5.01666 -1.47052 -1.72137 -1.56712 
314 2.52944 5.04012 -1.59076 -1.69954 -1.52031 
315 5.06743 4.95607 -1.5975 -1.46068 -1.48583 
316 7.53166 5.00981 -1.67781 -1.5037 -1.42383 
317 9.94178 5.118 -1.64452 -1.66679 -1.44764 
318 12.5403 5.03981 -1.54807 -1.65726 -1.36949 
319 15.0729 5.19222 -1.68708 -1.81263 -1.4819 
320 17.5087 4.96443 -1.56825 -1.5578 -1.45382 
321 19.9849 5.04487 -1.54774 -1.50551 -1.54145 
322 22.5847 5.12623 -1.50757 -1.52005 -1.40345 
323 25.0763 5.04458 -1.50794 -1.68701 -1.57373 
324 27.3347 5.02831 -1.53165 -1.45261 -1.4267 
325 0.0298094 7.59005 -1.60131 -1.64196 -1.56603 
326 2.65091 7.50233 -1.46551 -1.51577 -1.56046 
327 4.95386 7.54494 -1.51956 -1.44808 -1.40174 
328 7.39426 7.59428 -1.47789 -1.57783 -1.42801 
329 10.0232 7.60666 -1.49974 -1.56814 -1.42775 
330 12.5476 7.41239 -1.56047 -1.73416 -1.72345 
331 14.9655 7.64258 -1.41451 -1.49258 -1.39297 
332 17.4978 7.6825 -1.58506 -1.64334 -1.53278 
333 20.0349 7.53516 -1.42605 -1.46218 -1.54359 
334 22.5781 7.59216 -1.3668 -1.39632 -1.43936 
335 25.0391 7.66955 -1.56615 -1.52009 -1.5971 
336 27.4803 7.43117 -1.51689 -1.5645 -1.63824 
337 29.9286 10.0063 -1.57853 -1.59371 -1.56173 
338 2.59467 10.0488 -1.60088 -1.68754 -1.6595 
339 4.95507 10.0691 -1.64035 -1.44527 -1.39862 
340 7.44612 9.93349 -1.47069 -1.41256 -1.40092 
341 9.96295 9.98241 -1.40558 -1.50073 -1.51368 
342 12.4705 10.0132 -1.48188 -1.50699 -1.47399 
343 14.8494 10.0271 -1.62396 -1.77873 -1.55758 
344 17.4904 10.08 -1.45239 -1.45433 -1.44389 
345 20.2174 9.99746 -1.60954 -1.40938 -1.47501 
346 22.5258 10.1796 -1.44095 -1.45549 -1.55736 
347 24.8728 10.0487 -1.37289 -1.52607 -1.41068 
348 27.3462 10.0845 -1.4386 -1.47363 -1.49247 
349 29.9148 12.4658 -1.56014 -1.60368 -1.53051 
350 2.46968 12.6203 -1.65168 -1.46634 -1.43873 
351 5.02697 12.6318 -1.65666 -1.43459 -1.46307 
352 7.26458 12.3922 -1.57411 -1.31636 -1.50302 
353 10.0799 12.537 -1.62099 -1.5239 -1.52998 
354 12.4502 12.4415 -1.62357 -1.51857 -1.61266 
355 15.0249 12.4273 -1.60791 -1.57567 -1.4942 
356 17.4916 12.6042 -1.57063 -1.45356 -1.55031 
357 19.9366 12.5027 -1.53276 -1.43728 -1.56727 
358 22.4515 12.5411 -1.53997 -1.46285 -1.47336 
359 25.0014 12.5014 -1.4656 -1.62411 -1.39319 
360 27.4477 12.6766 -1.43991 -1.52082 -1.33849 
361 0.0710993 14.9818 -1.43639 -1.61034 -1.62429 
362 2.7004 15.0143 -1.42498 -1.48238 -1.41289 
363 4.99344 15.0935 -1.50373 -1.4803 -1.39555 
364 7.54141 15.0255 -1.59876 -1.44112 -1.4361 
365 9.92272 14.9643 -1.5054 -1.60302 -1.56537 
366 12.4908 15.0128 -1.43598 -1.59232 -1.57982 
367 14.9335 15.0287 -1.48837 -1.56577 -1.44085 
368 17.5945 15.0159 -1.57375 -1.60402 -1.52329 
369 20.0244 14.9984 -1.55891 -1.50193 -1.48264 
370 22.476 15.0072 -1.46403 -1.44181 -1.33168 
371 25.0171 15.1156 -1.5295 -1.57686 -1.51291 
372 27.5353 14.9866 -1.49151 -1.56331 -1.5161 
373 0.0826452 17.2696 -1.63751 -1.82081 -1.5677 
374 2.46297 17.5049 -1.63626 -1.6007 -1.50627 
375 5.04246 17.5256 -1.6604 -1.59016 -1.39675 
376 7.39928 17.3932 -1.5879 -1.45758 -1.51066 
377 10.0414 17.464 -1.53725 -1.50909 -1.4765 
378 12.4068 17.4771 -1.57016 -1.79665 -1.45414 
379 14.85 17.5269 -1.64825 -1.76167 -1.57097 
380 17.4949 17.3702 -1.58287 -1.52182 -1.48318 
381 19.9923 17.3915 -1.7324 -1.45459 -1.43043 
382 22.4296 17.5357 -1.58472 -1.41379 -1.29482 
383 24.8525 17.5062 -1.70745 -1.63418 -1.51468 
384 27.4005 17.4906 -1.62184 -1.64795 -1.53259 
385 29.9652 19.9991 -1.75614 -1.7681 -1.58731 
386 2.59261 19.9465 -1.58802 -1.57276 -1.50663 
387 5.07039 20.0405 -1.5944 -1.48458 -1.4192 
388 7.39405 19.8458 -1.60262 -1.49004 -1.32131 
389 10.0152 19.9318 -1.53904 -1.74612 -1.48487 
390 12.5689 19.9273 -1.7023 -1.76659 -1.38841 
391 14.9034 20.0289 -1.60034 -1.79981 -1.47577 
392 17.3586 19.909 -1.49796 -1.5513 -1.4334 
393 19.8573 19.9823 -1.5442 -1.37165 -1.49263 
394 22.4648 20.0684 -1.66968 -1.43982 -1.38982 
395 25.0121 20.0749 -1.58954 -1.59731 -1.48915 
396 27.5193 19.9145 -1.58144 -1.55683 -1.49418 
397 0.082177 22.416 -1.54585 -1.52582 -1.38633 
398 2.53549 22.5342 -1.46929 -1.61105 -1.36488 
399 4.94548 22.5228 -1.6366 -1.49688 -1.51572 
400 7.49694 22.6068 -1.58997 -1.5357 -1.3411 
401 9.94139 22.5046 -1.56358 -1.52587 -1.40641 
402 12.5154 22.4639 -1.5741 -1.69662 -1.39787 
403 15.1113 22.4285 -1.61653 -1.69995 -1.51425 
404 17.4254 22.4117 -1.62852 -1.53448 -1.57771 
405 20.0836 22.3044 -1.58187 -1.40722 -1.4971 
406 22.5261 22.4648 -1.53222 -1.45727 -1.51311 
407 25.0506 22.2961 -1.57054 -1.54609 -1.45109 
408 27.4813 22.4225 -1.64425 -1.65844 -1.66774 
409 0.0495797 24.9286 -1.48689 -1.7155 -1.40965 
410 2.50933 24.955 -1.45159 -1.52497 -1.39907 
411 4.97617 25.1269 -1.49939 -1.35607 -1.33536 
412 7.48805 24.8663 -1.62706 -1.5221 -1.50006 
413 10.1502 25.0044 -1.56409 -1.60564 -1.48968 
414 12.509 25.0227 -1.50443 -1.56217 -1.42459 
415 14.9759 24.8751 -1.51917 -1.67234 -1.50133 
416 17.5789 24.9898 -1.52304 -1.61797 -1.48823 
417 19.8785 24.8778 -1.44305 -1.35553 -1.33422 
418 22.6457 24.8586 -1.57849 -1.52834 -1.496 
419 24.9541 24.8299 -1.46105 -1.52811 -1.51014 
420 27.4094 24.93 -1.4323 -1.59238 -1.35981 
421 0.0588281 27.5242 -1.52662 -1.70565 -1.49425 
422 2.70781 27.5187 -1.59484 -1.61714 -1.45511 
423 5.05422 27.5521 -1.65146 -1.46603 -1.45272 
424 7.62563 27.5209 -1.56057 -1.54643 -1.49271 
425 10.1384 27.4197 -1.5458 -1.72455 -1.49703 
426 12.5462 27.3819 -1.61827 -1.54246 -1.53157 
427 15.1334 27.4839 -1.63499 -1.62356 -1.57802 
428 17.5481 27.422 -1.65509 -1.51072 -1.53782 
429 20.1069 27.4638 -1.75559 -1.70076 -1.67599 
430 22.612 27.5034 -1.50206 -1.54453 -1.46376 
431 25.0377 27.4085 -1.51261 -1.4764 -1.42037 
432 27.5558 27.4858 -1.51272 -1.45323 -1.37118 
433 0.114246 29.8896 -1.5248 -1.57947 -1.63617 
434 2.64502 0.0380739 -1.59682 -1.63926 -1.47571 
435 5.11734 29.9495 -1.40553 -1.41609 -1.417 
436 7.55754 29.9175 -1.46753 -1.45172 -1.44936 
437 10.127 0.208344 -1.5331 -1.52758 -1.46272 
438 12.5459 0.0797777 -1.52463 -1.49814 -1.56329 
439 14.8794 0.13788 -1.47176 -1.53007 -1.50718 
440 17.4834 29.9328 -1.3662 -1.54568 -1.44083 
441 20.0587 0.0306436 -1.45268 -1.57434 -1.53997 
442 22.531 0.106546 -1.53112 -1.51114 -1.5298 
443 25.0411 0.0335042 -1.49129 -1.42358 -1.43217 
444 27.4516 29.8921 -1.43809 -1.57289 -1.34195 
445 29.9664 2.33325 -1.49175 -1.57171 -1.58827 
446 2.60036 2.59219 -1.6441 -1.57192 -1.57841 
447 5.0532 2.44056 -1.62722 -1.44758 -1.454 
448 7.48482 2.46259 -1.70083 -1.48576 -1.39935 
449 10.0038 2.58155 -1.66002 -1.57363 -1.63705 
450 12.6419 2.5598 -1.6386 -1.55683 -1.47953 
451 15.1278 2.62792 -1.49217 -1.61844 -1.56335 
452 17.4698 2.65393 -1.47202 -1.49208 -1.47955 
453 20.1051 2.68556 -1.49317 -1.5767 -1.48258 
454 22.6305 2.49227 -1.51166 -1.53014 -1.477 
455 25.1613 2.44853 -1.47637 -1.54854 -1.51654 
456 27.5809 2.57261 -1.46327 -1.48649 -1.45138 
457 0.168344 5.16179 -1.43814 -1.63733 -1.46638 
458 2.46545 4.92552 -1.47361 -1.58927 -1.5939 
459 4.91624 4.87866 -1.52634 -1.4752 -1.42851 
460 7.3379 5.03836 -1.53751 -1.40751 -1.28813 
461 9.97823 5.03733 -1.50749 -1.59977 -1.51154 
462 12.5219 5.0625 -1.51393 -1.47479 -1.3459 
463 14.9842 4.9309 -1.42893 -1.4946 -1.32184 
464 17.4905 4.97627 -1.44082 -1.50539 -1.5029 
465 20.0687 5.04169 -1.49318 -1.4818 -1.54728 
466 22.642 5.00902 -1.51719 -1.52594 -1.46913 
467 25.1131 5.05847 -1.50256 -1.38094 -1.49677 
468 27.5695 5.03391 -1.5425 -1.52974 -1.53312 
469 0.157749 7.41025 -1.62668 -1.7156 -1.7177 
470 2.57831 7.44447 -1.5641 -1.62941 -1.5094 
471 5.06412 7.48383 -1.52045 -1.41865 -1.42805 
472 7.53996 7.49595 -1.30772 -1.4397 -1.37006 
473 10.0306 7.50783 -1.41891 -1.58643 -1.46165 
474 12.5691 7.57737 -1.5137 -1.5723 -1.47447 
475 14.9399 7.60068 -1.61048 -1.56218 -1.54009 
476 17.4366 7.55945 -1.62161 -1.57333 -1.46256 
477 19.9766 7.48375 -1.69125 -1.61409 -1.55499 
478 22.5065 7.5631 -1.51279 -1.43134 -1.48267 
479 24.927 7.61288 -1.46694 -1.48019 -1.50772 
480 27.4825 7.60035 -1.57393 -1.68391 -1.4202 
481 0.0461453 9.87069 -1.56239 -1.77535 -1.64926 
482 2.69462 9.97814 -1.57269 -1.52356 -1.50158 
483 4.98327 10.0531 -1.45549 -1.42798 -1.36703 
484 7.44868 10.0834 -1.50448 -1.27261 -1.45061 
485 10.0564 9.8798 -1.62709 -1.76349 -1.6594 
486 12.4127 9.87716 -1.6805 -1.61726 -1.54458 
487 14.8541 10.0745 -1.45174 -1.58976 -1.53668 
488 17.3272 10.1521 -1.6468 -1.56034 -1.57351 
489 19.8111 9.86642 -1.67322 -1.46694 -1.46164 
490 22.5542 9.96928 -1.67412 -1.6024 -1.66667 
491 25.052 9.99482 -1.62039 -1.48588 -1.56814 
492 27.5568 10.0015 -1.6619 -1.66791 -1.64103 
493 0.0885229 12.3425 -1.55931 -1.61147 -1.58984 
494 2.56896 12.4242 -1.66467 -1.56669 -1.49911 
495 4.90663 12.4976 -1.54206 -1.41294 -1.44523 
496 7.41988 12.4272 -1.61938 -1.43351 -1.5364 
497 9.87397 12.4225 -1.5311 -1.51467 -1.50588 
498 12.42 12.5865 -1.63879 -1.62859 -1.54047 
499 14.9372 12.6381 -1.65823 -1.57741 -1.53222 
500 17.5068 12.3162 -1.60428 -1.58657 -1.58129 
501 19.9696 12.3489 -1.68052 -1.49202 -1.68507 
502 22.5093 12.5259 -1.63776 -1.55764 -1.42734 
503 24.8708 12.3658 -1.68784 -1.61729 -1.57169 
504 27.5466 12.4886 -1.40839 -1.48246 -1.40791 
505 0.103805 14.8966 -1.58426 -1.57057 -1.52126 
506 2.66697 15.105 -1.54181 -1.51482 -1.37869 
507 5.05573 14.915 -1.5799 -1.40474 -1.42464 
508 7.47648 14.9372 -1.5598 -1.30621 -1.40247 
509 10.0301 14.9832 -1.61475 -1.61375 -1.69611 
510 12.4307 15.0488 -1.65238 -1.67198 -1.58103 
511 15.0279 14.9372 -1.49713 -1.53871 -1.50812 
512 17.6094 15.0252 -1.45225 -1.42384 -1.45179 
513 19.9914 14.9879 -1.51068 -1.48014 -1.3792 
514 22.366 14.9289 -1.61099 -1.46558 -1.42624 
515 24.9588 14.9854 -1.41885 -1.35848 -1.46602 
516 27.4572 14.9335 -1.52709 -1.61873 -1.48311 
517 0.0644522 17.4521 -1.62556 -1.68894 -1.56199 
518 2.46402 17.4254 -1.59134 -1.55365 -1.49975 
519 5.02668 17.6238 -1.53956 -1.34979 -1.27979 
520 7.49188 17.4876 -1.61223 -1.51003 -1.41149 
521 10.0161 17.3698 -1.71746 -1.61462 -1.61074 
522 12.4983 17.5038 -1.66608 -1.6019 -1.5128 
523 14.9815 17.4334 -1.61138 -1.57691 -1.60152 
524 17.4815 17.3395 -1.68576 -1.5692 -1.54197 
525 20.016 17.4797 -1.85162 -1.49505 -1.43909 
526 22.4426 17.4825 -1.6446 -1.42889 -1.38353 
527 25.1623 17.5431 -1.47924 -1.32096 -1.50073 
528 27.5023 17.4813 -1.69142 -1.54933 -1.4366 
529 0.165753 19.9542 -1.62998 -1.75415 -1.52669 
530 2.58744 20.0361 -1.60644 -1.485 -1.45985 
531 5.01793 20.0776 -1.603 -1.43735 -1.53894 
532 7.58899 20.0482 -1.63643 -1.39838 -1.367 
533 10.0995 20.0615 -1.5835 -1.54553 -1.53062 
534 12.4728 19.8489 -1.62875 -1.50917 -1.36426 
535 14.9855 19.9855 -1.42435 -1.3982 -1.41961 
536 17.5164 19.9178 -1.48123 -1.47414 -1.52526 
537 19.9887 19.9487 -1.49665 -1.45388 -1.45038 
538 22.3963 19.9029 -1.5975 -1.42272 -1.48861 
539 24.8922 19.8513 -1.52802 -1.41742 -1.56218 
540 27.6395 19.9613 -1.64563 -1.64891 -1.55387 
541 29.8305 22.4765 -1.69592 -1.58647 -1.47599 
542 2.42933 22.5685 -1.79301 -1.6684 -1.4484 
543 5.01271 22.5932 -1.57017 -1.37527 -1.50455 
544 7.47844 22.5003 -1.55778 -1.30021 -1.36754 
545 9.95613 22.7456 -1.68603 -1.63342 -1.57 
546 12.4264 22.4552 -1.64996 -1.52262 -1.43142 
547 14.9896 22.6496 -1.6246 -1.62935 -1.571 
548 17.4644 22.451 -1.56136 -1.52751 -1.45713 
549 19.9632 22.5336 -1.60975 -1.3384 -1.53396 
550 22.3977 22.3724 -1.63098 -1.52773 -1.61948 
551 25.0052 22.4487 -1.62369 -1.46952 -1.59932 
552 27.3524 22.4432 -1.63459 -1.55037 -1.61555 
553 29.8741 25.0203 -1.39757 -1.44721 -1.31907 
554 2.55343 25.0188 -1.45813 -1.65738 -1.44665 
555 4.93026 24.9283 -1.49847 -1.45124 -1.21766 
556 7.54433 25.087 -1.44948 -1.39853 -1.42176 
557 9.93327 25.0614 -1.61134 -1.60436 -1.47509 
558 12.4573 25.0927 -1.61936 -1.501 -1.56575 
559 15.0335 24.9333 -1.45278 -1.48128 -1.42809 
560 17.5126 24.9501 -1.57135 -1.52353 -1.53628 
561 20.0987 24.8882 -1.69323 -1.39809 -1.38429 
562 22.3949 24.9691 -1.47111 -1.37481 -1.46097 
563 24.8067 24.9525 -1.51958 -1.52963 -1.4968 
564 27.4688 24.8343 -1.32718 -1.46546 -1.37123 
565 29.9873 27.5178 -1.41064 -1.43183 -1.35491 
566 2.57667 27.407 -1.61559 -1.6981 -1.58316 
567 5.03879 27.3971 -1.51772 -1.46499 -1.54406 
568 7.48817 27.4916 -1.61346 -1.42721 -1.41751 
569 10.1209 27.6308 -1.61583 -1.64239 -1.60149 
570 12.6113 27.5154 -1.58818 -1.52478 -1.53754 
571 15.1556 27.5122 -1.52064 -1.41552 -1.46845 
572 17.4691 27.498 -1.57075 -1.56211 -1.53227 
573 20.0255 27.416 -1.42755 -1.50697 -1.4243 
574 22.4293 27.47 -1.48351 -1.40031 -1.59471 
575 25.021 27.4913 -1.37006 -1.63368 -1.43204 
576 27.3515 27.4016 -1.52672 -1.47591 -1.37082 
577 0.0670873 0.0296356 -1.38958 -1.38677 -1.52106 
578 2.55747 29.8597 -1.40705 -1.4703 -1.50496 
579 5.03576 29.9566 -1.5867 -1.45609 -1.63139 
580 7.63654 0.102774 -1.47887 -1.55953 -1.57213 
581 10.0814 29.9306 -1.48207 -1.63171 -1.59082 
582 12.5771 0.085877 -1.39651 -1.45695 -1.53202 
583 15.0116 29.9437 -1.3996 -1.32975 -1.47541 
584 17.5505 0.148029 -1.3606 -1.37733 -1.34499 
585 19.9575 0.125414 -1.44544 -1.55505 -1.59012 
586 22.712 0.13433 -1.32233 -1.44698 -1.54102 
587 25.0287 29.9027 -1.41459 -1.5612 -1.51558 
588 27.6769 0.18233 -1.40732 -1.34582 -1.40119 
589 0.0990439 2.64782 -1.45574 -1.53678 -1.50389 
590 2.61825 2.3138 -1.65549 -1.42788 -1.56166 
591 5.006 2.49667 -1.58265 -1.46836 -1.52528 
592 7.60062 2.468 -1.66176 -1.57772 -1.44579 
593 10.0624 2.52509 -1.58854 -1.5746 -1.55701 
594 12.5012 2.58897 -1.58592 -1.53566 -1.6076 
595 14.9641 2.6426 -1.50885 -1.34004 -1.46065 
596 17.5796 2.54005 -1.52151 -1.38159 -1.49957 
597 20.0027 2.51564 -1.51547 -1.52252 -1.35085 
598 22.6198 2.47025 -1.54778 -1.58678 -1.61839 
599 25.2296 2.43379 -1.47689 -1.58481 -1.53011 
600 27.5646 2.60985 -1.40649 -1.43143 -1.39809 
601 29.9492 5.04278 -1.5968 -1.56699 -1.63918 
602 2.52823 5.05277 -1.5072 -1.42847 -1.51346 
603 4.88383 5.02034 -1.70543 -1.57754 -1.53625 
604 7.38142 5.05353 -1.59731 -1.4934 -1.4354 
605 9.98598 5.04006 -1.47347 -1.53212 -1.50162 
606 12.5715 4.99748 -1.35911 -1.40706 -1.31328 
607 14.9485 5.00039 -1.51221 -1.42442 -1.45936 
608 17.6691 5.00538 -1.45716 -1.54335 -1.43547 
609 20.101 4.99675 -1.60192 -1.49404 -1.32029 
610 22.4831 5.18085 -1.62487 -1.44375 -1.5491 
611 25.0246 5.03026 -1.62446 -1.68985 -1.72037 
612 27.5981 4.97545 -1.5123 -1.43214 -1.54759 
613 0.0174094 7.59834 -1.67664 -1.69854 -1.6203 
614 2.45558 7.58604 -1.64858 -1.51043 -1.4577 
615 5.03154 7.44177 -1.41479 -1.30737 -1.42599 
616 7.47237 7.51611 -1.51812 -1.40468 -1.46548 
617 10.065 7.41895 -1.39195 -1.42222 -1.45499 
618 12.4776 7.54961 -1.51268 -1.31968 -1.51252 
619 14.9346 7.58851 -1.51662 -1.45686 -1.43197 
620 17.4989 7.55994 -1.65324 -1.44111 -1.53611 
621 19.9508 7.46705 -1.54453 -1.40729 -1.43068 
622 22.5205 7.5584 -1.52886 -1.435 -1.60846 
623 24.9516 7.66353 -1.45151 -1.52134 -1.39347 
624 27.4791 7.57643 -1.73064 -1.48576 -1.52968 
625 0.0868881 10.0551 -1.72877 -1.56468 -1.58099 
626 2.44142 10.2131 -1.60451 -1.48534 -1.55389 
627 5.05763 10.0279 -1.61705 -1.39725 -1.47091 
628 7.45668 9.99738 -1.61167 -1.41955 -1.42883 
629 10.0235 10.011 -1.59416 -1.48239 -1.34545 
630 12.5157 10.0256 -1.46849 -1.38131 -1.48653 
631 14.9933 10.0779 -1.63363 -1.4898 -1.61544 
632 17.4207 10.0981 -1.45164 -1.42122 -1.50514 
633 20.0326 10.0563 -1.57644 -1.50711 -1.50762 
634 22.5334 10.1696 -1.60267 -1.56661 -1.53466 
635 24.9482 10.0699 -1.58982 -1.52871 -1.61277 
636 27.3789 10.0519 -1.63655 -1.60727 -1.52693 
637 0.0510385 12.5807 -1.60093 -1.56783 -1.52205 
638 2.50034 12.5992 -1.58547 -1.3887 -1.56271 
639 4.91884 12.6316 -1.67948 -1.50354 -1.48751 
640 7.40843 12.5913 -1.6342 -1.53934 -1.58073 
641 9.91443 12.3827 -1.57542 -1.43209 -1.60672 
642 12.3024 12.4393 -1.57862 -1.43195 -1.59608 
643 14.8823 12.3757 -1.5763 -1.34956 -1.55147 
644 17.4494 12.6801 -1.56036 -1.44154 -1.46853 
645 20.0036 12.4559 -1.61881 -1.40678 -1.56707 
646 22.443 12.6 -1.81859 -1.58444 -1.72173 
647 25.049 12.4364 -1.70515 -1.50408 -1.54101 
648 27.6136 12.6037 -1.73323 -1.65159 -1.69211 
649 0.0218059 15.0889 -1.48201 -1.42273 -1.48733 
650 2.56067 15.0084 -1.66782 -1.43498 -1.47545 
651 5.00452 15.1274 -1.72861 -1.48794 -1.50921 
652 7.44796 15.0377 -1.76056 -1.63421 -1.573 
653 9.96483 14.9725 -1.61491 -1.49331 -1.49767 
654 12.4076 15.0214 -1.68473 -1.50154 -1.56357 
655 14.8105 15.0682 -1.66987 -1.44129 -1.62882 
656 17.4934 14.9921 -1.57455 -1.41209 -1.49924 
657 20.0073 15.0183 -1.58997 -1.49475 -1.34546 
658 22.587 14.9547 -1.57793 -1.50639 -1.6146 
659 25.0212 14.9526 -1.62714 -1.61791 -1.65247 
660 27.6219 14.9968 -1.54393 -1.40942 -1.51727 
661 0.168636 17.504 -1.67654 -1.52357 -1.38916 
662 2.50051 17.5864 -1.65086 -1.3954 -1.34088 
663 4.85752 17.4278 -1.76321 -1.37559 -1.46416 
664 7.51803 17.6294 -1.64778 -1.60036 -1.46501 
665 10.0254 17.527 -1.69359 -1.52968 -1.48185 
666 12.5339 17.4172 -1.76707 -1.39339 -1.40864 
667 14.9323 17.481 -1.77161 -1.45324 -1.65574 
668 17.4366 17.2781 -1.71401 -1.31414 -1.52072 
669 19.968 17.3994 -1.63527 -1.39725 -1.41532 
670 22.388 17.4361 -1.76502 -1.50444 -1.51807 
671 24.9587 17.5568 -1.66569 -1.55503 -1.49694 
672 27.5404 17.4466 -1.64133 -1.49952 -1.49636 
673 0.104846 19.955 -1.50569 -1.50692 -1.45414 
674 2.6705 20.0843 -1.73375 -1.4591 -1.55408 
675 5.08475 20.106 -1.58222 -1.42465 -1.44459 
676 7.54865 20.0189 -1.51665 -1.49856 -1.48337 
677 9.97274 19.9843 -1.60143 -1.55515 -1.53554 
678 12.4856 20.0687 -1.46389 -1.23977 -1.44424 
679 15.0352 20.0497 -1.51848 -1.38897 -1.48362 
680 17.4419 19.8373 -1.5021 -1.46143 -1.49843 
681 19.8648 20.0163 -1.57647 -1.55559 -1.54326 
682 22.4823 19.9528 -1.46284 -1.32546 -1.43955 
683 25.0263 19.9879 -1.66517 -1.60951 -1.68786 
684 27.7159 20.0248 -1.53912 -1.51854 -1.54375 
685 0.0574116 22.4237 -1.63294 -1.5827 -1.41384 
686 2.5695 22.5878 -1.59324 -1.38109 -1.52604 
687 5.05774 22.5206 -1.64244 -1.35033 -1.37618 
688 7.37844 22.6052 -1.61532 -1.37257 -1.45071 
689 9.83902 22.6179 -1.55745 -1.40397 -1.45176 
690 12.4982 22.4187 -1.59452 -1.33142 -1.5376 
691 14.9353 22.4107 -1.51966 -1.33722 -1.46471 
692 17.507 22.3502 -1.69792 -1.38328 -1.3888 
693 19.8968 22.4512 -1.49609 -1.29351 -1.51397 
694 22.4245 22.415 -1.54367 -1.38138 -1.57762 
695 24.8613 22.4476 -1.50657 -1.4685 -1.45342 
696 27.4487 22.4297 -1.67981 -1.47323 -1.56247 
697 29.9601 24.8253 -1.41454 -1.44638 -1.51412 
698 2.52591 24.9371 -1.43309 -1.4137 -1.40765 
699 4.92939 25.0169 -1.54552 -1.3362 -1.3713 
700 7.36539 25.0127 -1.42476 -1.44271 -1.3617 
701 9.89098 25.0446 -1.50034 -1.6216 -1.58269 
702 12.2983 24.8443 -1.56684 -1.49822 -1.55539 
703 15.014 24.8806 -1.61873 -1.45183 -1.65664 
704 17.3634 25.0547 -1.47195 -1.37264 -1.359 
705 20.0834 24.9264 -1.57796 -1.50096 -1.46475 
706 22.4446 25.0417 -1.57225 -1.50449 -1.64904 
707 24.7787 24.8916 -1.50247 -1.62312 -1.70469 
708 27.4082 24.9635 -1.45778 -1.49895 -1.43711 
709 29.8458 27.4034 -1.49105 -1.37783 -1.44851 
710 2.37907 27.5784 -1.57431 -1.50384 -1.55191 
711 4.99083 27.5143 -1.36646 -1.30692 -1.42985 
712 7.45217 27.5811 -1.44374 -1.50492 -1.46484 
713 10.1216 27.5251 -1.53275 -1.54542 -1.44598 
714 12.5968 27.5005 -1.58614 -1.43577 -1.51777 
715 14.9457 27.3583 -1.52305 -1.50536 -1.62758 
716 17.594 27.5772 -1.50783 -1.35988 -1.42221 
717 19.9978 27.5079 -1.42943 -1.47476 -1.42188 
718 22.634 27.6144 -1.45865 -1.51559 -1.48476 
719 25.0199 27.4178 -1.40044 -1.42676 -1.49742 
720 27.3411 27.4812 -1.42732 -1.46063 -1.35741 
721 0.0721903 0.0476939 -1.3454 -1.47946 -1.4129 
722 2.55037 29.7799 -1.41521 -1.52776 -1.56232 
723 5.09241 0.108057 -1.55541 -1.5544 -1.56041 
724 7.57527 29.9269 -1.51872 -1.5306 -1.59044 
725 10.0342 0.0761966 -1.35607 -1.55552 -1.5316 
726 12.5332 0.0304277 -1.43738 -1.72967 -1.53905 
727 14.9778 29.9478 -1.39891 -1.47858 -1.36884 
728 17.5628 29.8779 -1.59291 -1.50234 -1.47235 
729 20.0362 29.9628 -1.58988 -1.56602 -1.43802 
730 22.6329 0.0898259 -1.57263 -1.58145 -1.47082 
731 25.0634 29.89 -1.50241 -1.57281 -1.53328 
732 27.6151 0.145839 -1.28535 -1.40867 -1.29874 
733 0.118404 2.41857 -1.50429 -1.5225 -1.52381 
734 2.57699 2.51037 -1.63398 -1.52478 -1.60566 
735 4.87472 2.45187 -1.73124 -1.5743 -1.5273 
736 7.54544 2.45689 -1.76909 -1.60349 -1.57938 
737 9.90587 2.36685 -1.63654 -1.62281 -1.52502 
738 12.3768 2.64761 -1.54308 -1.47969 -1.48383 
739 14.9132 2.40354 -1.61439 -1.52256 -1.31896 
740 17.497 2.40074 -1.6893 -1.41694 -1.40268 
741 20.1258 2.53268 -1.64311 -1.49655 -1.45322 
742 22.4284 2.45357 -1.71499 -1.61664 -1.60949 
743 25.0792 2.49376 -1.69174 -1.63611 -1.59086 
744 27.6667 2.67322 -1.46501 -1.42234 -1.5097 
745 29.9148 5.20723 -1.43259 -1.42369 -1.51256 
746 2.46547 5.01733 -1.65992 -1.56817 -1.52814 
747 4.88644 4.95525 -1.57439 -1.42146 -1.48431 
748 7.42794 5.01968 -1.6557 -1.53023 -1.49919 
749 9.9198 4.92879 -1.62846 -1.57521 -1.51885 
750 12.5025 4.957 -1.53939 -1.57853 -1.46181 
751 15.0533 4.9673 -1.65444 -1.52187 -1.58683 
752 17.5859 4.93166 -1.48298 -1.46538 -1.49918 
753 20.0113 5.00451 -1.4916 -1.39569 -1.36731 
754 22.4971 5.14291 -1.60727 -1.5271 -1.73164 
755 25.2156 5.19837 -1.52184 -1.592 -1.46157 
756 27.3789 5.07661 -1.69156 -1.68675 -1.78845 
757 29.8669 7.55103 -1.5495 -1.41065 -1.39237 
758 2.45526 7.64179 -1.38343 -1.41699 -1.48556 
759 5.08701 7.44863 -1.70469 -1.52687 -1.52753 
760 7.47326 7.43945 -1.63325 -1.58137 -1.46606 
761 10.0118 7.55812 -1.63972 -1.62397 -1.6355 
762 12.46 7.5308 -1.63834 -1.60928 -1.40398 
763 14.9769 7.48266 -1.56499 -1.60097 -1.46359 
764 17.4563 7.5719 -1.61471 -1.51696 -1.46431 
765 19.9031 7.44882 -1.53932 -1.46391 -1.33539 
766 22.3693 7.51104 -1.41613 -1.47916 -1.39232 
767 24.9022 7.61279 -1.63686 -1.57471 -1.57765 
768 27.4922 7.64793 -1.52105 -1.55334 -1.41958 
769 29.9664 10.0888 -1.41479 -1.49449 -1.46486 
770 2.54903 10.2477 -1.43897 -1.48093 -1.40316 
771 5.05589 9.99611 -1.60513 -1.51082 -1.48063 
772 7.44019 10.0985 -1.7024 -1.43851 -1.37169 
773 9.98843 9.84803 -1.51198 -1.638 -1.45351 
774 12.5849 10.1739 -1.52636 -1.46571 -1.44148 
775 15.0119 9.94219 -1.4387 -1.69 -1.53931 
776 17.5085 10.1113 -1.44795 -1.40335 -1.49114 
777 20.0364 9.96991 -1.56905 -1.36478 -1.32746 
778 22.4424 10.019 -1.60524 -1.58619 -1.61547 
779 24.9071 10.0602 -1.68881 -1.61676 -1.50055 
780 27.4407 9.94854 -1.57863 -1.52363 -1.52785 
781 29.9285 12.6729 -1.73155 -1.56121 -1.66597 
782 2.53332 12.6255 -1.63604 -1.57139 -1.51917 
783 4.95124 12.5566 -1.69959 -1.5643 -1.36115 
784 7.5071 12.4983 -1.7167 -1.68877 -1.67272 
785 9.92219 12.4801 -1.66788 -1.61549 -1.61886 
786 12.3497 12.61 -1.56011 -1.64613 -1.57192 
787 14.9679 12.4399 -1.74527 -1.65293 -1.5035 
788 17.6531 12.5867 -1.66292 -1.67717 -1.62169 
789 20.0249 12.5226 -1.7234 -1.44552 -1.40901 
790 22.3511 12.4443 -1.77045 -1.58091 -1.65001 
791 24.78 12.483 -1.62428 -1.68616 -1.70739 
792 27.4161 12.4167 -1.62626 -1.61579 -1.63331 
793 0.0432343 15.0771 -1.46578 -1.51694 -1.33341 
794 2.45338 14.9855 -1.72592 -1.59504 -1.52524 
795 4.95672 15.2172 -1.82874 -1.59626 -1.74786 
796 7.39914 15.026 -1.7161 -1.64823 -1.58209 
797 9.97625 14.9064 -1.55027 -1.51908 -1.47281 
798 12.4136 15.0988 -1.4843 -1.65241 -1.42262 
799 14.9214 15.0995 -1.47707 -1.55406 -1.62518 
800 17.5257 15.0526 -1.70865 -1.6622 -1.6085 
801 20.116 15.0049 -1.61774 -1.61283 -1.45128 
802 22.5598 15.0404 -1.56261 -1.66025 -1.59445 
803 24.9515 15.044 -1.67528 -1.78806 -1.78731 
804 27.4427 15.0975 -1.51913 -1.64204 -1.48682 
805 0.0867322 17.4154 -1.67407 -1.57143 -1.3702 
806 2.59173 17.5478 -1.64318 -1.44736 -1.4001 
807 5.13918 17.5847 -1.68848 -1.70012 -1.6458 
808 7.48308 17.5125 -1.73291 -1.6532 -1.56642 
809 9.96436 17.4415 -1.69921 -1.53802 -1.47592 
810 12.3799 17.6155 -1.64365 -1.66799 -1.44338 
811 14.8934 17.517 -1.59671 -1.49619 -1.40368 
812 17.5002 17.4412 -1.65022 -1.58781 -1.60446 
813 19.9412 17.4031 -1.64906 -1.62062 -1.48315 
814 22.6413 17.6562 -1.60062 -1.51742 -1.56564 
815 24.9309 17.5372 -1.66806 -1.69558 -1.5752 
816 27.5317 17.5989 -1.54412 -1.54266 -1.50386 
817 0.0614204 19.9911 -1.42264 -1.54185 -1.41409 
818 2.57837 20.0419 -1.43842 -1.45196 -1.3848 
819 5.07271 20.0707 -1.44047 -1.51642 -1.35849 
820 7.56006 20.0586 -1.64816 -1.59785 -1.54305 
821 10.0198 20.0804 -1.47028 -1.55798 -1.4534 
822 12.5692 20.0728 -1.46956 -1.50867 -1.33248 
823 14.9832 20.0063 -1.5396 -1.56934 -1.46682 
824 17.5822 19.9585 -1.61399 -1.51472 -1.52301 
825 19.8543 19.9146 -1.64585 -1.38307 -1.38832 
826 22.4395 20.0548 -1.5948 -1.53509 -1.68844 
827 25.0303 20.1223 -1.50694 -1.48229 -1.38755 
828 27.5648 19.8982 -1.47086 -1.4664 -1.4422 
829 0.0553539 22.6076 -1.51459 -1.40569 -1.4701 
830 2.53088 22.5963 -1.46194 -1.38206 -1.39695 
831 5.05617 22.5775 -1.62546 -1.44674 -1.44324 
832 7.39214 22.5808 -1.45109 -1.41314 -1.41416 
833 10.1151 22.4776 -1.53793 -1.6624 -1.50136 
834 12.384 22.5563 -1.54522 -1.61968 -1.41809 
835 15.0259 22.4493 -1.50254 -1.5818 -1.4002 
836 17.5208 22.4458 -1.60505 -1.47199 -1.49932 
837 19.8372 22.4726 -1.66935 -1.47256 -1.44509 
838 22.2856 22.5209 -1.44539 -1.57318 -1.58498 
839 24.9062 22.3093 -1.44457 -1.57507 -1.54669 
840 27.62 22.3426 -1.56927 -1.4421 -1.52611 
841 0.023539 24.9558 -1.34704 -1.48968 -1.36133 
842 2.4413 25.1144 -1.41204 -1.3608 -1.40644 
843 4.99467 25.0034 -1.36818 -1.39757 -1.2738 
844 7.63923 24.9881 -1.51371 -1.553 -1.50505 
845 9.92934 24.8634 -1.33099 -1.52435 -1.37429 
846 12.3351 25.0257 -1.43862 -1.53928 -1.45025 
847 14.9547 24.9333 -1.42934 -1.59683 -1.34817 
848 17.5605 25.0202 -1.3756 -1.49958 -1.34087 
849 20.0505 25.0571 -1.38736 -1.44099 -1.45558 
850 22.475 24.9342 -1.5072 -1.43286 -1.59162 
851 24.8434 24.8591 -1.47087 -1.52641 -1.58933 
852 27.5593 24.943 -1.40237 -1.45431 -1.37198 
853 0.176697 27.6332 -1.58634 -1.46706 -1.39091 
854 2.65295 27.463 -1.47138 -1.60745 -1.49184 
855 5.09182 27.4577 -1.5539 -1.51171 -1.35374 
856 7.47789 27.4819 -1.51927 -1.6218 -1.62531 
857 9.93688 27.4159 -1.54186 -1.56093 -1.62385 
858 12.6508 27.3983 -1.60457 -1.77225 -1.59625 
859 14.8877 27.3714 -1.58736 -1.65642 -1.53599 
860 17.4471 27.4502 -1.63217 -1.55069 -1.6155 
861 20.1162 27.4801 -1.44402 -1.46563 -1.25744 
862 22.5817 27.5034 -1.58032 -1.70376 -1.66933 
863 25.0669 27.3751 -1.60047 -1.57116 -1.52008 
864 27.3729 27.5371 -1.59846 -1.49913 -1.50883 
865 0.0600548 29.8955 -1.35675 -1.50319 -1.51939 
866 2.40878 29.9546 -1.37496 -1.56352 -1.39024 
867 5.00475 29.9108 -1.59449 -1.61074 -1.46987 
868 7.60197 0.0792567 -1.65554 -1.5522 -1.54779 
869 9.94315 29.9141 -1.51138 -1.59659 -1.58209 
870 12.4581 0.0392871 -1.4403 -1.51279 -1.45589 
871 15.0975 29.9105 -1.58574 -1.59634 -1.45569 
872 17.5725 0.0441162 -1.49625 -1.44124 -1.3817 
873 20.0549 0.172645 -1.64757 -1.69785 -1.43457 
874 22.6232 29.887 -1.54281 -1.62666 -1.51655 
875 25.1235 0.0772775 -1.57981 -1.72349 -1.50388 
876 27.4741 0.0804234 -1.34129 -1.60769 -1.51214 
877 0.0433522 2.46893 -1.58846 -1.48285 -1.48448 
878 2.70482 2.52291 -1.63867 -1.55962 -1.61834 
879 5.04005 2.51728 -1.82842 -1.58447 -1.41514 
880 7.35147 2.6403 -1.75177 -1.46965 -1.39217 
881 10.0367 2.52716 -1.64263 -1.49774 -1.51996 
882 12.5314 2.48503 -1.59753 -1.56797 -1.41165 
883 14.9713 2.56483 -1.5814 -1.51388 -1.40884 
884 17.531 2.54228 -1.6656 -1.51832 -1.44317 
885 20.1732 2.50923 -1.84682 -1.61244 -1.48236 
886 22.6663 2.64391 -1.66009 -1.79234 -1.54732 
887 25.2017 2.66114 -1.57639 -1.51203 -1.42536 
888 27.5876 2.56656 -1.71957 -1.62567 -1.53692 
889 0.0396634 5.05762 -1.66644 -1.52409 -1.57811 
890 2.54108 5.0814 -1.64034 -1.53008 -1.53543 
891 4.85169 5.07058 -1.88427 -1.60419 -1.65263 
892 7.38285 5.02582 -1.66708 -1.45392 -1.39575 
893 9.97519 4.86139 -1.59664 -1.59737 -1.52209 
894 12.5387 5.05764 -1.50811 -1.6004 -1.4493 
895 15.1017 4.95362 -1.62937 -1.55694 -1.50324 
896 17.5032 5.02205 -1.77062 -1.58909 -1.51308 
897 20.0159 5.01996 -1.65497 -1.56218 -1.46538 
898 22.6427 5.18066 -1.62041 -1.61997 -1.53592 
899 25.0253 5.16329 -1.54029 -1.45962 -1.42882 
900 27.5868 5.07581 -1.54995 -1.44323 -1.5282 
901 0.0370213 7.61338 -1.61861 -1.55903 -1.40592 
902 2.47541 7.61228 -1.68642 -1.59019 -1.59248 
903 4.93293 7.48635 -1.61467 -1.50198 -1.57709 
904 7.47568 7.45962 -1.67256 -1.47995 -1.59277 
905 10.08 7.32215 -1.61206 -1.53555 -1.51059 
906 12.4639 7.54612 -1.84695 -1.62704 -1.59574 
907 15.0687 7.45157 -1.58143 -1.57785 -1.41468 
908 17.6092 7.48325 -1.69566 -1.55508 -1.48518 
909 19.9111 7.55611 -1.50914 -1.45919 -1.37391 
910 22.566 7.52107 -1.554 -1.44284 -1.4001 
911 25.0434 7.58329 -1.66621 -1.5573 -1.46406 
912 27.5074 7.62231 -1.50588 -1.48656 -1.48865 
913 0.0445294 10.082 -1.57639 -1.55944 -1.53083 
914 2.57668 10.2166 -1.47326 -1.58894 -1.47496 
915 5.07468 10.05 -1.4582 -1.44108 -1.26492 
916 7.62962 9.98948 -1.44904 -1.38522 -1.38077 
917 10.1106 9.72674 -1.69942 -1.57908 -1.5888 
918 12.6549 10.0619 -1.47716 -1.63895 -1.51016 
919 14.9756 9.94816 -1.72177 -1.76293 -1.50713 
920 17.5124 9.98467 -1.52936 -1.58374 -1.48061 
921 20.0205 10.046 -1.64723 -1.36705 -1.47984 
922 22.3746 9.94659 -1.50396 -1.48754 -1.57911 
923 24.8816 10.0573 -1.43781 -1.57039 -1.49302 
924 27.3943 10.0928 -1.56627 -1.57004 -1.49065 
925 29.9067 12.5883 -1.55733 -1.5146 -1.40395 
926 2.4228 12.5829 -1.70284 -1.63943 -1.47726 
927 5.03332 12.4865 -1.51593 -1.47163 -1.4672 
928 7.48009 12.4978 -1.68263 -1.48803 -1.53941 
929 10.2545 12.3218 -1.52954 -1.67018 -1.53902 
930 12.6407 12.5331 -1.6105 -1.61947 -1.60253 
931 15.0729 12.4551 -1.61139 -1.48315 -1.53127 
932 17.5052 12.4933 -1.7308 -1.65891 -1.65945 
933 19.9754 12.519 -1.5234 -1.413 -1.35621 
934 22.493 12.5674 -1.46714 -1.6192 -1.49895 
935 24.9554 12.6178 -1.39913 -1.75427 -1.56644 
936 27.4026 12.3143 -1.44595 -1.58395 -1.57298 
937 29.905 14.9306 -1.71756 -1.58594 -1.53759 
938 2.39749 15.1258 -1.65138 -1.75062 -1.42125 
939 5.03081 15.1475 -1.71067 -1.69839 -1.7156 
940 7.61373 14.8001 -1.6523 -1.62438 -1.59814 
941 10.1018 14.9684 -1.47757 -1.6278 -1.40295 
942 12.5476 15.0676 -1.41798 -1.63051 -1.51514 
943 15.16 14.9771 -1.62921 -1.60352 -1.57317 
944 17.4914 15.1459 -1.49525 -1.68384 -1.64539 
945 20.0713 15.0096 -1.43165 -1.54478 -1.48135 
946 22.5932 15.1207 -1.48637 -1.63598 -1.55922 
947 24.9187 15.083 -1.49785 -1.79743 -1.70853 
948 27.2703 15.1038 -1.48686 -1.56034 -1.53772 
949 0.0930153 17.6075 -1.66722 -1.62852 -1.41056 
950 2.57361 17.41 -1.94453 -1.8467 -1.53535 
951 5.13168 17.5027 -1.96643 -1.82912 -1.57686 
952 7.57332 17.626 -1.87609 -1.53414 -1.40027 
953 10.0209 17.4679 -1.74498 -1.64786 -1.45999 
954 12.5586 17.4264 -1.59043 -1.55929 -1.36892 
955 14.9321 17.4642 -1.64712 -1.5954 -1.46448 
956 17.5372 17.563 -1.8176 -1.65585 -1.60292 
957 19.9644 17.6584 -1.82432 -1.57144 -1.63262 
958 22.3971 17.5637 -1.74531 -1.66721 -1.55782 
959 24.877 17.5014 -1.39145 -1.62187 -1.49072 
960 27.5848 17.5606 -1.72849 -1.61168 -1.46864 
961 0.0907192 20.0178 -1.48546 -1.62655 -1.41511 
962 2.62001 20.1285 -1.51052 -1.64038 -1.44528 
963 5.09332 19.9677 -1.47112 -1.77575 -1.46605 
964 7.49473 19.9217 -1.54314 -1.44267 -1.44622 
965 9.97307 20.0657 -1.5607 -1.54989 -1.54586 
966 12.4179 19.9495 -1.43898 -1.64121 -1.46536 
967 14.9097 20.0167 -1.3988 -1.43654 -1.41991 
968 17.5061 20.0812 -1.40263 -1.50737 -1.42373 
969 19.9402 20.1208 -1.67781 -1.53084 -1.51362 
970 22.3928 20.0133 -1.47918 -1.56749 -1.56389 
971 24.992 20.0417 -1.43377 -1.50205 -1.45533 
972 27.48 20.1085 -1.39884 -1.64971 -1.47583 
973 0.0811727 22.5727 -1.52196 -1.62664 -1.33318 
974 2.47515 22.5611 -1.6627 -1.62176 -1.41413 
975 4.9789 22.4393 -1.54656 -1.59342 -1.43636 
976 7.57953 22.5144 -1.50362 -1.35865 -1.30628 
977 10.0314 22.4631 -1.53325 -1.54514 -1.39621 
978 12.4633 22.4606 -1.39569 -1.41724 -1.31219 
979 15.0156 22.5046 -1.39974 -1.58312 -1.44775 
980 17.474 22.5492 -1.60519 -1.59035 -1.50224 
981 19.8811 22.506 -1.55903 -1.43868 -1.46544 
982 22.4528 22.519 -1.43902 -1.40155 -1.46697 
983 24.9097 22.5735 -1.33386 -1.56607 -1.45373 
984 27.4009 22.4546 -1.56968 -1.54663 -1.47908 
985 29.9195 24.9241 -1.65893 -1.57746 -1.53039 
986 2.45206 25.035 -1.54091 -1.62397 -1.44783 
987 5.05228 25.0602 -1.48352 -1.61984 -1.34258 
988 7.50624 24.9981 -1.42242 -1.43594 -1.35495 
989 10.0782 24.9321 -1.38988 -1.50995 -1.38491 
990 12.5631 24.9265 -1.40984 -1.70449 -1.36163 
991 14.922 25.0473 -1.53008 -1.68439 -1.37808 
992 17.3501 25.0485 -1.48923 -1.58795 -1.38427 
993 19.9877 25.0888 -1.50419 -1.57267 -1.35793 
994 22.5021 25.1431 -1.56236 -1.56962 -1.62213 
995 25.0018 24.8805 -1.55861 -1.70026 -1.62499 
996 27.4586 24.8911 -1.37732 -1.58561 -1.39117 
997 0.0403331 27.6093 -1.39681 -1.54796 -1.38928 
998 2.42165 27.3583 -1.50623 -1.64944 -1.41782 
999 5.0896 27.5689 -1.43526 -1.54409 -1.46564 
1000 7.66316 27.4802 -1.47971 -1.39423 -1.55088 
1001 10.023 27.4891 -1.50376 -1.72258 -1.56902 
1002 12.5031 27.5056 -1.42452 -1.47896 -1.54148 
1003 14.9838 27.4544 -1.58099 -1.52719 -1.55683 
1004 17.6142 27.5884 -1.44132 -1.53274 -1.47985 
1005 19.9101 27.5081 -1.52163 -1.61085 -1.4122 
1006 22.4901 27.4518 -1.40705 -1.71335 -1.46355 
1007 24.9418 27.3869 -1.35265 -1.60265 -1.45854 
1008 27.4208 27.507 -1.46618 -1.57093 -1.38527 
1009 29.924 0.0360326 -1.44175 -1.50905 -1.52019 
1010 2.52659 0.112528 -1.359 -1.47848 -1.46838 
1011 5.07055 0.0702634 -1.417 -1.47227 -1.41884 
1012 7.50385 0.10954 -1.55873 -1.4959 -1.38597 
1013 10.0117 29.964 -1.45884 -1.70224 -1.45813 
1014 12.4981 0.18161 -1.32676 -1.4986 -1.36498 
1015 14.9001 0.174344 -1.42585 -1.49573 -1.52969 
1016 17.4944 29.863 -1.57941 -1.54762 -1.37258 
1017 20.0691 29.9453 -1.46456 -1.42653 -1.41631 
1018 22.5603 0.0684465 -1.40671 -1.49154 -1.38684 
1019 24.9288 0.0458692 -1.32933 -1.44089 -1.30564 
1020 27.4332 29.9519 -1.46719 -1.51033 -1.52918 
1021 0.0775469 2.52867 -1.44368 -1.4073 -1.50605 
1022 2.48942 2.51042 -1.52261 -1.58312 -1.54532 
1023 4.92095 2.51668 -1.57248 -1.41966 -1.32634 
1024 7.4872 2.57877 -1.77421 -1.46842 -1.32671 
1025 9.94388 2.44538 -1.69009 -1.58045 -1.67843 
1026 12.4296 2.65512 -1.55425 -1.56803 -1.44153 
1027 15.0626 2.52326 -1.46394 -1.45189 -1.43665 
1028 17.4534 2.36199 -1.51937 -1.39001 -1.48 
1029 20.0489 2.44541 -1.67555 -1.4658 -1.47734 
1030 22.4542 2.54779 -1.6001 -1.46098 -1.47002 
1031 25.073 2.47719 -1.51028 -1.47306 -1.40672 
1032 27.5048 2.45401 -1.47054 -1.47076 -1.52144 
1033 0.12615 4.9596 -1.45108 -1.65222 -1.52976 
1034 2.41934 4.94562 -1.5073 -1.53375 -1.58084 
1035 5.04764 4.97741 -1.52605 -1.44526 -1.41287 
1036 7.45362 5.03458 -1.45984 -1.42857 -1.25203 
1037 9.99508 4.83302 -1.45087 -1.55883 -1.47751 
1038 12.6228 5.03631 -1.65418 -1.59708 -1.44618 
1039 15.1671 5.00455 -1.63613 -1.54476 -1.49273 
1040 17.5572 4.92516 -1.58809 -1.43776 -1.54702 
1041 19.9915 5.05225 -1.50324 -1.40172 -1.36688 
1042 22.4986 5.13179 -1.55165 -1.50447 -1.63939 
1043 24.9564 4.96297 -1.48434 -1.34685 -1.3581 
1044 27.5934 4.9266 -1.4739 -1.54918 -1.50456 
1045 0.0204835 7.55462 -1.65102 -1.66396 -1.53323 
1046 2.49869 7.5442 -1.65669 -1.5416 -1.53941 
1047 5.07199 7.29157 -1.55204 -1.54064 -1.56856 
1048 7.65909 7.30856 -1.56403 -1.48732 -1.49342 
1049 10.0029 7.42674 -1.54882 -1.56222 -1.39302 
1050 12.6695 7.50573 -1.64661 -1.69938 -1.51839 
1051 15.1325 7.39614 -1.75323 -1.6211 -1.52338 
1052 17.5886 7.49523 -1.56945 -1.63134 -1.53233 
1053 19.9884 7.59499 -1.70697 -1.40955 -1.48455 
1054 22.5273 7.59504 -1.45419 -1.39289 -1.31997 
1055 25.0592 7.47383 -1.54697 -1.49381 -1.52735 
1056 27.5536 7.54849 -1.64825 -1.58401 -1.58859 
1057 29.9132 10.197 -1.54848 -1.61415 -1.56475 
1058 2.48322 9.89442 -1.57454 -1.61212 -1.57814 
1059 4.89211 10.0272 -1.57203 -1.60196 -1.52296 
1060 7.59632 9.85561 -1.68933 -1.46284 -1.38551 
1061 9.9996 9.77575 -1.62731 -1.78111 -1.61337 
1062 12.5884 9.94475 -1.5913 -1.70547 -1.59158 
1063 15.1009 9.9066 -1.42313 -1.50574 -1.38168 
1064 17.576 10.0221 -1.71926 -1.58619 -1.60009 
1065 20.0179 10.002 -1.64293 -1.54438 -1.40232 
1066 22.4908 10.0996 -1.70238 -1.50666 -1.6375 
1067 25.0466 10.0179 -1.48895 -1.52203 -1.48231 
1068 27.404 10.0629 -1.6394 -1.59036 -1.42577 
1069 29.8749 12.4401 -1.68719 -1.52271 -1.52822 
1070 2.37817 12.48 -1.6345 -1.59059 -1.49415 
1071 5.00543 12.497 -1.54534 -1.47495 -1.40235 
1072 7.55293 12.4199 -1.42114 -1.50729 -1.43022 
1073 10.0008 12.4322 -1.5294 -1.59199 -1.62379 
1074 12.5709 12.4757 -1.62177 -1.67234 -1.55529 
1075 15.036 12.5079 -1.61978 -1.56909 -1.63173 
1076 17.4189 12.4956 -1.51972 -1.5005 -1.49999 
1077 20.0262 12.5526 -1.60767 -1.4427 -1.53874 
1078 22.6328 12.4382 -1.45148 -1.55017 -1.4948 
1079 24.8738 12.5771 -1.45464 -1.70063 -1.5083 
1080 27.4138 12.5785 -1.56104 -1.44671 -1.36311 
1081 29.9865 14.9603 -1.53485 -1.48613 -1.4313 
1082 2.58318 15.0644 -1.62707 -1.66703 -1.47209 
1083 5.07587 14.9445 -1.60806 -1.51628 -1.54842 
1084 7.61269 14.9756 -1.5159 -1.43085 -1.29914 
1085 9.98072 14.8497 -1.3447 -1.39772 -1.39953 
1086 12.478 14.7492 -1.4331 -1.68358 -1.4808 
1087 15.0755 14.8386 -1.5105 -1.51514 -1.58917 
1088 17.4775 14.9566 -1.42167 -1.44751 -1.38251 
1089 19.9711 15.016 -1.51512 -1.46884 -1.47126 
1090 22.4494 15.0089 -1.43814 -1.63567 -1.47585 
1091 25.0283 15.0011 -1.45207 -1.66227 -1.45973 
1092 27.4542 15.0265 -1.47196 -1.60154 -1.50815 
1093 0.0256362 17.4002 -1.8054 -1.7115 -1.59844 
1094 2.39364 17.6038 -1.72177 -1.55752 -1.47653 
1095 5.12696 17.3938 -1.77178 -1.62311 -1.50925 
1096 7.60332 17.4308 -1.8012 -1.41171 -1.44953 
1097 10.23 17.4096 -1.69195 -1.44937 -1.41969 
1098 12.7006 17.4195 -1.65021 -1.58069 -1.44565 
1099 15.1135 17.3322 -1.606 -1.54132 -1.55039 
1100 17.4622 17.5252 -1.65944 -1.56661 -1.50691 
1101 19.9478 17.607 -1.85267 -1.49793 -1.6477 
1102 22.4679 17.4093 -1.84317 -1.5734 -1.65138 
1103 24.9403 17.3625 -1.70805 -1.71506 -1.57211 
1104 27.4134 17.445 -1.68252 -1.65606 -1.51201 
1105 0.0567033 20.0508 -1.58696 -1.75551 -1.41467 
1106 2.58541 20.0519 -1.59006 -1.5813 -1.50537 
1107 5.09101 19.9742 -1.57556 -1.54831 -1.48948 
1108 7.54368 19.9219 -1.42913 -1.35225 -1.44111 
1109 10.0342 20.0113 -1.43283 -1.38957 -1.51143 
1110 12.6723 20.0883 -1.48905 -1.47669 -1.40115 
1111 15.0757 20.0026 -1.51748 -1.44803 -1.39693 
1112 17.463 20.1067 -1.59756 -1.44664 -1.45798 
1113 19.9341 20.1293 -1.6396 -1.48103 -1.47956 
1114 22.4168 19.9875 -1.56995 -1.4846 -1.44495 
1115 24.9844 19.9795 -1.59627 -1.45239 -1.4919 
1116 27.5219 19.9101 -1.59497 -1.73053 -1.53277 
1117 29.97 22.521 -1.54503 -1.49711 -1.46217 
1118 2.55968 22.4408 -1.62186 -1.48923 -1.47672 
1119 5.0892 22.3697 -1.50962 -1.53956 -1.4578 
1120 7.39112 22.3719 -1.39768 -1.42711 -1.37998 
1121 10.0514 22.4711 -1.45375 -1.34681 -1.36275 
1122 12.5736 22.4889 -1.51078 -1.52636 -1.49539 
1123 15.006 22.5376 -1.60496 -1.42037 -1.5247 
1124 17.4719 22.6397 -1.43207 -1.49316 -1.4147 
1125 19.9131 22.5914 -1.44536 -1.39931 -1.50961 
1126 22.4957 22.5445 -1.45429 -1.42047 -1.62717 
1127 25.0269 22.3549 -1.47858 -1.51318 -1.48793 
1128 27.3303 22.5442 -1.55316 -1.62979 -1.51111 
1129 0.0139605 24.9362 -1.48295 -1.5457 -1.42837 
1130 2.4404 24.9272 -1.47465 -1.41611 -1.37361 
1131 4.88259 25.015 -1.35724 -1.43255 -1.36114 
1132 7.55717 24.8856 -1.38391 -1.30641 -1.35973 
1133 9.95848 24.9957 -1.37993 -1.55111 -1.54033 
1134 12.4715 24.7931 -1.34073 -1.56871 -1.41451 
1135 14.8941 24.9951 -1.29839 -1.43874 -1.37658 
1136 17.4801 25.1134 -1.38923 -1.47876 -1.3584 
1137 20.0583 24.9907 -1.47905 -1.4186 -1.46677 
1138 22.5999 24.9729 -1.38913 -1.40982 -1.58309 
1139 24.9475 25.1384 -1.42182 -1.54649 -1.50357 
1140 27.4656 24.8714 -1.33137 -1.37095 -1.28763 
1141 0.0629758 27.4858 -1.60767 -1.44672 -1.4318 
1142 2.43411 27.4621 -1.64068 -1.56113 -1.63118 
1143 5.05636 27.5613 -1.53519 -1.41182 -1.52869 
1144 7.52422 27.5754 -1.48477 -1.49748 -1.50083 
1145 10.1247 27.5537 -1.46154 -1.68015 -1.57537 
1146 12.5398 27.6549 -1.56134 -1.47207 -1.58964 
1147 15.0626 27.4297 -1.4121 -1.40585 -1.4195 
1148 17.5436 27.5935 -1.58698 -1.47296 -1.63055 
1149 20.0647 27.5073 -1.50379 -1.49115 -1.36252 
1150 22.5192 27.4482 -1.46592 -1.49224 -1.64625 
1151 24.9697 27.4443 -1.47854 -1.41586 -1.50773 
1152 27.4619 27.4876 -1.54056 -1.54336 -1.60384 
1153 0.0307735 29.9269 -1.51954 -1.54417 -1.51206 
1154 2.63686 29.9017 -1.54632 -1.4754 -1.57936 
1155 4.98355 0.0979902 -1.60077 -1.42403 -1.45899 
1156 7.64602 0.0593254 -1.48223 -1.39496 -1.37614 
1157 10.0224 0.10908 -1.54011 -1.50807 -1.54068 
1158 12.5589 0.0665442 -1.39347 -1.53777 -1.43055 
1159 15.036 29.8786 -1.46774 -1.57336 -1.51006 
1160 17.7172 0.046749 -1.5306 -1.46226 -1.44122 
1161 19.9338 29.9647 -1.46891 -1.43056 -1.35502 
1162 22.476 0.0938291 -1.56588 -1.39957 -1.48875 
1163 24.9596 29.9133 -1.46279 -1.44755 -1.49544 
1164 27.5046 29.9562 -1.33175 -1.5209 -1.54263 
1165 0.0178202 2.43748 -1.61019 -1.69135 -1.49546 
1166 2.4948 2.55094 -1.54535 -1.4954 -1.46199 
1167 4.98998 2.45859 -1.63445 -1.33045 -1.34919 
1168 7.58006 2.67923 -1.53557 -1.38501 -1.32986 
1169 9.95226 2.65849 -1.66103 -1.53027 -1.47857 
1170 12.5946 2.68697 -1.63552 -1.57231 -1.51755 
1171 15.0762 2.48638 -1.6866 -1.74987 -1.52244 
1172 17.6547 2.42258 -1.67031 -1.5562 -1.50179 
1173 19.9855 2.46184 -1.6674 -1.49791 -1.4473 
1174 22.5921 2.54119 -1.65175 -1.47772 -1.58661 
1175 25.102 2.51289 -1.57845 -1.48935 -1.47019 
1176 27.595 2.45865 -1.49488 -1.66568 -1.46907 
1177 0.0978384 5.01464 -1.54317 -1.73562 -1.47096 
1178 2.52172 5.01163 -1.40813 -1.47237 -1.46653 
1179 5.11696 4.99679 -1.49832 -1.38238 -1.40119 
1180 7.44722 5.08124 -1.57445 -1.36036 -1.2696 
1181 10.141 5.08002 -1.54596 -1.47597 -1.48475 
1182 12.5153 5.15082 -1.58935 -1.65578 -1.54144 
1183 15.1018 4.94456 -1.62196 -1.7291 -1.52282 
1184 17.5814 5.01478 -1.54883 -1.63155 -1.47986 
1185 20.0875 4.97665 -1.50467 -1.46615 -1.28836 
1186 22.5795 5.09137 -1.53081 -1.53912 -1.4025 
1187 25.0091 5.01359 -1.62193 -1.65407 -1.54416 
1188 27.6308 4.92318 -1.66869 -1.73808 -1.53757 
1189 29.9122 7.55607 -1.73705 -1.77514 -1.5595 
1190 2.5044 7.51778 -1.63142 -1.50834 -1.50776 
1191 5.02503 7.53423 -1.58475 -1.35128 -1.47324 
1192 7.56707 7.57821 -1.52513 -1.38722 -1.47299 
1193 10.1074 7.52213 -1.57431 -1.54734 -1.41949 
1194 12.6342 7.47263 -1.60834 -1.61459 -1.67444 
1195 15.2948 7.55383 -1.54201 -1.60758 -1.47285 
1196 17.6273 7.52702 -1.5942 -1.59626 -1.50909 
1197 19.8838 7.61057 -1.63782 -1.41402 -1.52941 
1198 22.4322 7.56634 -1.72172 -1.52495 -1.49603 
1199 24.9242 7.52293 -1.51822 -1.52753 -1.48133 
1200 27.4755 7.52214 -1.66819 -1.65964 -1.50289 
1201 29.8777 9.90402 -1.63989 -1.82525 -1.61424 
1202 2.43379 9.99945 -1.56912 -1.45873 -1.48937 
1203 5.16569 10.069 -1.64473 -1.38734 -1.5411 
1204 7.55276 10.0214 -1.54225 -1.43305 -1.50855 
1205 10.2345 10.0935 -1.47334 -1.45088 -1.368 
1206 12.6056 10.0823 -1.44807 -1.65574 -1.43788 
1207 15.0826 10.0402 -1.53959 -1.61372 -1.46178 
1208 17.5473 10.1012 -1.39914 -1.52329 -1.36823 
1209 19.9644 9.97039 -1.50011 -1.46021 -1.40154 
1210 22.3645 10.0343 -1.55751 -1.44278 -1.53154 
1211 24.9083 9.99832 -1.49105 -1.51866 -1.49698 
1212 27.4376 10.0279 -1.53961 -1.67849 -1.51262 
1213 29.8563 12.5226 -1.6327 -1.64768 -1.46063 
1214 2.3771 12.5609 -1.62143 -1.46154 -1.54287 
1215 5.02053 12.5255 -1.65899 -1.53584 -1.5602 
1216 7.48823 12.463 -1.49106 -1.51572 -1.47812 
1217 10.0135 12.4763 -1.55089 -1.4236 -1.40055 
1218 12.5922 12.4252 -1.61958 -1.44405 -1.55712 
1219 14.9397 12.4448 -1.5639 -1.63114 -1.49134 
1220 17.5843 12.4799 -1.61506 -1.6157 -1.46196 
1221 19.9652 12.3753 -1.6663 -1.56748 -1.49795 
1222 22.4054 12.5852 -1.60913 -1.59491 -1.48905 
1223 24.9893 12.4935 -1.58069 -1.57686 -1.49882 
1224 27.2901 12.5482 -1.72298 -1.67716 -1.51204 
1225 0.0737347 15.0491 -1.58194 -1.62924 -1.4801 
1226 2.54774 14.9894 -1.61187 -1.56585 -1.53032 
1227 4.98274 14.9977 -1.58788 -1.46518 -1.53891 
1228 7.54302 15.0176 -1.37094 -1.39452 -1.32819 
1229 9.96962 14.8934 -1.56883 -1.53512 -1.54308 
1230 12.5816 15.0198 -1.56561 -1.58798 -1.56898 
1231 15.0415 15.0015 -1.65806 -1.51385 -1.60017 
1232 17.4482 14.9898 -1.53991 -1.72262 -1.65871 
1233 19.9141 15.1879 -1.70429 -1.58118 -1.47589 
1234 22.4626 15.0577 -1.48844 -1.58581 -1.47878 
1235 24.9022 15.0282 -1.5249 -1.47692 -1.56719 
1236 27.4353 15.0441 -1.49946 -1.70367 -1.54605 
1237 29.8665 17.5699 -1.60507 -1.78409 -1.41277 
1238 2.49799 17.5917 -1.5228 -1.50648 -1.43748 
1239 5.06266 17.4542 -1.57238 -1.49191 -1.47233 
1240 7.57094 17.4434 -1.59186 -1.42557 -1.32282 
1241 10.1913 17.538 -1.5029 -1.50053 -1.40182 
1242 12.7281 17.4549 -1.65286 -1.50207 -1.4264 
1243 15.11 17.5836 -1.49709 -1.67305 -1.40578 
1244 17.5232 17.539 -1.6314 -1.56758 -1.38695 
1245 19.9924 17.4589 -1.60302 -1.3847 -1.465 
1246 22.3317 17.4301 -1.4732 -1.39906 -1.41734 
1247 24.8038 17.4383 -1.59776 -1.463 -1.48305 
1248 27.409 17.4928 -1.68452 -1.7329 -1.49895 
1249 29.9832 19.8858 -1.56103 -1.79909 -1.47519 
1250 2.5328 19.9221 -1.40271 -1.55689 -1.48561 
1251 5.2041 19.9844 -1.41971 -1.42668 -1.43787 
1252 7.6425 19.9481 -1.46028 -1.4659 -1.33517 
1253 10.0145 19.972 -1.55022 -1.6417 -1.46375 
1254 12.4937 20.039 -1.51127 -1.51066 -1.34726 
1255 14.959 20.0228 -1.56043 -1.65438 -1.42868 
1256 17.4102 20.0053 -1.56074 -1.6508 -1.45051 
1257 20.0032 20.0667 -1.54365 -1.46543 -1.40932 
1258 22.434 19.9764 -1.60011 -1.56356 -1.45943 
1259 24.6571 19.9359 -1.64962 -1.57774 -1.49111 
1260 27.252 19.8971 -1.54797 -1.74806 -1.49518 
1261 0.0470902 22.3042 -1.37963 -1.66939 -1.39279 
1262 2.55343 22.4776 -1.47821 -1.45917 -1.45813 
1263 4.97013 22.4491 -1.39001 -1.36192 -1.56148 
1264 7.48517 22.3604 -1.39142 -1.31761 -1.40728 
1265 10.069 22.5198 -1.54711 -1.67751 -1.71034 
1266 12.7033 22.4595 -1.53724 -1.57114 -1.53793 
1267 15.0629 22.4763 -1.49278 -1.59047 -1.45726 
1268 17.4451 22.5687 -1.46013 -1.50982 -1.48854 
1269 19.9737 22.6162 -1.55281 -1.391 -1.45348 
1270 22.4694 22.4926 -1.60107 -1.59577 -1.66528 
1271 25.0489 22.3932 -1.61246 -1.62686 -1.57292 
1272 27.554 22.3754 -1.5752 -1.75377 -1.70969 
1273 29.7883 24.9482 -1.566 -1.70562 -1.41062 
1274 2.61527 25.0088 -1.51768 -1.4969 -1.45791 
1275 5.04936 24.9218 -1.53182 -1.36089 -1.43856 
1276 7.59272 25.016 -1.43957 -1.43913 -1.57222 
1277 10.1122 25.0057 -1.30559 -1.42742 -1.43279 
1278 12.5397 25.0342 -1.39802 -1.54414 -1.39554 
1279 14.9511 24.8124 -1.54712 -1.63191 -1.46084 
1280 17.4789 24.9939 -1.4957 -1.66808 -1.58106 
1281 19.9963 24.9232 -1.44113 -1.31333 -1.40222 
1282 22.4634 24.8931 -1.41524 -1.38062 -1.44206 
1283 24.9652 25.0998 -1.37994 -1.45179 -1.56136 
1284 27.6716 24.7915 -1.54816 -1.62733 -1.52618 
1285 29.9552 27.4747 -1.58771 -1.66068 -1.50061 
1286 2.65407 27.4692 -1.59116 -1.43267 -1.54799 
1287 5.10561 27.5216 -1.61234 -1.33874 -1.58102 
1288 7.53477 27.4586 -1.59107 -1.48203 -1.51661 
1289 9.98826 27.664 -1.51316 -1.5628 -1.44394 
1290 12.6021 27.5475 -1.53372 -1.5646 -1.47245 
1291 15.0376 27.4296 -1.49886 -1.51563 -1.53582 
1292 17.5193 27.526 -1.56292 -1.55169 -1.45867 
1293 20.0802 27.4727 -1.49426 -1.33523 -1.3866 
1294 22.6647 27.5543 -1.51281 -1.31541 -1.48536 
1295 25.0245 27.4891 -1.58756 -1.4513 -1.55552 
1296 27.3693 27.4092 -1.55949 -1.49073 -1.57631 
1297 29.8586 29.8548 -1.53977 -1.47758 -1.47991 
1298 2.47769 29.7189 -1.4489 -1.38753 -1.45492 
1299 5.0238 0.0346906 -1.53072 -1.44133 -1.40721 
1300 7.55626 0.0443117 -1.6272 -1.50572 -1.50915 
1301 9.99586 29.9365 -1.54003 -1.52047 -1.56176 
1302 12.5385 29.9458 -1.57712 -1.67186 -1.42317 
1303 15.0208 0.0298999 -1.52948 -1.61301 -1.47215 
1304 17.4595 0.0710861 -1.5809 -1.45839 -1.49427 
1305 19.9897 0.1017 -1.57646 -1.36611 -1.40591 
1306 22.4372 29.8631 -1.44622 -1.42997 -1.37525 
1307 25.0353 0.113393 -1.47412 -1.44452 -1.50056 
1308 27.38 0.0972198 -1.62267 -1.63421 -1.65819 
1309 0.0385331 2.4202 -1.69672 -1.57633 -1.53316 
1310 2.40042 2.36363 -1.64808 -1.42718 -1.59397 
1311 5.00077 2.50924 -1.72788 -1.46987 -1.42571 
1312 7.4543 2.58643 -1.57856 -1.3774 -1.2832 
1313 9.94808 2.62703 -1.51953 -1.34457 -1.53082 
1314 12.4172 2.65327 -1.79271 -1.65847 -1.51377 
1315 14.9301 2.77601 -1.8363 -1.82215 -1.58804 
1316 17.4856 2.47273 -1.56194 -1.50752 -1.56072 
1317 20.0151 2.40439 -1.72159 -1.35957 -1.33099 
1318 22.5643 2.6625 -1.72008 -1.39661 -1.49602 
1319 24.9237 2.56673 -1.75456 -1.55071 -1.61611 
1320 27.5121 2.60064 -1.79823 -1.54422 -1.56937 
1321 0.125548 5.01045 -1.36813 -1.4036 -1.49979 
1322 2.47099 4.86054 -1.44158 -1.49495 -1.46387 
1323 4.97256 4.88729 -1.41601 -1.41221 -1.37464 
1324 7.50463 4.933 -1.61872 -1.39824 -1.37387 
1325 10.0886 5.18411 -1.4858 -1.54009 -1.48263 
1326 12.4868 5.06348 -1.58434 -1.65664 -1.51828 
1327 15.0453 5.09079 -1.47517 -1.81484 -1.52136 
1328 17.5258 4.98614 -1.54921 -1.46348 -1.45843 
1329 19.9959 5.08251 -1.47488 -1.31076 -1.37445 
1330 22.481 5.11377 -1.63017 -1.48091 -1.45768 
1331 25.0148 5.05517 -1.63495 -1.70244 -1.56202 
1332 27.6449 4.946 -1.57184 -1.53505 -1.42106 
1333 0.0200932 7.56442 -1.5817 -1.61072 -1.52845 
1334 2.64668 7.36179 -1.5605 -1.48909 -1.4891 
1335 5.04452 7.37257 -1.60142 -1.42291 -1.52704 
1336 7.4042 7.66742 -1.52398 -1.51107 -1.56615 
1337 9.92706 7.67884 -1.56944 -1.51307 -1.64995 
1338 12.5556 7.55672 -1.55733 -1.74902 -1.58145 
1339 15.3166 7.55284 -1.72538 -1.61019 -1.5104 
1340 17.6867 7.57554 -1.67402 -1.61637 -1.44277 
1341 19.9837 7.64702 -1.65079 -1.37763 -1.43947 
1342 22.6669 7.48141 -1.56993 -1.40478 -1.43908 
1343 25.015 7.53725 -1.76932 -1.76608 -1.649 
1344 27.5669 7.4926 -1.6113 -1.60039 -1.55536 
1345 29.9192 10.0303 -1.42955 -1.56505 -1.52693 
1346 2.48417 9.98804 -1.57174 -1.58715 -1.54684 
1347 4.97786 9.86101 -1.5179 -1.29461 -1.33383 
1348 7.48772 10.0625 -1.51418 -1.41056 -1.56015 
1349 9.87374 9.96011 -1.47008 -1.54473 -1.50377 
1350 12.555 9.97449 -1.37795 -1.52565 -1.43878 
1351 14.94 10.0894 -1.38832 -1.6221 -1.32451 
1352 17.5402 9.97455 -1.49386 -1.73708 -1.55073 
1353 20.1036 10.0488 -1.48717 -1.46524 -1.28171 
1354 22.4113 10.2081 -1.45685 -1.33945 -1.38426 
1355 24.9897 9.98711 -1.59243 -1.55782 -1.38168 
1356 27.38 9.99198 -1.71573 -1.61792 -1.69674 
1357 0.103588 12.4866 -1.56214 -1.50496 -1.52788 
1358 2.65385 12.5897 -1.48865 -1.59118 -1.5285 
1359 4.96983 12.4815 -1.432 -1.50191 -1.41081 
1360 7.54715 12.4748 -1.51987 -1.44776 -1.55533 
1361 9.83195 12.5377 -1.51773 -1.57374 -1.41546 
1362 12.251 12.5062 -1.61456 -1.53727 -1.48293 
1363 14.9145 12.4503 -1.57603 -1.52438 -1.50523 
1364 17.4106 12.3777 -1.67622 -1.7939 -1.5766 
1365 19.9031 12.4791 -1.5051 -1.46604 -1.46279 
1366 22.3673 12.3623 -1.58602 -1.40713 -1.50235 
1367 24.947 12.4548 -1.63499 -1.56084 -1.59804 
1368 27.4564 12.4356 -1.64509 -1.54884 -1.57159 
1369 0.0336411 15.088 -1.38947 -1.51433 -1.47713 
1370 2.60556 15.0222 -1.38368 -1.45423 -1.51106 
1371 5.03908 14.9231 -1.42152 -1.57229 -1.51375 
1372 7.56715 14.8749 -1.48782 -1.56555 -1.55177 
1373 9.99563 15.0482 -1.46749 -1.42929 -1.42434 
1374 12.4723 14.8712 -1.52603 -1.67163 -1.5089 
1375 14.9025 14.9472 -1.62539 -1.62426 -1.60936 
1376 17.5187 14.9427 -1.58889 -1.80136 -1.51301 
1377 20.0484 15.0721 -1.49109 -1.4184 -1.36763 
1378 22.4326 14.9676 -1.47531 -1.4182 -1.48652 
1379 24.9321 14.8771 -1.55517 -1.40359 -1.57141 
1380 27.5402 14.9433 -1.49556 -1.47217 -1.53713 
1381 29.9549 17.4271 -1.47482 -1.56364 -1.54475 
1382 2.44123 17.4366 -1.40946 -1.49268 -1.39677 
1383 5.13298 17.4709 -1.44728 -1.51174 -1.31794 
1384 7.64915 17.4673 -1.48251 -1.45149 -1.48196 
1385 10.0955 17.4254 -1.55004 -1.43056 -1.54335 
1386 12.5425 17.4533 -1.56196 -1.47902 -1.43372 
1387 14.949 17.3684 -1.48915 -1.56168 -1.47357 
1388 17.5898 17.4466 -1.69442 -1.62686 -1.45612 
1389 19.9336 17.4982 -1.65594 -1.47207 -1.49118 
1390 22.3866 17.3555 -1.63269 -1.43951 -1.38638 
1391 24.9634 17.4219 -1.65496 -1.48436 -1.60503 
1392 27.3596 17.4482 -1.6057 -1.46997 -1.55959 
1393 29.8296 19.888 -1.41941 -1.56295 -1.35254 
1394 2.34245 19.9513 -1.44238 -1.50492 -1.50003 
1395 4.96528 19.8916 -1.38445 -1.4398 -1.44747 
1396 7.54019 19.9834 -1.49406 -1.43141 -1.4067 
1397 9.84553 20.1222 -1.50325 -1.44029 -1.4721 
1398 12.384 19.9919 -1.58088 -1.54617 -1.39919 
1399 14.9408 19.923 -1.45154 -1.61615 -1.47312 
1400 17.4074 19.8985 -1.42772 -1.56055 -1.48929 
1401 19.9966 19.9922 -1.47778 -1.38693 -1.33998 
1402 22.4477 19.8963 -1.53785 -1.43965 -1.38517 
1403 24.9205 19.9476 -1.5564 -1.53152 -1.55188 
1404 27.4717 19.9995 -1.53753 -1.44496 -1.46366 
1405 0.0347285 22.2865 -1.52239 -1.49934 -1.45081 
1406 2.55559 22.3901 -1.56652 -1.51249 -1.47476 
1407 5.028 22.3982 -1.76008 -1.60947 -1.62375 
1408 7.53262 22.4496 -1.55558 -1.46357 -1.52389 
1409 10.103 22.5358 -1.59049 -1.48616 -1.54006 
1410 12.5107 22.4971 -1.47399 -1.63221 -1.3698 
1411 14.8529 22.509 -1.55974 -1.66904 -1.56186 
1412 17.4223 22.5457 -1.57595 -1.69965 -1.5647 
1413 19.8412 22.4305 -1.57544 -1.46763 -1.62416 
1414 22.4199 22.4171 -1.43701 -1.45139 -1.48138 
1415 25.0002 22.4402 -1.43327 -1.47878 -1.44085 
1416 27.5115 22.4493 -1.46988 -1.53859 -1.52929 
1417 0.060228 24.7752 -1.49705 -1.68613 -1.48035 
1418 2.54605 24.96 -1.51912 -1.47448 -1.50764 
1419 5.09124 24.9577 -1.53942 -1.49888 -1.33982 
1420 7.64555 25.0184 -1.50336 -1.60424 -1.53201 
1421 10.0988 25.1244 -1.53436 -1.43095 -1.47135 
1422 12.5825 25.0539 -1.55243 -1.65849 -1.51343 
1423 15.0656 24.8467 -1.5143 -1.82433 -1.64727 
1424 17.4589 24.9887 -1.51891 -1.62034 -1.43853 
1425 19.8838 24.9536 -1.38484 -1.34817 -1.32026 
1426 22.4384 25.006 -1.45835 -1.29534 -1.4305 
1427 24.9844 24.8297 -1.63269 -1.63708 -1.63203 
1428 27.4226 24.8275 -1.54298 -1.5302 -1.48657 
1429 29.8572 27.4373 -1.6182 -1.56812 -1.59016 
1430 2.45006 27.2931 -1.60354 -1.61145 -1.52715 
1431 5.0202 27.5147 -1.65468 -1.46242 -1.67943 
1432 7.54772 27.5043 -1.70616 -1.59366 -1.5341 
1433 10.0329 27.3775 -1.61904 -1.56737 -1.58283 
1434 12.696 27.4626 -1.44548 -1.56067 -1.47861 
1435 15.1067 27.4205 -1.65377 -1.70583 -1.63432 
1436 17.5112 27.4709 -1.5554 -1.58166 -1.46044 
1437 20.1189 27.6145 -1.4491 -1.35794 -1.36084 
1438 22.5112 27.4677 -1.52743 -1.46376 -1.5855 
1439 25.0343 27.4315 -1.48917 -1.43026 -1.57957 
1440 27.3779 27.4658 -1.6501 -1.5445 -1.65775 
1441 29.8911 29.8697 -1.72542 -1.55681 -1.68081 
1442 2.5494 29.9207 -1.61945 -1.48269 -1.40331 
1443 5.06614 0.0553695 -1.79641 -1.5917 -1.55988 
1444 7.58547 0.114961 -1.63088 -1.46302 -1.48751 
1445 9.979 0.111054 -1.61774 -1.62623 -1.75219 
1446 12.4843 29.9256 -1.58229 -1.50201 -1.61686 
1447 15.0675 0.0599252 -1.52789 -1.47405 -1.55056 
1448 17.4378 29.9649 -1.54218 -1.36391 -1.41796 
1449 19.9999 29.9308 -1.78232 -1.5809 -1.56385 
1450 22.4021 29.9599 -1.62841 -1.66189 -1.51562 
1451 24.93 0.0313656 -1.64398 -1.55847 -1.53938 
1452 27.4784 0.100252 -1.69533 -1.51438 -1.53282 
1453 0.135591 2.53715 -1.74351 -1.52025 -1.66302 
1454 2.52171 2.43755 -1.85546 -1.43293 -1.47289 
1455 5.08027 2.51529 -1.6361 -1.45484 -1.34596 
1456 7.48257 2.45495 -1.61869 -1.50842 -1.44223 
1457 9.89232 2.68067 -1.69284 -1.60094 -1.49377 
1458 12.4884 2.61828 -1.70622 -1.52031 -1.51851 
1459 14.9752 2.501 -1.60391 -1.47028 -1.49368 
1460 17.5257 2.53391 -1.60174 -1.40145 -1.42544 
1461 20.0457 2.54484 -1.76088 -1.41404 -1.44404 
1462 22.4087 2.45203 -1.74165 -1.68408 -1.58095 
1463 24.9647 2.51904 -1.68077 -1.56462 -1.45431 
1464 27.5436 2.52304 -1.7424 -1.44495 -1.47578 
1465 0.0645034 4.97227 -1.46052 -1.47787 -1.55826 
1466 2.5177 4.88024 -1.43252 -1.3909 -1.45093 
1467 5.101 4.97205 -1.54613 -1.58091 -1.37034 
1468 7.40608 5.04111 -1.35907 -1.37875 -1.4402 
1469 9.9946 4.98941 -1.43209 -1.491 -1.4456 
1470 12.6107 5.12151 -1.39974 -1.48414 -1.48471 
1471 15.1101 5.11602 -1.47302 -1.52516 -1.47374 
1472 17.5599 5.12035 -1.64173 -1.44744 -1.46293 
1473 20.075 4.87187 -1.48202 -1.4199 -1.43013 
1474 22.4914 5.05362 -1.38342 -1.47491 -1.45522 
1475 24.9691 4.8975 -1.63165 -1.60842 -1.62312 
1476 27.5053 4.97926 -1.3954 -1.27421 -1.60473 
1477 29.9639 7.44519 -1.4465 -1.26531 -1.48874 
1478 2.68738 7.44759 -1.56829 -1.39977 -1.52653 
1479 5.06881 7.57809 -1.40613 -1.26845 -1.5186 
1480 7.59912 7.61904 -1.52646 -1.41339 -1.55116 
1481 10.0483 7.52832 -1.44795 -1.44311 -1.43114 
1482 12.5999 7.52857 -1.60942 -1.43127 -1.62256 
1483 15.132 7.62804 -1.53514 -1.50873 -1.40624 
1484 17.5261 7.5135 -1.68347 -1.43374 -1.47452 
1485 20.216 7.53241 -1.53114 -1.39875 -1.41866 
1486 22.5504 7.44923 -1.59542 -1.40201 -1.50533 
1487 24.9617 7.5651 -1.49976 -1.31061 -1.415 
1488 27.5345 7.36069 -1.63772 -1.4252 -1.61103 
1489 0.0749922 9.80377 -1.53688 -1.50424 -1.73506 
1490 2.53928 9.93484 -1.37338 -1.31819 -1.3967 
1491 5.00504 9.89954 -1.47528 -1.53739 -1.50493 
1492 7.53588 9.97765 -1.50661 -1.46979 -1.47842 
1493 10.0322 9.98058 -1.63349 -1.61595 -1.65394 
1494 12.4452 9.98071 -1.42339 -1.49404 -1.44493 
1495 15.0723 9.92972 -1.52885 -1.45757 -1.49729 
1496 17.4248 9.95422 -1.52638 -1.46604 -1.4569 
1497 19.8973 9.98683 -1.55779 -1.43342 -1.43029 
1498 22.4918 9.87172 -1.3959 -1.50715 -1.38302 
1499 25.127 9.98217 -1.46612 -1.49875 -1.45956 
1500 27.4626 9.9286 -1.46211 -1.45875 -1.5036 
1501 0.0216257 12.4436 -1.5585 -1.44882 -1.6687 
1502 2.39339 12.4889 -1.52604 -1.31981 -1.43101 
1503 4.93558 12.3848 -1.51516 -1.47903 -1.42421 
1504 7.54056 12.4502 -1.54502 -1.52973 -1.45328 
1505 9.96382 12.5756 -1.50557 -1.39328 -1.40336 
1506 12.4312 12.3998 -1.56165 -1.51025 -1.53651 
1507 14.9118 12.4809 -1.56499 -1.34697 -1.46094 
1508 17.4863 12.365 -1.62027 -1.57694 -1.46486 
1509 19.9622 12.5232 -1.52953 -1.41226 -1.42018 
1510 22.5643 12.5541 -1.55618 -1.47918 -1.51437 
1511 24.8387 12.4705 -1.46528 -1.54587 -1.52315 
1512 27.4358 12.3944 -1.49994 -1.42505 -1.60657 
1513 29.8418 15.0339 -1.30767 -1.29463 -1.44414 
1514 2.39074 15.0326 -1.45951 -1.38754 -1.40042 
1515 5.05962 14.9273 -1.52786 -1.48615 -1.55617 
1516 7.46639 14.888 -1.41837 -1.40217 -1.54682 
1517 9.91784 14.9765 -1.39925 -1.55497 -1.60175 
1518 12.4006 14.8471 -1.33125 -1.36413 -1.49906 
1519 14.8581 14.9371 -1.30748 -1.42727 -1.51247 
1520 17.451 15.0054 -1.37914 -1.376 -1.4446 
1521 19.9384 14.9899 -1.54089 -1.44766 -1.57261 
1522 22.2886 14.9113 -1.54285 -1.60181 -1.62251 
1523 24.8168 15.0431 -1.484 -1.68339 -1.60253 
1524 27.5574 14.9902 -1.44191 -1.34114 -1.48047 
1525 29.9127 17.5737 -1.56107 -1.39607 -1.49302 
1526 2.32694 17.4986 -1.4845 -1.38278 -1.40928 
1527 4.89491 17.5212 -1.5121 -1.49162 -1.28497 
1528 7.4568 17.4294 -1.49747 -1.53864 -1.54473 
1529 10.0894 17.446 -1.52014 -1.52149 -1.45959 
1530 12.5096 17.3127 -1.49964 -1.53439 -1.42085 
1531 14.9879 17.4058 -1.45511 -1.51567 -1.51287 
1532 17.5899 17.529 -1.60058 -1.37832 -1.51899 
1533 19.8954 17.5252 -1.59848 -1.45356 -1.45446 
1534 22.3055 17.5585 -1.63323 -1.59102 -1.45086 
1535 24.8893 17.4813 -1.57418 -1.49353 -1.59948 
1536 27.5283 17.3779 -1.53578 -1.42507 -1.62759 
1537 29.8267 19.8471 -1.44438 -1.47306 -1.50401 
1538 2.40452 19.924 -1.51618 -1.5037 -1.40841 
1539 4.97334 20.0893 -1.60257 -1.47947 -1.29172 
1540 7.42384 19.9808 -1.51635 -1.49286 -1.51258 
1541 10.053 19.9963 -1.60408 -1.48149 -1.58574 
1542 12.5194 19.9405 -1.51261 -1.41188 -1.49433 
1543 15.0251 19.8898 -1.63703 -1.64725 -1.49586 
1544 17.4182 19.9008 -1.56138 -1.52721 -1.491 
1545 19.8652 20.1174 -1.64774 -1.5144 -1.54575 
1546 22.3545 20.0222 -1.51286 -1.40916 -1.49371 
1547 24.9295 19.9978 -1.43368 -1.42619 -1.51878 
1548 27.3303 19.8876 -1.32078 -1.2794 -1.34994 
1549 29.8815 22.3408 -1.48577 -1.41704 -1.47476 
1550 2.39312 22.4905 -1.59439 -1.43517 -1.44026 
1551 4.94483 22.4104 -1.51458 -1.40994 -1.41846 
1552 7.53699 22.5027 -1.54108 -1.45415 -1.57521 
1553 10.0363 22.4967 -1.40166 -1.4424 -1.45288 
1554 12.4691 22.4722 -1.56647 -1.39783 -1.45647 
1555 14.9703 22.4043 -1.60233 -1.63974 -1.65603 
1556 17.5158 22.4209 -1.63043 -1.50708 -1.51831 
1557 19.9246 22.5064 -1.44764 -1.32178 -1.49657 
1558 22.4623 22.5452 -1.47173 -1.37264 -1.48906 
1559 24.8908 22.4688 -1.29295 -1.25273 -1.37593 
1560 27.4412 22.4499 -1.50748 -1.26909 -1.47988 
1561 29.9537 25.0487 -1.53746 -1.51702 -1.56734 
1562 2.4458 24.912 -1.42372 -1.37005 -1.3899 
1563 5.01029 24.7539 -1.47145 -1.51201 -1.51443 
1564 7.57087 24.9282 -1.58312 -1.61276 -1.50205 
1565 10.1408 24.9328 -1.50339 -1.46634 -1.55623 
1566 12.5996 25.0177 -1.46281 -1.48455 -1.40785 
1567 14.9904 24.8358 -1.53474 -1.44957 -1.53711 
1568 17.4063 25.0568 -1.48102 -1.49197 -1.4053 
1569 20.0634 24.9896 -1.5954 -1.49583 -1.52808 
1570 22.3777 25.0115 -1.52579 -1.50506 -1.42946 
1571 25.0212 24.9304 -1.45474 -1.31885 -1.40073 
1572 27.519 24.7802 -1.43518 -1.36611 -1.52646 
1573 29.8652 27.4568 -1.52487 -1.42202 -1.54717 
1574 2.5977 27.364 -1.52448 -1.47655 -1.55667 
1575 4.93905 27.4821 -1.4679 -1.35236 -1.5533 
1576 7.6411 27.5449 -1.7909 -1.61197 -1.60464 
1577 10.0388 27.4052 -1.64812 -1.5006 -1.5807 
1578 12.6407 27.4822 -1.66822 -1.54813 -1.6487 
1579 15.0612 27.3913 -1.53891 -1.50594 -1.62531 
1580 17.4595 27.404 -1.60539 -1.39765 -1.50882 
1581 20.106 27.5358 -1.5228 -1.61283 -1.37905 
1582 22.6444 27.4735 -1.61407 -1.64897 -1.55566 
1583 25.148 27.3243 -1.52279 -1.46215 -1.69942 
1584 27.4192 27.5168 -1.61614 -1.42086 -1.64093 
1585 29.9154 29.8823 -1.50776 -1.55178 -1.57114 
1586 2.5295 0.123193 -1.73012 -1.57586 -1.55698 
1587 4.95774 29.9487 -1.66831 -1.59919 -1.49933 
1588 7.54709 0.127585 -1.58254 -1.4783 -1.61122 
1589 9.92538 0.11488 -1.59175 -1.57753 -1.75862 
1590 12.4393 29.9451 -1.59476 -1.61577 -1.57278 
1591 14.928 0.0581345 -1.4284 -1.59024 -1.48203 
1592 17.398 29.8908 -1.58352 -1.57451 -1.44029 
1593 20.0761 29.95 -1.75728 -1.59894 -1.60128 
1594 22.5322 0.0519736 -1.6816 -1.54389 -1.5346 
1595 25.0285 0.0528659 -1.50465 -1.48612 -1.47251 
1596 27.4544 29.8524 -1.50898 -1.60176 -1.55199 
1597 29.8853 2.50297 -1.59446 -1.62901 -1.47498 
1598 2.5066 2.45071 -1.5854 -1.53345 -1.53133 
1599 5.05762 2.53886 -1.66103 -1.63536 -1.46991 
1600 7.55102 2.57473 -1.5512 -1.41866 -1.44019 
1601 10.0304 2.34375 -1.66031 -1.58625 -1.63651 
1602 12.3804 2.55995 -1.63331 -1.55856 -1.49905 
1603 15.085 2.49943 -1.67803 -1.55931 -1.4121 
1604 17.5687 2.3535 -1.57275 -1.4454 -1.44034 
1605 19.9447 2.54046 -1.64827 -1.59909 -1.59605 
1606 22.5051 2.66035 -1.7008 -1.69458 -1.61015 
1607 24.9774 2.65817 -1.66028 -1.56552 -1.55184 
1608 27.5242 2.54283 -1.53354 -1.65413 -1.47528 
1609 29.8352 5.08947 -1.50269 -1.51141 -1.45952 
1610 2.45037 5.0145 -1.59526 -1.59221 -1.46983 
1611 5.02815 4.96693 -1.60055 -1.40417 -1.43603 
1612 7.64753 5.10618 -1.60687 -1.42101 -1.53029 
1613 10.0356 4.9845 -1.47611 -1.39696 -1.28172 
1614 12.6512 4.90318 -1.41058 -1.33522 -1.30697 
1615 15.1396 5.09058 -1.49306 -1.48917 -1.44644 
1616 17.4731 4.97822 -1.61138 -1.50368 -1.50232 
1617 19.9562 4.92206 -1.50848 -1.55229 -1.37656 
1618 22.5061 5.09959 -1.72157 -1.61022 -1.5596 
1619 24.9578 4.95295 -1.49636 -1.49021 -1.46436 
1620 27.4754 5.24058 -1.49702 -1.55358 -1.50725 
1621 0.122409 7.51809 -1.61293 -1.68904 -1.48083 
1622 2.59801 7.48543 -1.61945 -1.5071 -1.56178 
1623 5.06479 7.54935 -1.58166 -1.47177 -1.3621 
1624 7.58791 7.5427 -1.37548 -1.40518 -1.50235 
1625 10.137 7.39844 -1.53233 -1.53935 -1.62256 
1626 12.6047 7.50619 -1.64486 -1.38889 -1.513 
1627 15.0837 7.52577 -1.62355 -1.35143 -1.43935 
1628 17.4604 7.42099 -1.51349 -1.44083 -1.45369 
1629 19.9912 7.47977 -1.573 -1.46863 -1.46826 
1630 22.5664 7.55756 -1.4121 -1.42186 -1.39958 
1631 24.9773 7.62117 -1.5592 -1.54063 -1.48437 
1632 27.5302 7.65395 -1.56219 -1.54802 -1.47897 
1633 0.117924 10.0542 -1.41987 -1.52969 -1.40611 
1634 2.51965 10.1063 -1.30276 -1.55447 -1.45454 
1635 5.01077 10.028 -1.41857 -1.44195 -1.36137 
1636 7.56607 10.0035 -1.4378 -1.33036 -1.52113 
1637 10.0088 9.97696 -1.39826 -1.41546 -1.50756 
1638 12.6063 9.95986 -1.41094 -1.38242 -1.39837 
1639 15.1238 10.0774 -1.40174 -1.47273 -1.31138 
1640 17.4567 9.98954 -1.37774 -1.27257 -1.40156 
1641 19.915 9.98568 -1.46652 -1.50374 -1.36215 
1642 22.5073 9.93736 -1.49835 -1.46411 -1.46149 
1643 24.9386 9.98489 -1.35968 -1.45286 -1.3281 
1644 27.5146 9.93472 -1.44706 -1.49485 -1.56839 
1645 0.0636497 12.4813 -1.55549 -1.60039 -1.51099 
1646 2.46154 12.5145 -1.72023 -1.64721 -1.60496 
1647 5.0641 12.393 -1.37912 -1.49619 -1.27542 
1648 7.55096 12.3027 -1.49929 -1.46855 -1.57729 
1649 10.1496 12.5183 -1.55004 -1.42069 -1.46175 
1650 12.5035 12.4442 -1.63366 -1.50577 -1.52847 
1651 14.8176 12.5983 -1.51987 -1.41492 -1.44169 
1652 17.3146 12.449 -1.48573 -1.44463 -1.42069 
1653 19.9541 12.4331 -1.46563 -1.39839 -1.35033 
1654 22.5373 12.3713 -1.51606 -1.59223 -1.6021 
1655 25.0768 12.5521 -1.49349 -1.54933 -1.69661 
1656 27.4195 12.399 -1.41986 -1.47662 -1.51675 
1657 29.8411 14.998 -1.34347 -1.45293 -1.41456 
1658 2.4673 14.8665 -1.48585 -1.50602 -1.42368 
1659 4.97917 14.9699 -1.5662 -1.47382 -1.43729 
1660 7.39749 14.9042 -1.42449 -1.28745 -1.53738 
1661 9.895 14.9746 -1.46697 -1.42318 -1.48626 
1662 12.3141 14.9799 -1.28283 -1.49095 -1.4282 
1663 14.843 15.1254 -1.30045 -1.38226 -1.45529 
1664 17.4285 14.9569 -1.37345 -1.33137 -1.43851 
1665 20.0134 14.9771 -1.52366 -1.54005 -1.51376 
1666 22.535 15.0071 -1.42569 -1.43353 -1.59001 
1667 24.8752 15.0032 -1.43721 -1.5066 -1.5722 
1668 27.455 15.153 -1.40153 -1.53368 -1.55175 
1669 29.9181 17.5578 -1.54407 -1.53881 -1.32889 
1670 2.3326 17.4738 -1.65722 -1.3737 -1.45846 
1671 4.95844 17.5153 -1.53509 -1.47839 -1.36485 
1672 7.55055 17.4495 -1.63334 -1.4688 -1.48699 
1673 9.95242 17.45 -1.6847 -1.52171 -1.50007 
1674 12.4039 17.4653 -1.44405 -1.38104 -1.4709 
1675 14.8125 17.4494 -1.52867 -1.48101 -1.41326 
1676 17.4392 17.5537 -1.68992 -1.4716 -1.51648 
1677 19.7378 17.5857 -1.64953 -1.44811 -1.45045 
1678 22.3406 17.4247 -1.65031 -1.45923 -1.64174 
1679 24.9351 17.5056 -1.54591 -1.58894 -1.52125 
1680 27.4276 17.4711 -1.55057 -1.45065 -1.51093 
1681 29.9116 19.9985 -1.65242 -1.51988 -1.54915 
1682 2.3704 19.9211 -1.52388 -1.45404 -1.4081 
1683 5.0781 19.9967 -1.49631 -1.45567 -1.34819 
1684 7.42379 19.8994 -1.62623 -1.45493 -1.61625 
1685 9.9584 19.9203 -1.52921 -1.47934 -1.45771 
1686 12.3229 19.9725 -1.66431 -1.45606 -1.5921 
1687 14.8329 19.9857 -1.47373 -1.4134 -1.44011 
1688 17.375 20.0728 -1.67851 -1.60308 -1.5557 
1689 19.9417 20.1714 -1.62613 -1.51658 -1.475 
1690 22.5167 19.9392 -1.56552 -1.42906 -1.50346 
1691 25.0322 20.0472 -1.54408 -1.5004 -1.54173 
1692 27.3696 19.9206 -1.40977 -1.52789 -1.43968 
1693 29.9601 22.4843 -1.54296 -1.67202 -1.51222 
1694 2.5001 22.5495 -1.65578 -1.50212 -1.39579 
1695 4.82594 22.4874 -1.57842 -1.47683 -1.40521 
1696 7.42332 22.4561 -1.3586 -1.42243 -1.41126 
1697 9.91523 22.4369 -1.57992 -1.51915 -1.59972 
1698 12.4766 22.3939 -1.60309 -1.4975 -1.36053 
1699 14.842 22.4283 -1.62775 -1.55067 -1.45632 
1700 17.5255 22.525 -1.43155 -1.54368 -1.58002 
1701 20.058 22.4125 -1.64631 -1.49555 -1.50758 
1702 22.4147 22.5339 -1.56374 -1.56007 -1.55606 
1703 24.9218 22.5349 -1.57517 -1.61009 -1.47972 
1704 27.4115 22.4179 -1.73597 -1.52869 -1.57248 
1705 0.0555141 24.9155 -1.43589 -1.56238 -1.47643 
1706 2.48757 25.0116 -1.40051 -1.43652 -1.33753 
1707 5.04154 24.9718 -1.49672 -1.40242 -1.40273 
1708 7.51693 24.9928 -1.56371 -1.48217 -1.61003 
1709 10.0883 24.903 -1.61659 -1.58649 -1.50259 
1710 12.6331 24.9589 -1.59022 -1.46964 -1.4014 
1711 14.8783 25.0102 -1.39933 -1.54584 -1.441 
1712 17.5655 24.9443 -1.4133 -1.49479 -1.37146 
1713 19.9597 25.0338 -1.53879 -1.5173 -1.49693 
1714 22.3921 25.0378 -1.68348 -1.5469 -1.53798 
1715 25.0564 24.9501 -1.5591 -1.68241 -1.55647 
1716 27.4853 24.9198 -1.48357 -1.43767 -1.41857 
1717 29.9866 27.3811 -1.59704 -1.56124 -1.42798 
1718 2.57909 27.4904 -1.56212 -1.60327 -1.60904 
1719 5.15513 27.588 -1.67652 -1.41967 -1.48494 
1720 7.59876 27.6859 -1.63842 -1.52751 -1.56157 
1721 10.1243 27.5828 -1.67722 -1.57236 -1.64106 
1722 12.5893 27.4881 -1.56958 -1.56722 -1.58947 
1723 14.9203 27.4114 -1.66154 -1.59065 -1.55984 
1724 17.3814 27.5902 -1.58869 -1.5701 -1.48712 
1725 19.9505 27.4706 -1.61801 -1.53784 -1.41047 
1726 22.4407 27.5666 -1.65017 -1.63949 -1.67359 
1727 24.9298 27.5461 -1.71643 -1.61341 -1.60942 
1728 27.5757 27.4368 -1.54997 -1.56509 -1.54865