1 0.10153 0.0201709 -0.17919 -0.185616 -0.0999788 
2 2.62719 29.8819 -0.179438 -0.187393 -0.0975909 
3 5.02902 29.8995 -0.18236 -0.188813 -0.1039 
4 7.68408 0.0250121 -0.182093 -0.194231 -0.104959 
5 9.98241 0.0797509 -0.181997 -0.184267 -0.101726 
6 12.5369 0.113843 -0.177132 -0.188912 -0.106307 
7 15.0969 0.136656 -0.177063 -0.178969 -0.100799 
8 17.5918 0.159887 -0.18368 -0.187077 -0.101296 
9 20.0736 29.9838 -0.177255 -0.176339 -0.096368 
10 22.4832 29.9329 -0.183302 -0.194536 -0.0960169 
11 24.9159 0.00849249 -0.179658 -0.186604 -0.101213 
12 27.5206 0.0658737 -0.179068 -0.195224 -0.109567 
13 0.0216222 2.46334 -0.186325 -0.181909 -0.104536 
14 2.62246 2.5565 -0.181908 -0.19029 -0.0999428 
15 5.06873 2.44433 -0.183206 -0.185829 -0.0976098 
16 7.59224 2.55766 -0.195024 -0.194928 -0.105234 
17 10.0192 2.58453 -0.196274 -0.187659 -0.106569 
18 12.5434 2.69134 -0.186428 -0.191606 -0.0991168 
19 15.0436 2.47472 -0.185146 -0.180176 -0.0941228 
20 17.5048 2.58834 -0.178892 -0.181473 -0.0930966 
21 20.0764 2.47804 -0.190773 -0.189413 -0.10072 
22 22.377 2.45549 -0.187608 -0.187689 -0.0964649 
23 24.9233 2.65944 -0.189476 -0.189391 -0.105114 
24 27.37 2.56176 -0.189206 -0.201124 -0.109082 
25 0.14855 4.99549 -0.190906 -0.17651 -0.103742 
26 2.67357 4.86305 -0.189448 -0.186918 -0.108976 
27 5.16876 5.05137 -0.191441 -0.187976 -0.106619 
28 7.62067 4.99681 -0.183365 -0.189566 -0.0964869 
29 9.93618 5.15594 -0.190416 -0.183809 -0.0947521 
30 12.364 5.14646 -0.190066 -0.192153 -0.106566 
31 15.0513 5.15907 -0.196279 -0.175497 -0.105467 
32 17.4909 5.01268 -0.193605 -0.183493 -0.104379 
33 20.0341 5.1456 -0.185934 -0.176878 -0.0998273 
34 22.3546 5.09042 -0.192866 -0.185178 -0.0983798 
35 25.0241 5.05677 -0.19033 -0.187392 -0.108418 
36 27.4704 5.02073 -0.186746 -0.189393 -0.105537 
37 0.0849239 7.51375 -0.189656 -0.18414 -0.0966463 
38 2.66782 7.49935 -0.188132 -0.194678 -0.107823 
39 4.94655 7.55485 -0.19043 -0.193711 -0.103761 
40 7.56216 7.5163 -0.187026 -0.189438 -0.0914648 
41 9.9588 7.38056 -0.18674 -0.188672 -0.097651 
42 12.4051 7.58876 -0.188011 -0.205683 -0.101951 
43 15.04 7.45458 -0.185805 -0.185896 -0.0955633 
44 17.5864 7.56492 -0.183568 -0.191912 -0.0999461 
45 19.8946 7.48569 -0.188928 -0.192554 -0.096786 
46 22.3653 7.50935 -0.187603 -0.186984 -0.0928381 
47 24.9037 7.49949 -0.182894 -0.187654 -0.101076 
48 27.4012 7.49925 -0.184266 -0.192876 -0.103037 
49 29.9753 10.0154 -0.191614 -0.182702 -0.0990643 
50 2.53641 10.2222 -0.197025 -0.197613 -0.110325 
51 4.97699 10.0052 -0.189284 -0.189662 -0.1049 
52 7.45099 9.88961 -0.193416 -0.188574 -0.0997434 
53 9.79413 9.95085 -0.196423 -0.19442 -0.107783 
54 12.448 9.93537 -0.18744 -0.191195 -0.102845 
55 14.9516 10.0287 -0.192847 -0.184445 -0.0960102 
56 17.3654 9.96508 -0.190036 -0.192646 -0.104475 
57 19.9772 10.0574 -0.189794 -0.188471 -0.100241 
58 22.437 10.0516 -0.181019 -0.181481 -0.0965157 
59 25.0184 9.85138 -0.179926 -0.185159 -0.104604 
60 27.4311 10.1352 -0.183231 -0.191071 -0.108361 
61 29.9545 12.4657 -0.186975 -0.18698 -0.0997961 
62 2.45047 12.5951 -0.179055 -0.190254 -0.100866 
63 4.96679 12.3937 -0.183574 -0.199034 -0.0978626 
64 7.36709 12.5031 -0.182639 -0.194728 -0.0935085 
65 9.86652 12.3865 -0.184565 -0.194725 -0.100974 
66 12.4212 12.4295 -0.187099 -0.199194 -0.105226 
67 15.0101 12.5451 -0.184972 -0.188509 -0.10098 
68 17.4474 12.594 -0.185712 -0.189422 -0.101499 
69 19.9453 12.6011 -0.183525 -0.18626 -0.0975221 
70 22.5184 12.4538 -0.180292 -0.186619 -0.0926862 
71 24.9091 12.5995 -0.18126 -0.1848 -0.0991171 
72 27.3667 12.4874 -0.182923 -0.193238 -0.108077 
73 29.9604 15.1161 -0.184729 -0.18414 -0.106765 
74 2.30559 15.0745 -0.185935 -0.195195 -0.107837 
75 4.9507 14.8171 -0.180042 -0.187392 -0.10115 
76 7.58272 14.9395 -0.188409 -0.195133 -0.100196 
77 10.0341 15.0742 -0.181399 -0.187022 -0.0999613 
78 12.4957 14.9845 -0.181887 -0.196241 -0.106754 
79 14.883 15.0273 -0.187192 -0.189388 -0.100413 
80 17.4859 15.045 -0.180774 -0.182857 -0.0964883 
81 19.9681 15.1072 -0.184067 -0.181985 -0.102573 
82 22.3476 14.893 -0.181192 -0.184866 -0.100248 
83 24.9597 14.9755 -0.180751 -0.186137 -0.102137 
84 27.4571 14.9826 -0.18378 -0.194063 -0.115373 
85 29.7563 17.6589 -0.188146 -0.181833 -0.100189 
86 2.375 17.4719 -0.181523 -0.192562 -0.100691 
87 4.88462 17.4463 -0.191352 -0.194132 -0.103597 
88 7.4984 17.5705 -0.188159 -0.18398 -0.0934461 
89 9.92615 17.5935 -0.193324 -0.191854 -0.10751 
90 12.5306 17.6915 -0.197329 -0.198789 -0.105078 
91 14.8809 17.6797 -0.190717 -0.182065 -0.10164 
92 17.3886 17.4807 -0.184414 -0.183666 -0.098971 
93 20.0079 17.4876 -0.185526 -0.178681 -0.0967169 
94 22.4802 17.3627 -0.195563 -0.188822 -0.103333 
95 24.9204 17.4286 -0.193311 -0.184687 -0.110154 
96 27.2996 17.4982 -0.184229 -0.194366 -0.104795 
97 29.9644 20.0841 -0.191131 -0.180245 -0.10282 
98 2.4131 20.015 -0.187421 -0.188144 -0.103918 
99 4.99269 20.0527 -0.183977 -0.180208 -0.0989226 
100 7.58675 20.0251 -0.192231 -0.186775 -0.0977514 
101 9.94753 20.1548 -0.191359 -0.191129 -0.108261 
102 12.535 20.0397 -0.186767 -0.187798 -0.104423 
103 14.9155 20.0324 -0.185784 -0.171131 -0.100647 
104 17.4339 19.9374 -0.181757 -0.18324 -0.105172 
105 20.0337 20.0605 -0.186829 -0.179714 -0.0998466 
106 22.4412 20.0252 -0.180402 -0.187861 -0.0985764 
107 24.9402 19.8943 -0.189483 -0.180374 -0.10081 
108 27.4251 20.0493 -0.189493 -0.192897 -0.107412 
109 29.9364 22.6418 -0.189697 -0.190874 -0.10072 
110 2.57732 22.5141 -0.180831 -0.197792 -0.103179 
111 4.90891 22.4558 -0.183932 -0.190038 -0.0959021 
112 7.34864 22.5416 -0.184351 -0.18716 -0.0940839 
113 10.0782 22.5701 -0.183837 -0.189446 -0.100913 
114 12.6036 22.6812 -0.179951 -0.187285 -0.0950022 
115 14.9955 22.5786 -0.182733 -0.180622 -0.0981586 
116 17.5052 22.6044 -0.181064 -0.18947 -0.102756 
117 20.0395 22.6236 -0.183926 -0.178676 -0.0979134 
118 22.4936 22.541 -0.182169 -0.18663 -0.093829 
119 24.9363 22.6154 -0.181677 -0.182652 -0.0928465 
120 27.4687 22.4618 -0.184821 -0.19737 -0.0956641 
121 0.0382921 24.9172 -0.192372 -0.186448 -0.0971661 
122 2.60501 25.1137 -0.193812 -0.204593 -0.114105 
123 5.04618 24.9435 -0.190525 -0.185298 -0.100957 
124 7.4738 25.0434 -0.182662 -0.189806 -0.10097 
125 10.0132 25.1653 -0.178376 -0.185462 -0.100435 
126 12.5976 25.1428 -0.18098 -0.186437 -0.101044 
127 15.1408 25.0547 -0.184187 -0.18073 -0.0985593 
128 17.5135 25.0741 -0.19013 -0.186823 -0.105484 
129 20.0109 25.238 -0.187258 -0.18144 -0.100391 
130 22.5142 24.9892 -0.186147 -0.179974 -0.0974507 
131 25.072 25.1233 -0.186193 -0.188513 -0.103929 
132 27.6029 24.9759 -0.185746 -0.187604 -0.102459 
133 0.0576925 27.4623 -0.187606 -0.186749 -0.0997588 
134 2.64934 27.5609 -0.180818 -0.195141 -0.102106 
135 5.21927 27.4075 -0.182525 -0.192317 -0.100047 
136 7.54914 27.5279 -0.174305 -0.191149 -0.0911383 
137 9.92149 27.6611 -0.176522 -0.186101 -0.0905476 
138 12.4729 27.7047 -0.176757 -0.187182 -0.10334 
139 15.1146 27.5689 -0.178634 -0.185036 -0.102408 
140 17.3847 27.6041 -0.168744 -0.179158 -0.0968758 
141 19.911 27.5104 -0.177628 -0.18698 -0.0943852 
142 22.5956 27.5601 -0.180653 -0.18681 -0.0912302 
143 25.1133 27.5442 -0.185722 -0.192038 -0.105642 
144 27.6911 27.449 -0.186543 -0.19247 -0.108121 
145 0.0572059 0.0557246 -0.134002 -0.130741 -0.178616 
146 2.61675 0.0309433 -0.128217 -0.128781 -0.173756 
147 5.00523 0.015817 -0.127811 -0.129207 -0.17437 
148 7.47724 29.9511 -0.127432 -0.124447 -0.178262 
149 9.88961 0.0408328 -0.124246 -0.127848 -0.171787 
150 12.4677 0.0659746 -0.127152 -0.126437 -0.173275 
151 15.0194 0.0562967 -0.131798 -0.133715 -0.176545 
152 17.5018 0.0602055 -0.127024 -0.127863 -0.169145 
153 19.9926 29.8618 -0.129956 -0.126513 -0.170433 
154 22.4938 29.9816 -0.13045 -0.131278 -0.169134 
155 24.9853 0.190935 -0.127951 -0.126392 -0.175077 
156 27.4138 0.132054 -0.126948 -0.126917 -0.177647 
157 29.8738 2.53172 -0.126297 -0.12354 -0.174855 
158 2.61702 2.59344 -0.123404 -0.12814 -0.175474 
159 5.03484 2.48169 -0.120268 -0.121618 -0.173564 
160 7.50976 2.46594 -0.126944 -0.12297 -0.173484 
161 10.1531 2.46855 -0.127328 -0.12765 -0.170279 
162 12.6156 2.57321 -0.132686 -0.130172 -0.175084 
163 15.0166 2.67169 -0.127259 -0.124804 -0.171049 
164 17.5001 2.46883 -0.12543 -0.125458 -0.172631 
165 20.0502 2.53175 -0.124573 -0.123442 -0.166741 
166 22.4074 2.48302 -0.13226 -0.13151 -0.168413 
167 24.9774 2.46893 -0.12936 -0.125764 -0.181568 
168 27.4851 2.40927 -0.132919 -0.129166 -0.178486 
169 29.9541 4.98904 -0.127771 -0.12657 -0.17841 
170 2.55074 5.0876 -0.129953 -0.119825 -0.179549 
171 4.94795 4.92995 -0.125549 -0.125926 -0.17926 
172 7.46037 5.02879 -0.126973 -0.128407 -0.166755 
173 10.0617 5.04107 -0.126908 -0.12457 -0.169516 
174 12.5348 5.00069 -0.135812 -0.136271 -0.174603 
175 14.7722 5.17122 -0.125533 -0.1256 -0.177722 
176 17.4501 5.14168 -0.126627 -0.124883 -0.173261 
177 19.9316 4.98839 -0.127896 -0.129633 -0.171311 
178 22.4136 4.92386 -0.124621 -0.127763 -0.17021 
179 25.0077 4.94659 -0.131252 -0.127552 -0.173493 
180 27.4929 4.97332 -0.130954 -0.13197 -0.185186 
181 0.0701495 7.50898 -0.123964 -0.124281 -0.174059 
182 2.48925 7.59094 -0.127254 -0.124828 -0.177835 
183 5.1382 7.49916 -0.124518 -0.128315 -0.169125 
184 7.46823 7.36743 -0.130727 -0.1261 -0.164802 
185 10.0189 7.44719 -0.12901 -0.125318 -0.168282 
186 12.4855 7.53695 -0.126954 -0.127242 -0.174039 
187 14.8129 7.60881 -0.123045 -0.114891 -0.169125 
188 17.3586 7.67284 -0.127597 -0.124497 -0.176824 
189 19.9079 7.57658 -0.123499 -0.12732 -0.1667 
190 22.5867 7.47374 -0.126351 -0.127354 -0.170684 
191 24.9497 7.40524 -0.120773 -0.115287 -0.165405 
192 27.4423 7.44791 -0.130303 -0.127498 -0.173293 
193 0.064369 10.0523 -0.126575 -0.126618 -0.17043 
194 2.51051 10.1414 -0.1292 -0.131096 -0.178397 
195 4.87247 9.99484 -0.126194 -0.137468 -0.17818 
196 7.49925 9.92103 -0.123983 -0.136906 -0.167036 
197 9.9234 10.032 -0.119402 -0.131233 -0.167771 
198 12.5677 9.88122 -0.128461 -0.134908 -0.172813 
199 14.8935 10.095 -0.120747 -0.12495 -0.163678 
200 17.5183 9.96707 -0.125835 -0.13008 -0.173196 
201 19.7885 10.0661 -0.122892 -0.132469 -0.168713 
202 22.4413 10.1326 -0.118878 -0.127695 -0.164641 
203 25.0142 10.074 -0.123337 -0.127875 -0.176435 
204 27.6531 10.007 -0.126371 -0.127522 -0.177892 
205 0.0881887 12.6247 -0.118189 -0.126117 -0.169939 
206 2.51744 12.4558 -0.123927 -0.132015 -0.171613 
207 5.04937 12.4827 -0.122647 -0.127057 -0.171823 
208 7.53585 12.4275 -0.123679 -0.129574 -0.166874 
209 9.99845 12.4892 -0.123856 -0.127451 -0.171479 
210 12.5439 12.6417 -0.124162 -0.127843 -0.175534 
211 15.0226 12.684 -0.126675 -0.127276 -0.170529 
212 17.4231 12.5525 -0.123666 -0.129428 -0.175391 
213 19.8231 12.4668 -0.119892 -0.121238 -0.167838 
214 22.4307 12.5531 -0.12132 -0.127018 -0.171653 
215 25.0222 12.4778 -0.118487 -0.123747 -0.166662 
216 27.6074 12.4385 -0.118643 -0.124938 -0.174024 
217 0.0676255 15.0052 -0.126727 -0.128478 -0.180461 
218 2.40789 14.9379 -0.12316 -0.126633 -0.172977 
219 4.93098 14.9941 -0.1279 -0.128885 -0.174732 
220 7.43862 14.88 -0.130667 -0.132043 -0.174454 
221 10.0955 15.0479 -0.135193 -0.129769 -0.17899 
222 12.5578 14.9956 -0.131471 -0.124994 -0.176762 
223 15.0801 15.1549 -0.131126 -0.13019 -0.175085 
224 17.4231 15.0627 -0.125629 -0.127367 -0.169159 
225 19.9343 14.9982 -0.125944 -0.127099 -0.171393 
226 22.4721 14.9832 -0.125039 -0.125072 -0.174857 
227 25.0218 14.8785 -0.124298 -0.127461 -0.175951 
228 27.4078 15.0734 -0.121938 -0.122106 -0.178283 
229 29.9625 17.5202 -0.12464 -0.11897 -0.173478 
230 2.38554 17.6007 -0.128309 -0.124641 -0.177086 
231 4.92626 17.4365 -0.124414 -0.124891 -0.165782 
232 7.49004 17.3887 -0.130049 -0.129399 -0.169909 
233 10.0316 17.4575 -0.126858 -0.125467 -0.176209 
234 12.5837 17.5132 -0.135769 -0.12894 -0.176541 
235 14.9442 17.6889 -0.128765 -0.122804 -0.172487 
236 17.4984 17.6194 -0.126485 -0.126518 -0.176278 
237 19.9658 17.5007 -0.119442 -0.124215 -0.169661 
238 22.5091 17.4545 -0.121142 -0.121371 -0.173802 
239 24.9047 17.566 -0.128828 -0.127737 -0.175896 
240 27.4827 17.4453 -0.133198 -0.121954 -0.178363 
241 0.0344619 19.9402 -0.124336 -0.119319 -0.176995 
242 2.60265 19.9858 -0.123982 -0.122135 -0.174684 
243 5.13732 19.9832 -0.127145 -0.125755 -0.169128 
244 7.58187 20.002 -0.12397 -0.122728 -0.167458 
245 10.0375 20.1048 -0.129163 -0.1286 -0.179238 
246 12.4827 20.0298 -0.125889 -0.126191 -0.180446 
247 14.9535 20.1146 -0.1269 -0.122843 -0.174789 
248 17.3853 19.9639 -0.124224 -0.117994 -0.179411 
249 19.9659 20.0723 -0.121148 -0.125393 -0.173926 
250 22.4453 19.9355 -0.129047 -0.125544 -0.16542 
251 24.9745 20.0264 -0.124168 -0.122583 -0.170257 
252 27.3993 20.0246 -0.135075 -0.126874 -0.176294 
253 0.0984489 22.6274 -0.124361 -0.116239 -0.166302 
254 2.41839 22.4529 -0.126424 -0.120406 -0.179455 
255 5.06913 22.479 -0.124796 -0.12219 -0.168747 
256 7.63322 22.4232 -0.131085 -0.122752 -0.170583 
257 9.97557 22.5155 -0.120734 -0.11706 -0.165864 
258 12.5357 22.4848 -0.128506 -0.128094 -0.172011 
259 14.9932 22.5297 -0.122809 -0.119428 -0.171839 
260 17.6014 22.433 -0.120562 -0.118041 -0.170678 
261 19.9994 22.5167 -0.128149 -0.128974 -0.172889 
262 22.3338 22.5333 -0.132607 -0.124282 -0.166149 
263 24.9225 22.5507 -0.125221 -0.117064 -0.166146 
264 27.4695 22.3801 -0.123772 -0.119209 -0.173624 
265 0.147729 25.0879 -0.12154 -0.121736 -0.170559 
266 2.54424 25.051 -0.129221 -0.126525 -0.174425 
267 5.04331 25.0262 -0.121228 -0.129376 -0.172141 
268 7.50166 24.8993 -0.120037 -0.123285 -0.161249 
269 10.0403 24.9842 -0.124851 -0.127864 -0.172517 
270 12.5131 25.1447 -0.12386 -0.125348 -0.17547 
271 15.0676 25.1438 -0.119659 -0.124318 -0.168864 
272 17.5346 25.1316 -0.126312 -0.123981 -0.16688 
273 19.8571 24.9574 -0.121823 -0.131816 -0.169922 
274 22.5853 24.9211 -0.124202 -0.12755 -0.165766 
275 25.1095 25.0847 -0.122664 -0.123696 -0.169804 
276 27.566 24.9351 -0.12737 -0.128353 -0.171819 
277 0.0321031 27.4826 -0.128239 -0.125333 -0.173496 
278 2.6036 27.6734 -0.125471 -0.133104 -0.179877 
279 4.98496 27.5095 -0.116984 -0.122941 -0.169156 
280 7.63831 27.4877 -0.118462 -0.124934 -0.170754 
281 9.95342 27.5967 -0.120909 -0.122286 -0.16424 
282 12.5527 27.7543 -0.123568 -0.129772 -0.172307 
283 15.0186 27.5897 -0.122689 -0.125388 -0.166064 
284 17.5929 27.5343 -0.121972 -0.131148 -0.173267 
285 20.046 27.5889 -0.120171 -0.124051 -0.170667 
286 22.557 27.5152 -0.117885 -0.124732 -0.162129 
287 24.9939 27.5223 -0.125385 -0.126781 -0.173033 
288 27.5513 27.5913 -0.129958 -0.128056 -0.177569 
289 0.0220201 29.9126 -0.129883 -0.128471 -0.145797 
290 2.50824 0.0110541 -0.127008 -0.124743 -0.140832 
291 4.99132 29.9432 -0.123453 -0.12511 -0.140186 
292 7.47726 0.0740605 -0.128261 -0.123193 -0.13943 
293 9.99819 0.010486 -0.125276 -0.125394 -0.140151 
294 12.6266 0.0834876 -0.122967 -0.122035 -0.14054 
295 15.1066 29.9726 -0.129395 -0.124759 -0.141276 
296 17.633 0.125907 -0.12846 -0.130986 -0.140104 
297 19.9027 0.00655473 -0.119961 -0.119637 -0.132747 
298 22.453 29.9547 -0.129238 -0.127981 -0.144627 
299 24.9033 0.0850355 -0.129565 -0.12902 -0.144501 
300 27.3637 0.137756 -0.129194 -0.124875 -0.14055 
301 29.8608 2.40121 -0.132218 -0.125524 -0.147866 
302 2.48066 2.49518 -0.124369 -0.131728 -0.147396 
303 5.09978 2.5445 -0.125728 -0.126066 -0.141973 
304 7.60045 2.54435 -0.125143 -0.120161 -0.144123 
305 9.93788 2.53662 -0.131 -0.123945 -0.14786 
306 12.5593 2.63633 -0.128604 -0.126132 -0.13954 
307 14.9114 2.76586 -0.127747 -0.125775 -0.142587 
308 17.4135 2.61989 -0.123376 -0.125923 -0.138396 
309 19.9268 2.47417 -0.131753 -0.130913 -0.145367 
310 22.5405 2.37837 -0.125193 -0.12257 -0.134502 
311 25.0493 2.51983 -0.128394 -0.124889 -0.141024 
312 27.486 2.67662 -0.127437 -0.129557 -0.14985 
313 29.9584 4.96413 -0.129848 -0.128041 -0.143896 
314 2.47649 5.05621 -0.131228 -0.126878 -0.145447 
315 5.04431 5.0498 -0.128687 -0.128654 -0.14464 
316 7.41191 4.97135 -0.122886 -0.12181 -0.137803 
317 10.0241 4.87491 -0.120452 -0.118852 -0.135279 
318 12.5532 4.99445 -0.128741 -0.127223 -0.143532 
319 15.1197 5.27244 -0.125412 -0.121133 -0.140115 
320 17.4886 4.99107 -0.127622 -0.122671 -0.147701 
321 19.9647 5.04891 -0.122089 -0.130078 -0.14145 
322 22.4902 4.91148 -0.122157 -0.124723 -0.138879 
323 25.0021 5.01601 -0.125956 -0.12346 -0.142933 
324 27.4565 4.93847 -0.12309 -0.12568 -0.142822 
325 29.9448 7.48356 -0.124209 -0.12524 -0.144256 
326 2.57014 7.534 -0.124346 -0.125933 -0.143418 
327 5.05014 7.46011 -0.127117 -0.13037 -0.145938 
328 7.5558 7.58755 -0.124526 -0.119668 -0.131489 
329 10.0525 7.51038 -0.118902 -0.12087 -0.138428 
330 12.4229 7.5508 -0.121666 -0.126429 -0.139611 
331 15.0258 7.49177 -0.130798 -0.126342 -0.146165 
332 17.4196 7.70911 -0.122803 -0.119834 -0.13759 
333 20.1673 7.56141 -0.121331 -0.125712 -0.13706 
334 22.522 7.53335 -0.122641 -0.12374 -0.141095 
335 24.9486 7.56737 -0.116951 -0.119623 -0.137816 
336 27.4552 7.4699 -0.129401 -0.128541 -0.142264 
337 29.8942 9.90349 -0.128194 -0.129901 -0.13586 
338 2.64073 9.95595 -0.126741 -0.13183 -0.139999 
339 4.90404 9.93104 -0.120587 -0.129769 -0.142011 
340 7.5578 10.0212 -0.121418 -0.128821 -0.135758 
341 10.0683 10.0444 -0.11629 -0.119683 -0.131571 
342 12.4293 9.88162 -0.118294 -0.13483 -0.142852 
343 15.0512 10.1471 -0.123159 -0.123125 -0.134737 
344 17.4837 10.113 -0.122553 -0.128725 -0.137841 
345 20.1706 9.99769 -0.120615 -0.126635 -0.137012 
346 22.5356 9.97788 -0.119923 -0.12637 -0.140209 
347 24.951 9.85505 -0.121398 -0.12618 -0.142978 
348 27.3444 10.0414 -0.118126 -0.12478 -0.134828 
349 29.9146 12.5219 -0.124442 -0.128122 -0.143425 
350 2.49522 12.4206 -0.126503 -0.134531 -0.143768 
351 5.02416 12.407 -0.124844 -0.131627 -0.141724 
352 7.64579 12.4764 -0.121204 -0.122613 -0.136494 
353 10.236 12.4303 -0.130884 -0.133663 -0.145442 
354 12.5109 12.6034 -0.121791 -0.124096 -0.139289 
355 15.1365 12.6187 -0.128892 -0.128349 -0.140057 
356 17.5875 12.5334 -0.124709 -0.128242 -0.14606 
357 20.062 12.6317 -0.124079 -0.128253 -0.145601 
358 22.4845 12.4861 -0.130519 -0.126086 -0.141723 
359 24.915 12.528 -0.124414 -0.13031 -0.139321 
360 27.4597 12.5695 -0.118807 -0.127283 -0.134836 
361 29.8703 15.0412 -0.127218 -0.124799 -0.13971 
362 2.54687 14.9387 -0.129794 -0.132228 -0.139965 
363 4.98988 14.842 -0.121519 -0.118957 -0.133243 
364 7.56901 14.9308 -0.129474 -0.126646 -0.147098 
365 10.128 14.992 -0.126955 -0.123597 -0.144933 
366 12.6246 15.1238 -0.130705 -0.126174 -0.147652 
367 15.0611 15.117 -0.130823 -0.126775 -0.142289 
368 17.6482 15.1401 -0.12822 -0.125095 -0.142619 
369 20.0072 14.9367 -0.125811 -0.125978 -0.138014 
370 22.422 15.1268 -0.128257 -0.11848 -0.142168 
371 24.7451 15.0903 -0.12628 -0.129482 -0.137846 
372 27.6271 15.0087 -0.125109 -0.124228 -0.140299 
373 29.9689 17.3353 -0.129465 -0.123749 -0.145732 
374 2.40482 17.3736 -0.124555 -0.126106 -0.140186 
375 5.01551 17.2914 -0.131657 -0.12874 -0.139333 
376 7.59342 17.4871 -0.125901 -0.122955 -0.136727 
377 10.1075 17.4418 -0.132078 -0.12658 -0.143929 
378 12.5315 17.6439 -0.131413 -0.12911 -0.150485 
379 15.1972 17.6631 -0.133993 -0.126291 -0.14341 
380 17.5071 17.5211 -0.122776 -0.128226 -0.145608 
381 19.9157 17.5511 -0.125428 -0.127817 -0.142546 
382 22.5001 17.5493 -0.124104 -0.12376 -0.146593 
383 25.0271 17.487 -0.123179 -0.122086 -0.137239 
384 27.3754 17.5028 -0.132029 -0.127401 -0.140497 
385 0.158131 20.1044 -0.127548 -0.124617 -0.141805 
386 2.56799 19.9252 -0.125668 -0.124752 -0.147238 
387 5.0149 19.785 -0.12233 -0.125194 -0.14136 
388 7.49609 19.8951 -0.12079 -0.127107 -0.138263 
389 9.96196 19.9761 -0.125842 -0.123235 -0.141363 
390 12.6421 20.1684 -0.125981 -0.126916 -0.151276 
391 15.0555 20.1509 -0.12769 -0.130776 -0.147134 
392 17.5142 19.9773 -0.126318 -0.123949 -0.143234 
393 19.9615 19.9484 -0.124866 -0.133978 -0.146613 
394 22.4665 20.0479 -0.121788 -0.123749 -0.139725 
395 24.7866 20.0307 -0.126868 -0.121593 -0.13916 
396 27.5151 20.0663 -0.128385 -0.126268 -0.142231 
397 29.9756 22.4293 -0.128111 -0.127224 -0.142687 
398 2.52796 22.4946 -0.124086 -0.123571 -0.134899 
399 5.11945 22.4252 -0.124775 -0.126198 -0.137361 
400 7.54624 22.461 -0.123776 -0.120934 -0.137857 
401 9.94612 22.5326 -0.118849 -0.123092 -0.141182 
402 12.5024 22.6229 -0.124897 -0.130728 -0.143837 
403 15.0108 22.6379 -0.125097 -0.12836 -0.144268 
404 17.5848 22.6766 -0.12364 -0.12387 -0.135807 
405 19.917 22.4646 -0.127931 -0.135744 -0.145931 
406 22.5144 22.463 -0.13088 -0.125548 -0.138183 
407 24.9553 22.5189 -0.120744 -0.120716 -0.137048 
408 27.3917 22.3857 -0.117326 -0.125693 -0.136114 
409 29.9533 24.9333 -0.128757 -0.126302 -0.14312 
410 2.59445 25.0144 -0.128453 -0.130958 -0.136693 
411 5.0831 25.0166 -0.121677 -0.126097 -0.137715 
412 7.43909 25.0324 -0.122355 -0.126533 -0.138287 
413 9.94466 24.9074 -0.123717 -0.126387 -0.141775 
414 12.5491 24.9363 -0.121749 -0.131166 -0.142154 
415 14.9334 25.1174 -0.129664 -0.125283 -0.137758 
416 17.4563 25.1552 -0.127215 -0.130438 -0.137791 
417 19.849 25.0924 -0.121288 -0.132722 -0.142248 
418 22.4735 24.9997 -0.128568 -0.131963 -0.138833 
419 25.0486 25.0807 -0.121495 -0.126523 -0.132508 
420 27.5611 25.0884 -0.125113 -0.131707 -0.146023 
421 0.0337592 27.4387 -0.133658 -0.126807 -0.14236 
422 2.60091 27.6184 -0.127452 -0.126001 -0.14861 
423 4.99514 27.5714 -0.12602 -0.133018 -0.147982 
424 7.61933 27.4984 -0.128081 -0.12258 -0.135302 
425 10.0482 27.4296 -0.124681 -0.126117 -0.137277 
426 12.5756 27.4839 -0.125962 -0.127409 -0.141619 
427 15.0169 27.4953 -0.127276 -0.125804 -0.141361 
428 17.4102 27.6302 -0.12615 -0.132002 -0.143855 
429 20.1124 27.4971 -0.125138 -0.128241 -0.142376 
430 22.4423 27.5489 -0.122765 -0.125016 -0.136187 
431 25.0274 27.554 -0.132452 -0.134375 -0.141385 
432 27.4411 27.4599 -0.130713 -0.128829 -0.142316 
433 0.0511915 29.9534 -0.124971 -0.127249 -0.140469 
434 2.56862 0.0144076 -0.128626 -0.123635 -0.141552 
435 5.03372 0.136128 -0.128021 -0.126382 -0.13257 
436 7.37569 0.0849189 -0.128943 -0.120204 -0.138743 
437 10.1168 29.9767 -0.120593 -0.124778 -0.13722 
438 12.4849 0.0109967 -0.124974 -0.118541 -0.135049 
439 14.9655 0.026889 -0.121717 -0.123044 -0.139605 
440 17.5935 0.142592 -0.125391 -0.126514 -0.137197 
441 20.0264 0.128848 -0.128266 -0.12476 -0.135436 
442 22.5369 29.949 -0.130395 -0.120783 -0.140189 
443 25.0467 29.9842 -0.124475 -0.125865 -0.135949 
444 27.4365 29.8399 -0.125626 -0.124588 -0.142359 
445 29.8614 2.51875 -0.126133 -0.125594 -0.139443 
446 2.50468 2.43502 -0.121348 -0.125802 -0.137968 
447 5.00681 2.55276 -0.130703 -0.132902 -0.133949 
448 7.50641 2.70293 -0.126588 -0.12334 -0.138373 
449 9.9844 2.45311 -0.123611 -0.124753 -0.135205 
450 12.5489 2.50332 -0.123977 -0.11987 -0.136321 
451 15.164 2.50865 -0.122551 -0.122049 -0.135834 
452 17.499 2.43868 -0.118493 -0.121724 -0.129122 
453 20.0174 2.53943 -0.129124 -0.126867 -0.134666 
454 22.487 2.46743 -0.127183 -0.129112 -0.132231 
455 25.1234 2.49849 -0.128203 -0.12949 -0.134775 
456 27.492 2.41315 -0.129993 -0.131216 -0.143579 
457 29.8524 5.06042 -0.13276 -0.124517 -0.148837 
458 2.31893 5.12335 -0.131505 -0.122611 -0.142006 
459 5.13232 5.06762 -0.129807 -0.128634 -0.146324 
460 7.5189 5.03937 -0.128249 -0.127105 -0.137666 
461 10.1736 5.03053 -0.126882 -0.121091 -0.136781 
462 12.6387 4.95863 -0.124866 -0.121246 -0.145795 
463 15.0084 5.15617 -0.130028 -0.121988 -0.141286 
464 17.5639 5.06133 -0.126019 -0.120147 -0.13969 
465 19.9745 4.88879 -0.121351 -0.12416 -0.143012 
466 22.511 4.88296 -0.127202 -0.129051 -0.134474 
467 25.13 5.12363 -0.126625 -0.130548 -0.15037 
468 27.3739 5.02969 -0.129612 -0.127181 -0.143112 
469 29.9725 7.3097 -0.129111 -0.13039 -0.148223 
470 2.52411 7.5883 -0.127724 -0.119634 -0.13981 
471 4.88032 7.51257 -0.125078 -0.130555 -0.145069 
472 7.45416 7.42887 -0.127696 -0.121236 -0.129904 
473 9.99307 7.4615 -0.12226 -0.120851 -0.129897 
474 12.5691 7.49047 -0.121636 -0.124996 -0.134169 
475 15.0149 7.60052 -0.122766 -0.122379 -0.138323 
476 17.6144 7.61574 -0.124576 -0.122157 -0.135252 
477 19.978 7.52745 -0.12465 -0.12798 -0.137462 
478 22.5596 7.58658 -0.124491 -0.123463 -0.131858 
479 24.8847 7.55525 -0.124158 -0.128477 -0.137151 
480 27.3669 7.64672 -0.125403 -0.125964 -0.137382 
481 0.0956114 9.95062 -0.127194 -0.12725 -0.138123 
482 2.46717 10.0695 -0.126449 -0.129103 -0.136952 
483 4.91401 9.86811 -0.120414 -0.132582 -0.138378 
484 7.44786 9.94631 -0.120683 -0.126109 -0.137267 
485 10.0005 10.0191 -0.116581 -0.125054 -0.132233 
486 12.456 9.92826 -0.119481 -0.123048 -0.141565 
487 14.9326 9.88495 -0.121067 -0.126189 -0.135627 
488 17.4993 10.0343 -0.120294 -0.126756 -0.134963 
489 19.9966 10.0919 -0.121506 -0.130075 -0.139641 
490 22.4024 10.1913 -0.119949 -0.128998 -0.138502 
491 24.9826 10.0706 -0.120718 -0.125924 -0.142709 
492 27.4574 9.97953 -0.122968 -0.127194 -0.136302 
493 29.8754 12.5113 -0.12408 -0.126977 -0.132909 
494 2.56136 12.5749 -0.122018 -0.129225 -0.141768 
495 5.06688 12.5413 -0.123791 -0.129276 -0.138516 
496 7.47204 12.5463 -0.120847 -0.125206 -0.1308 
497 9.99264 12.5457 -0.123791 -0.125792 -0.135041 
498 12.5934 12.4613 -0.124268 -0.123931 -0.132718 
499 14.8857 12.6479 -0.124808 -0.125372 -0.137509 
500 17.4135 12.5687 -0.123693 -0.124065 -0.137237 
501 19.8955 12.5014 -0.123235 -0.126038 -0.138184 
502 22.3436 12.5049 -0.120451 -0.12939 -0.137528 
503 24.84 12.5198 -0.123885 -0.127198 -0.12881 
504 27.3229 12.503 -0.119414 -0.123837 -0.131915 
505 29.88 14.9611 -0.12465 -0.121697 -0.141718 
506 2.59147 14.8714 -0.128335 -0.123746 -0.137406 
507 5.14763 14.9774 -0.128316 -0.124569 -0.135268 
508 7.48134 14.9576 -0.12729 -0.123039 -0.139787 
509 10.0489 14.8765 -0.125616 -0.128235 -0.139291 
510 12.5085 15.067 -0.12902 -0.11976 -0.140665 
511 14.7934 15.0853 -0.128842 -0.125742 -0.145135 
512 17.4197 14.9818 -0.133989 -0.124386 -0.142894 
513 19.9401 14.9501 -0.128993 -0.124973 -0.140815 
514 22.3339 15.0048 -0.129657 -0.120426 -0.143493 
515 24.9079 14.9248 -0.123874 -0.124817 -0.133128 
516 27.459 14.8123 -0.125264 -0.122286 -0.133418 
517 29.8351 17.4201 -0.129225 -0.124173 -0.14611 
518 2.50599 17.4508 -0.122563 -0.116493 -0.129132 
519 4.91117 17.4037 -0.130454 -0.126356 -0.1346 
520 7.49627 17.392 -0.129534 -0.125462 -0.13209 
521 10.079 17.4756 -0.126508 -0.12265 -0.134639 
522 12.4539 17.4902 -0.127761 -0.125382 -0.146792 
523 15.0917 17.5262 -0.129803 -0.123508 -0.144587 
524 17.4531 17.5377 -0.124526 -0.124923 -0.139639 
525 19.9358 17.4847 -0.12524 -0.129931 -0.139353 
526 22.5226 17.615 -0.123921 -0.121214 -0.137083 
527 24.879 17.5656 -0.124205 -0.124313 -0.130302 
528 27.2641 17.4044 -0.125613 -0.125233 -0.137617 
529 29.9051 19.9869 -0.132424 -0.121599 -0.143643 
530 2.58692 19.9393 -0.131273 -0.122931 -0.141292 
531 5.17329 19.8401 -0.122389 -0.120993 -0.138084 
532 7.36975 19.8531 -0.129334 -0.1277 -0.137316 
533 9.91616 20.0679 -0.126951 -0.126244 -0.148287 
534 12.6561 19.9721 -0.130232 -0.130007 -0.147432 
535 15.0555 20.1262 -0.130326 -0.123677 -0.144249 
536 17.4487 20.0023 -0.130133 -0.119611 -0.138607 
537 19.9148 20.056 -0.125826 -0.128539 -0.145844 
538 22.334 20.1401 -0.128104 -0.126462 -0.137597 
539 24.9353 20.101 -0.127293 -0.121484 -0.137692 
540 27.4562 20.0728 -0.127282 -0.121624 -0.138704 
541 29.8684 22.6364 -0.125629 -0.126179 -0.13689 
542 2.60533 22.5183 -0.123742 -0.122291 -0.133724 
543 5.08474 22.4847 -0.125134 -0.127157 -0.139451 
544 7.41917 22.3821 -0.125174 -0.122537 -0.134852 
545 10.0162 22.3371 -0.124171 -0.125449 -0.136521 
546 12.5114 22.6288 -0.127001 -0.129124 -0.14239 
547 15.1474 22.6101 -0.125069 -0.13051 -0.144988 
548 17.4835 22.5603 -0.127004 -0.119357 -0.136158 
549 19.9564 22.4986 -0.126705 -0.13422 -0.14487 
550 22.3489 22.6994 -0.124291 -0.121478 -0.129355 
551 24.8812 22.5942 -0.122572 -0.122029 -0.135176 
552 27.3679 22.4286 -0.121909 -0.125396 -0.131139 
553 0.0788264 24.8785 -0.126949 -0.130943 -0.140805 
554 2.61779 24.9558 -0.125483 -0.128852 -0.137614 
555 4.97284 25.063 -0.126943 -0.128939 -0.141795 
556 7.64947 24.855 -0.123297 -0.129049 -0.139376 
557 9.91234 24.9799 -0.118738 -0.12494 -0.139449 
558 12.5625 25.0505 -0.123806 -0.126269 -0.138913 
559 14.9986 24.9804 -0.131332 -0.128676 -0.14039 
560 17.5918 25.0453 -0.130327 -0.132849 -0.139844 
561 19.9363 24.9927 -0.124234 -0.130904 -0.141286 
562 22.4236 25.0448 -0.121097 -0.125986 -0.138016 
563 25.0191 25.0639 -0.116317 -0.12141 -0.135048 
564 27.4578 25.0698 -0.121786 -0.128291 -0.136649 
565 29.9515 27.5712 -0.12634 -0.128107 -0.143168 
566 2.61191 27.6522 -0.124607 -0.12947 -0.139832 
567 5.00245 27.4952 -0.123772 -0.128295 -0.13292 
568 7.38116 27.4892 -0.126543 -0.127342 -0.13302 
569 9.9828 27.4801 -0.124297 -0.127586 -0.129747 
570 12.6288 27.5934 -0.116246 -0.12554 -0.133214 
571 15.0698 27.6123 -0.126933 -0.126163 -0.135695 
572 17.4038 27.5334 -0.127011 -0.129264 -0.139709 
573 20.0306 27.5281 -0.122931 -0.130218 -0.137713 
574 22.5627 27.5143 -0.119656 -0.125802 -0.127063 
575 25.035 27.5106 -0.120127 -0.126719 -0.137286 
576 27.5778 27.5056 -0.124918 -0.125557 -0.133415 
577 0.15786 0.0465523 -0.123032 -0.129903 -0.138613 
578 2.44984 29.8301 -0.131413 -0.132353 -0.138062 
579 4.8917 29.9289 -0.132079 -0.134125 -0.138259 
580 7.50335 0.00942757 -0.123744 -0.125888 -0.13259 
581 10.1013 0.153024 -0.122055 -0.131599 -0.13324 
582 12.4627 0.0553397 -0.12162 -0.123049 -0.13676 
583 14.9117 0.0814918 -0.123781 -0.128269 -0.143288 
584 17.5222 0.125347 -0.127881 -0.13325 -0.136247 
585 19.9482 0.152462 -0.128571 -0.135292 -0.133611 
586 22.5316 29.95 -0.125993 -0.131722 -0.135046 
587 25.0168 0.117174 -0.126543 -0.136288 -0.137457 
588 27.5162 0.091822 -0.124218 -0.12457 -0.137732 
589 29.8878 2.39586 -0.128626 -0.123424 -0.143797 
590 2.37242 2.60759 -0.126618 -0.136365 -0.137315 
591 4.96798 2.36156 -0.129311 -0.134565 -0.136081 
592 7.60766 2.47848 -0.129713 -0.132394 -0.134017 
593 10.0702 2.48039 -0.126994 -0.129774 -0.135053 
594 12.5627 2.53639 -0.134738 -0.128975 -0.138045 
595 15.0481 2.51811 -0.129393 -0.125241 -0.132984 
596 17.4652 2.66075 -0.123778 -0.132432 -0.134929 
597 20.1389 2.54375 -0.127332 -0.133517 -0.135954 
598 22.4266 2.53706 -0.130199 -0.133909 -0.132524 
599 24.9517 2.45324 -0.128536 -0.131031 -0.129693 
600 27.6125 2.4683 -0.135059 -0.126844 -0.142419 
601 29.9758 5.01058 -0.132979 -0.126434 -0.151544 
602 2.64133 4.83125 -0.132014 -0.131404 -0.149503 
603 4.94437 5.07862 -0.12814 -0.132206 -0.146461 
604 7.44313 5.05274 -0.12386 -0.131817 -0.136448 
605 9.96319 5.08173 -0.131202 -0.132477 -0.138953 
606 12.4612 4.89261 -0.133012 -0.134403 -0.144895 
607 15.0949 5.07526 -0.130986 -0.126375 -0.144866 
608 17.5884 5.10355 -0.129419 -0.128384 -0.145189 
609 19.9285 4.93141 -0.123619 -0.129713 -0.144171 
610 22.5021 5.04403 -0.121357 -0.133079 -0.140209 
611 25.0428 4.996 -0.130519 -0.135647 -0.143681 
612 27.5309 4.85921 -0.130329 -0.130993 -0.144793 
613 29.9533 7.40114 -0.135233 -0.129405 -0.14689 
614 2.63225 7.46486 -0.13709 -0.129339 -0.140585 
615 4.92052 7.55136 -0.133357 -0.134409 -0.145479 
616 7.44254 7.37041 -0.132421 -0.126086 -0.135511 
617 9.9476 7.41208 -0.131738 -0.128756 -0.13532 
618 12.4201 7.47571 -0.131552 -0.127593 -0.135031 
619 14.9418 7.5527 -0.129508 -0.125339 -0.136852 
620 17.5046 7.51787 -0.13018 -0.128138 -0.136137 
621 20.0613 7.37158 -0.132167 -0.137398 -0.141668 
622 22.5524 7.45728 -0.132942 -0.132822 -0.139453 
623 24.9551 7.56246 -0.127583 -0.128747 -0.140238 
624 27.486 7.53016 -0.13564 -0.133018 -0.145757 
625 29.9767 9.82735 -0.127214 -0.129205 -0.137725 
626 2.47762 10.0579 -0.12718 -0.125037 -0.139242 
627 4.95547 10.0924 -0.125197 -0.132234 -0.140484 
628 7.54063 9.98902 -0.123501 -0.128402 -0.133656 
629 9.97668 10.0613 -0.121832 -0.127001 -0.136779 
630 12.36 9.95841 -0.12277 -0.127518 -0.141439 
631 14.8899 9.97982 -0.117981 -0.125344 -0.133425 
632 17.5095 9.93222 -0.12681 -0.130469 -0.135257 
633 19.8477 9.97122 -0.124735 -0.135632 -0.136462 
634 22.3426 10.0512 -0.121571 -0.131677 -0.137356 
635 24.8099 10.1195 -0.125912 -0.129643 -0.142903 
636 27.4718 9.97669 -0.126884 -0.128451 -0.138926 
637 0.0216565 12.5387 -0.121317 -0.121286 -0.130887 
638 2.52102 12.5426 -0.125717 -0.124993 -0.137452 
639 5.01468 12.4878 -0.125634 -0.131663 -0.142638 
640 7.44201 12.5619 -0.122949 -0.127921 -0.135455 
641 10.0955 12.4593 -0.125712 -0.128501 -0.134343 
642 12.3702 12.553 -0.125875 -0.123485 -0.135253 
643 15.0514 12.5378 -0.127822 -0.124933 -0.131502 
644 17.2779 12.45 -0.128184 -0.127662 -0.14185 
645 19.9198 12.4211 -0.123052 -0.130363 -0.142895 
646 22.4257 12.5082 -0.125766 -0.130347 -0.136839 
647 24.8896 12.6641 -0.125701 -0.127886 -0.128789 
648 27.3088 12.3388 -0.126378 -0.125931 -0.137458 
649 29.6933 14.9401 -0.126914 -0.127094 -0.141578 
650 2.44357 14.9396 -0.130064 -0.127097 -0.13765 
651 4.99222 14.8643 -0.126123 -0.130925 -0.134285 
652 7.6881 14.9428 -0.125862 -0.127089 -0.1369 
653 10.1257 15.0798 -0.128098 -0.126887 -0.13953 
654 12.5168 15.0794 -0.126574 -0.122688 -0.135918 
655 14.8456 15.0174 -0.127925 -0.129464 -0.141414 
656 17.5182 14.9257 -0.128908 -0.126484 -0.140015 
657 20.0157 15.0331 -0.130797 -0.138466 -0.145867 
658 22.4205 14.9074 -0.12667 -0.126826 -0.142397 
659 24.9809 15.1181 -0.122423 -0.130344 -0.132181 
660 27.4231 14.935 -0.126849 -0.122499 -0.135036 
661 29.9729 17.3811 -0.126332 -0.123388 -0.132273 
662 2.57803 17.4318 -0.128266 -0.13356 -0.134088 
663 4.8493 17.5504 -0.134365 -0.137343 -0.136859 
664 7.54564 17.4847 -0.127842 -0.134488 -0.129634 
665 10.1052 17.4524 -0.125727 -0.129999 -0.13331 
666 12.6212 17.5496 -0.133564 -0.132228 -0.144925 
667 14.9783 17.534 -0.132842 -0.126468 -0.146675 
668 17.4011 17.5608 -0.127308 -0.136386 -0.143472 
669 20.0143 17.5349 -0.125299 -0.1384 -0.139521 
670 22.4561 17.5606 -0.125509 -0.130625 -0.133687 
671 24.815 17.4578 -0.124693 -0.12992 -0.133105 
672 27.3266 17.4136 -0.130184 -0.13105 -0.140067 
673 0.0378529 19.9119 -0.128 -0.123046 -0.142145 
674 2.52166 20.0088 -0.130859 -0.127552 -0.142036 
675 5.16215 19.9859 -0.129088 -0.131888 -0.147163 
676 7.61198 19.9628 -0.125832 -0.132271 -0.137664 
677 10.063 19.9399 -0.131456 -0.134171 -0.145705 
678 12.4095 20.0395 -0.128959 -0.133053 -0.143274 
679 14.9379 20.0046 -0.131469 -0.129408 -0.150118 
680 17.3357 20.0301 -0.1319 -0.129831 -0.146378 
681 19.9157 20.0405 -0.125718 -0.12948 -0.142465 
682 22.4316 20.0402 -0.122524 -0.132514 -0.135128 
683 24.9569 19.9247 -0.131636 -0.129575 -0.134318 
684 27.453 19.9876 -0.123371 -0.129843 -0.138155 
685 29.9148 22.4819 -0.131144 -0.127317 -0.139792 
686 2.39994 22.7621 -0.131697 -0.125515 -0.138091 
687 4.88777 22.4257 -0.132075 -0.134538 -0.143753 
688 7.56924 22.5334 -0.135981 -0.132127 -0.142257 
689 9.99177 22.5826 -0.128606 -0.128792 -0.139676 
690 12.5738 22.331 -0.13388 -0.132543 -0.146257 
691 14.9246 22.5357 -0.133037 -0.128602 -0.146119 
692 17.4975 22.6311 -0.134118 -0.129893 -0.143452 
693 19.9661 22.3979 -0.129069 -0.136682 -0.145474 
694 22.4961 22.5071 -0.131516 -0.126907 -0.137626 
695 24.9763 22.5398 -0.132599 -0.128679 -0.134348 
696 27.4958 22.3203 -0.137233 -0.129649 -0.135637 
697 0.092011 25.0598 -0.124902 -0.127207 -0.136882 
698 2.54444 25.0523 -0.125472 -0.129554 -0.13576 
699 5.02023 24.9715 -0.127561 -0.133709 -0.138257 
700 7.39208 25.0077 -0.126305 -0.131833 -0.138474 
701 9.93614 25.0731 -0.128166 -0.132183 -0.14354 
702 12.4666 25.109 -0.129335 -0.129404 -0.138083 
703 15.0138 24.989 -0.127961 -0.126696 -0.136501 
704 17.5406 24.9974 -0.128527 -0.128787 -0.137334 
705 19.9979 24.9712 -0.126489 -0.136562 -0.138223 
706 22.3934 25.0697 -0.126661 -0.130409 -0.129863 
707 25.0831 24.8906 -0.126521 -0.127473 -0.137414 
708 27.5175 24.8536 -0.130927 -0.130626 -0.14053 
709 29.8484 27.3786 -0.129745 -0.128399 -0.131557 
710 2.44849 27.4368 -0.128997 -0.126769 -0.133286 
711 4.93803 27.2964 -0.124963 -0.128005 -0.139612 
712 7.51953 27.6214 -0.124511 -0.131549 -0.133586 
713 9.95573 27.4686 -0.125667 -0.130978 -0.137188 
714 12.488 27.4054 -0.124524 -0.12234 -0.135206 
715 14.9972 27.5679 -0.126164 -0.12312 -0.136364 
716 17.5064 27.7081 -0.129302 -0.130996 -0.141084 
717 19.9581 27.5925 -0.126771 -0.133771 -0.134763 
718 22.5212 27.514 -0.121541 -0.127905 -0.133098 
719 24.9951 27.4274 -0.130266 -0.132519 -0.140188 
720 27.3791 27.4838 -0.123442 -0.126087 -0.138368 
721 29.9458 0.0039057 -0.120912 -0.127374 -0.140026 
722 2.71555 29.9228 -0.122144 -0.122168 -0.135585 
723 5.17048 29.9034 -0.125724 -0.132838 -0.137127 
724 7.5748 29.9921 -0.121813 -0.123697 -0.134583 
725 10.041 29.9359 -0.117165 -0.130526 -0.136824 
726 12.6151 0.0815582 -0.122734 -0.123225 -0.145178 
727 14.9178 0.080409 -0.126518 -0.130943 -0.137567 
728 17.5042 0.216139 -0.119682 -0.124391 -0.13637 
729 20.0891 0.0291642 -0.115105 -0.124634 -0.134622 
730 22.5079 0.0986326 -0.114881 -0.123692 -0.130834 
731 24.9541 0.0921202 -0.119594 -0.130134 -0.137999 
732 27.42 0.0431652 -0.115766 -0.116958 -0.142159 
733 0.0471807 2.52705 -0.12361 -0.117259 -0.141023 
734 2.50551 2.48658 -0.121314 -0.126763 -0.138124 
735 5.00206 2.33733 -0.120385 -0.126851 -0.13887 
736 7.46451 2.59053 -0.12253 -0.125723 -0.136943 
737 9.94771 2.52973 -0.122702 -0.126733 -0.136669 
738 12.4256 2.57716 -0.129623 -0.12333 -0.142629 
739 14.9858 2.61013 -0.13093 -0.123948 -0.141028 
740 17.605 2.60313 -0.118121 -0.120115 -0.134077 
741 19.9235 2.54704 -0.118192 -0.129814 -0.135045 
742 22.4339 2.51892 -0.123359 -0.131268 -0.137926 
743 24.9474 2.59151 -0.116818 -0.122783 -0.124779 
744 27.5536 2.61199 -0.125048 -0.118991 -0.138902 
745 0.113945 4.94013 -0.127365 -0.122933 -0.153513 
746 2.4873 5.00799 -0.122219 -0.123002 -0.149531 
747 4.96529 4.9396 -0.123529 -0.129977 -0.14964 
748 7.46804 5.02278 -0.117294 -0.124307 -0.135792 
749 10.0057 4.99935 -0.125237 -0.123179 -0.139238 
750 12.6175 5.02575 -0.126462 -0.125721 -0.152083 
751 14.9777 5.06981 -0.125619 -0.11854 -0.142533 
752 17.5454 5.06296 -0.125658 -0.125786 -0.140784 
753 19.9907 4.92966 -0.132046 -0.140458 -0.153856 
754 22.5671 4.952 -0.126087 -0.125885 -0.141789 
755 24.9301 4.98561 -0.128796 -0.130266 -0.14952 
756 27.5625 5.01388 -0.126864 -0.120847 -0.14408 
757 0.109903 7.42156 -0.122407 -0.123385 -0.14036 
758 2.50837 7.49982 -0.126827 -0.122552 -0.138852 
759 4.9927 7.56621 -0.124646 -0.12668 -0.147356 
760 7.4569 7.49879 -0.129048 -0.119134 -0.139936 
761 9.90737 7.5375 -0.129531 -0.123558 -0.13747 
762 12.4445 7.65412 -0.125181 -0.122507 -0.140198 
763 14.8874 7.37961 -0.124776 -0.122244 -0.12799 
764 17.5797 7.5192 -0.133273 -0.129863 -0.147163 
765 20.1831 7.47741 -0.132188 -0.135657 -0.142451 
766 22.6426 7.64924 -0.133443 -0.128818 -0.138246 
767 24.9112 7.48406 -0.128991 -0.125608 -0.139147 
768 27.3257 7.2935 -0.130711 -0.132992 -0.148939 
769 29.9126 9.93821 -0.132705 -0.126111 -0.136857 
770 2.49984 9.99442 -0.125657 -0.124816 -0.132774 
771 5.0876 9.90513 -0.122183 -0.131891 -0.135296 
772 7.62275 10.142 -0.120243 -0.12366 -0.133526 
773 10.0442 10.0714 -0.122503 -0.122866 -0.132298 
774 12.4203 10.0822 -0.120133 -0.12181 -0.132299 
775 15.1908 10.0314 -0.127984 -0.126294 -0.128687 
776 17.6326 9.98538 -0.129796 -0.130383 -0.134357 
777 20.0787 9.87804 -0.12674 -0.138783 -0.140318 
778 22.4937 9.97232 -0.122585 -0.133515 -0.136927 
779 25.0943 10.0901 -0.132527 -0.133271 -0.144836 
780 27.4649 9.75208 -0.126977 -0.123781 -0.149034 
781 29.9489 12.5219 -0.126546 -0.124086 -0.131688 
782 2.55226 12.4669 -0.125829 -0.128125 -0.145058 
783 5.0932 12.4825 -0.117613 -0.12297 -0.132765 
784 7.57909 12.5033 -0.11397 -0.121767 -0.13424 
785 10.0579 12.6712 -0.122489 -0.120363 -0.133615 
786 12.4868 12.4656 -0.122813 -0.121562 -0.142449 
787 14.9688 12.5855 -0.127242 -0.126301 -0.131883 
788 17.3756 12.662 -0.126267 -0.129705 -0.140295 
789 20.0244 12.4978 -0.120915 -0.128183 -0.136185 
790 22.451 12.4598 -0.124238 -0.134085 -0.139994 
791 24.9751 12.5736 -0.126127 -0.129208 -0.132148 
792 27.3349 12.5393 -0.122638 -0.124125 -0.140083 
793 29.8302 14.9899 -0.125499 -0.127308 -0.138885 
794 2.46208 15.0681 -0.122394 -0.126424 -0.137425 
795 5.04973 14.8467 -0.123178 -0.125737 -0.132815 
796 7.65535 15.0015 -0.12169 -0.127362 -0.135048 
797 10.0299 15.0462 -0.122939 -0.127742 -0.139002 
798 12.5552 15.0111 -0.121162 -0.121388 -0.142822 
799 14.9367 15.0609 -0.1206 -0.132129 -0.142376 
800 17.4989 15.0807 -0.124996 -0.126203 -0.140717 
801 19.9445 15.0354 -0.12977 -0.136648 -0.14275 
802 22.4302 14.8952 -0.125169 -0.12618 -0.139555 
803 24.8858 15.0147 -0.115776 -0.13114 -0.134121 
804 27.3912 15.072 -0.120418 -0.117526 -0.144517 
805 29.9082 17.4227 -0.12468 -0.118281 -0.134826 
806 2.50308 17.4137 -0.118125 -0.120242 -0.133811 
807 4.98949 17.4904 -0.118204 -0.124189 -0.129953 
808 7.48785 17.4427 -0.127629 -0.130618 -0.140709 
809 10.0302 17.6139 -0.121904 -0.125609 -0.133604 
810 12.5213 17.613 -0.126476 -0.123983 -0.140356 
811 15.0211 17.5482 -0.118855 -0.121817 -0.137889 
812 17.5399 17.6036 -0.121295 -0.124696 -0.140056 
813 19.8738 17.5961 -0.118967 -0.12815 -0.141665 
814 22.4143 17.33 -0.119943 -0.12274 -0.132116 
815 24.9386 17.3347 -0.120053 -0.119933 -0.129557 
816 27.4169 17.6561 -0.124479 -0.123086 -0.14161 
817 0.0293145 20.0528 -0.123759 -0.1175 -0.138596 
818 2.63334 19.9524 -0.124745 -0.12184 -0.14132 
819 5.022 19.9927 -0.12965 -0.138066 -0.15457 
820 7.35103 19.9499 -0.122524 -0.126047 -0.141703 
821 9.9589 19.9596 -0.131665 -0.130781 -0.152213 
822 12.4975 20.0996 -0.130059 -0.130321 -0.153828 
823 14.8831 19.8962 -0.132298 -0.126268 -0.150311 
824 17.4172 20.0917 -0.122121 -0.123336 -0.144599 
825 19.9248 19.974 -0.124687 -0.132753 -0.154089 
826 22.3862 20.0749 -0.117061 -0.123824 -0.134066 
827 24.7909 20.068 -0.129521 -0.12622 -0.1399 
828 27.443 20.0387 -0.129764 -0.127061 -0.147877 
829 29.9709 22.4704 -0.125183 -0.125075 -0.133836 
830 2.57215 22.3008 -0.133418 -0.130991 -0.153143 
831 4.92724 22.5156 -0.130393 -0.131192 -0.14144 
832 7.39505 22.5603 -0.12646 -0.126671 -0.138146 
833 9.77515 22.5826 -0.124219 -0.127419 -0.135669 
834 12.4077 22.5561 -0.133109 -0.135129 -0.149063 
835 14.9541 22.5013 -0.126956 -0.124428 -0.145589 
836 17.4871 22.5333 -0.126289 -0.12635 -0.144079 
837 19.9889 22.5702 -0.117134 -0.127339 -0.150137 
838 22.5188 22.4914 -0.124649 -0.119279 -0.139702 
839 24.8874 22.5487 -0.128653 -0.125659 -0.139064 
840 27.4812 22.5084 -0.123041 -0.123868 -0.136047 
841 29.974 24.9113 -0.126894 -0.131988 -0.133615 
842 2.4705 24.9851 -0.125024 -0.133712 -0.133927 
843 4.93094 25.1412 -0.126263 -0.131229 -0.136551 
844 7.53915 24.9794 -0.124219 -0.134305 -0.137747 
845 9.88348 25.0879 -0.127099 -0.135312 -0.146606 
846 12.4664 24.981 -0.122418 -0.130446 -0.147985 
847 14.9112 24.9394 -0.128445 -0.12495 -0.137418 
848 17.2612 25.086 -0.123303 -0.125204 -0.130742 
849 19.8303 25.1146 -0.121016 -0.134843 -0.134601 
850 22.2919 24.9848 -0.121839 -0.128334 -0.135276 
851 24.8905 25.0044 -0.119249 -0.123375 -0.132641 
852 27.4247 24.9886 -0.120217 -0.122938 -0.137683 
853 29.9248 27.5561 -0.121938 -0.124407 -0.130586 
854 2.40637 27.4984 -0.124599 -0.127972 -0.138885 
855 4.96038 27.3992 -0.119579 -0.124924 -0.133409 
856 7.48129 27.5643 -0.126776 -0.130227 -0.140229 
857 10.0005 27.4081 -0.121625 -0.130536 -0.134467 
858 12.359 27.5347 -0.120775 -0.123738 -0.142813 
859 14.9625 27.5259 -0.122663 -0.123469 -0.136413 
860 17.47 27.5875 -0.127969 -0.133053 -0.145885 
861 19.8303 27.4995 -0.117718 -0.123379 -0.133498 
862 22.3988 27.6631 -0.119441 -0.126689 -0.133841 
863 24.8747 27.3923 -0.122976 -0.121513 -0.137421 
864 27.4792 27.4937 -0.12276 -0.121952 -0.140332 
865 29.8709 0.00581621 -0.118032 -0.12473 -0.137379 
866 2.50071 0.103574 -0.119911 -0.122023 -0.139593 
867 4.9519 0.0219796 -0.128491 -0.128601 -0.142108 
868 7.46222 29.9446 -0.122165 -0.120357 -0.136868 
869 10.0037 0.02375 -0.113211 -0.125472 -0.135787 
870 12.4929 29.952 -0.121895 -0.12018 -0.144453 
871 14.8989 0.143369 -0.124057 -0.127362 -0.14238 
872 17.4133 0.0074909 -0.120763 -0.127747 -0.141561 
873 20.0913 29.9096 -0.118823 -0.121561 -0.135892 
874 22.3572 0.0237237 -0.117479 -0.126747 -0.135286 
875 24.9115 29.9395 -0.116548 -0.121477 -0.136966 
876 27.3449 0.0040524 -0.119766 -0.118079 -0.141813 
877 29.8513 2.52389 -0.125956 -0.124243 -0.142959 
878 2.37455 2.62505 -0.116207 -0.122932 -0.140852 
879 4.92696 2.52512 -0.124774 -0.124865 -0.138077 
880 7.40569 2.44585 -0.124215 -0.123866 -0.139626 
881 10.0167 2.60633 -0.119683 -0.119866 -0.136987 
882 12.4559 2.46549 -0.125042 -0.128267 -0.141588 
883 14.8973 2.58235 -0.125774 -0.12395 -0.138814 
884 17.4425 2.5639 -0.118744 -0.12266 -0.133963 
885 20.1174 2.4488 -0.124955 -0.132181 -0.143073 
886 22.5349 2.52421 -0.123165 -0.131598 -0.140885 
887 24.974 2.48002 -0.121312 -0.121193 -0.126191 
888 27.4104 2.56993 -0.125647 -0.124298 -0.140322 
889 29.9624 4.92678 -0.129913 -0.122207 -0.146226 
890 2.57672 5.02631 -0.122876 -0.115295 -0.150602 
891 5.11817 5.06891 -0.122689 -0.125743 -0.152352 
892 7.56408 5.10141 -0.116893 -0.124179 -0.139109 
893 9.95233 5.05873 -0.125431 -0.123762 -0.141695 
894 12.3467 4.91385 -0.125579 -0.124409 -0.14788 
895 15.1044 5.0983 -0.124443 -0.117162 -0.141329 
896 17.4929 4.9131 -0.126384 -0.123211 -0.144758 
897 20.0403 4.98677 -0.127638 -0.133749 -0.154813 
898 22.6564 4.9379 -0.12377 -0.127293 -0.140173 
899 24.9227 5.01234 -0.134059 -0.121334 -0.144627 
900 27.5399 5.05771 -0.12866 -0.124405 -0.143587 
901 29.894 7.71156 -0.126537 -0.120556 -0.136327 
902 2.4623 7.42808 -0.125364 -0.123175 -0.139728 
903 4.85652 7.55697 -0.119806 -0.128631 -0.146508 
904 7.44971 7.56713 -0.125989 -0.123039 -0.137865 
905 10.0147 7.5577 -0.128314 -0.124275 -0.134754 
906 12.4842 7.54606 -0.121906 -0.125632 -0.134823 
907 14.8464 7.32694 -0.125232 -0.122044 -0.131615 
908 17.5647 7.36115 -0.131373 -0.135522 -0.14535 
909 20.0209 7.42372 -0.13077 -0.140195 -0.144903 
910 22.5314 7.36772 -0.130983 -0.131485 -0.138033 
911 25.1317 7.49402 -0.135518 -0.129171 -0.145008 
912 27.678 7.38246 -0.131761 -0.131686 -0.145762 
913 0.163083 9.98928 -0.131749 -0.119137 -0.139464 
914 2.50506 9.95208 -0.123844 -0.124778 -0.137509 
915 5.01683 9.87811 -0.120026 -0.124989 -0.133893 
916 7.46128 9.93137 -0.119464 -0.124612 -0.137023 
917 10.0147 9.99558 -0.115868 -0.11461 -0.128924 
918 12.4786 10.2095 -0.128811 -0.127368 -0.140471 
919 15.0393 9.94268 -0.127466 -0.126617 -0.131735 
920 17.521 9.89853 -0.123116 -0.134808 -0.135737 
921 20.0629 9.96048 -0.122983 -0.132249 -0.136257 
922 22.5088 10.0895 -0.126803 -0.139394 -0.138655 
923 25.0466 9.8471 -0.12822 -0.129886 -0.143296 
924 27.4797 9.99566 -0.128281 -0.125942 -0.147423 
925 29.9561 12.4547 -0.124434 -0.117156 -0.131429 
926 2.53088 12.4488 -0.123089 -0.128104 -0.140604 
927 5.1127 12.5265 -0.119037 -0.124626 -0.132633 
928 7.61563 12.6227 -0.115754 -0.121148 -0.125988 
929 10.0654 12.6334 -0.123682 -0.124113 -0.131407 
930 12.6575 12.6562 -0.125367 -0.121449 -0.137621 
931 14.9222 12.5987 -0.129815 -0.126646 -0.135052 
932 17.5007 12.4978 -0.124049 -0.13292 -0.141691 
933 20.0192 12.5479 -0.129041 -0.135092 -0.142515 
934 22.6375 12.6384 -0.130956 -0.136491 -0.141928 
935 24.9856 12.5661 -0.125304 -0.129316 -0.132935 
936 27.5587 12.5249 -0.124395 -0.120063 -0.137561 
937 0.0617671 15.0773 -0.125333 -0.126915 -0.138434 
938 2.47148 14.9283 -0.120422 -0.12434 -0.142171 
939 4.97838 14.908 -0.116466 -0.11781 -0.13112 
940 7.56529 14.9609 -0.119177 -0.123557 -0.139858 
941 10.052 15.0719 -0.124688 -0.125674 -0.14229 
942 12.6556 15.0718 -0.121394 -0.11614 -0.143896 
943 15.1401 14.9599 -0.122283 -0.125126 -0.14123 
944 17.5694 15.0292 -0.12151 -0.123331 -0.138816 
945 20.0995 15.145 -0.129345 -0.130751 -0.141778 
946 22.3752 14.9822 -0.123376 -0.126307 -0.135801 
947 24.9715 15.1813 -0.119328 -0.124133 -0.132571 
948 27.5049 14.8888 -0.119314 -0.116169 -0.143213 
949 29.9479 17.5163 -0.126077 -0.122344 -0.136198 
950 2.53807 17.4114 -0.11479 -0.117765 -0.128584 
951 4.98779 17.6311 -0.120369 -0.128266 -0.132106 
952 7.41668 17.4201 -0.122533 -0.134697 -0.145824 
953 10.0874 17.5935 -0.12329 -0.12555 -0.133675 
954 12.4825 17.5242 -0.125299 -0.123024 -0.145051 
955 15.0344 17.6223 -0.12574 -0.120952 -0.143747 
956 17.6036 17.4682 -0.116856 -0.126084 -0.139731 
957 20.065 17.6039 -0.119957 -0.128492 -0.13721 
958 22.5426 17.4482 -0.123504 -0.12571 -0.137871 
959 25.017 17.6178 -0.122696 -0.125019 -0.136162 
960 27.4961 17.4684 -0.126984 -0.122115 -0.140128 
961 29.8631 19.7861 -0.12578 -0.114036 -0.142577 
962 2.52737 19.8866 -0.126888 -0.119661 -0.144413 
963 4.95918 20.0031 -0.126339 -0.132857 -0.150316 
964 7.45786 20.0352 -0.121272 -0.120886 -0.136158 
965 9.96955 20.0293 -0.126203 -0.12401 -0.147299 
966 12.4758 20.0204 -0.12559 -0.123693 -0.149031 
967 15.0283 20.0576 -0.12671 -0.119847 -0.145158 
968 17.4324 19.9827 -0.123775 -0.118409 -0.148325 
969 20.0564 20.0628 -0.127904 -0.12739 -0.157467 
970 22.4972 20.0627 -0.118812 -0.123007 -0.135717 
971 25.0042 20.1038 -0.121338 -0.121746 -0.140396 
972 27.4359 19.9393 -0.124702 -0.122137 -0.148235 
973 29.9084 22.4007 -0.128247 -0.127526 -0.136213 
974 2.3348 22.3996 -0.130426 -0.130084 -0.141261 
975 4.95765 22.4038 -0.129753 -0.131559 -0.139995 
976 7.3384 22.5246 -0.133301 -0.131126 -0.14088 
977 9.92226 22.4152 -0.13164 -0.128894 -0.140865 
978 12.5057 22.3213 -0.132154 -0.138531 -0.151266 
979 15.0242 22.5357 -0.125746 -0.122853 -0.139477 
980 17.616 22.5993 -0.124494 -0.12709 -0.13567 
981 19.9888 22.5722 -0.127091 -0.129002 -0.152553 
982 22.4487 22.4699 -0.130074 -0.127374 -0.139191 
983 25.0096 22.489 -0.125633 -0.124257 -0.133942 
984 27.4654 22.5172 -0.127129 -0.125122 -0.137222 
985 29.8482 24.9505 -0.130438 -0.126808 -0.138976 
986 2.45369 24.971 -0.121502 -0.131107 -0.140092 
987 4.95863 24.9189 -0.123129 -0.127504 -0.1377 
988 7.42724 24.9748 -0.119121 -0.129972 -0.137925 
989 10.0498 24.8664 -0.132291 -0.137997 -0.146848 
990 12.5305 25.0256 -0.123746 -0.126586 -0.150304 
991 15.005 25.1064 -0.129085 -0.122643 -0.139868 
992 17.5164 25.1034 -0.12072 -0.125782 -0.139043 
993 19.9973 25.116 -0.119888 -0.127203 -0.142506 
994 22.3759 24.942 -0.120894 -0.125032 -0.141403 
995 24.9938 25.0075 -0.117672 -0.11459 -0.131329 
996 27.3943 25.0947 -0.12157 -0.127456 -0.144179 
997 29.9222 27.5227 -0.126567 -0.12515 -0.126768 
998 2.49307 27.4976 -0.117773 -0.134208 -0.141085 
999 5.09396 27.5194 -0.118319 -0.128442 -0.13355 
1000 7.48681 27.5005 -0.120977 -0.131366 -0.139745 
1001 9.99203 27.4459 -0.12589 -0.130528 -0.134585 
1002 12.3836 27.4006 -0.127387 -0.128234 -0.141702 
1003 14.9533 27.5542 -0.124585 -0.122382 -0.133247 
1004 17.5355 27.5871 -0.121772 -0.130789 -0.144603 
1005 20.0094 27.5017 -0.119158 -0.12242 -0.138149 
1006 22.4395 27.328 -0.111746 -0.120443 -0.128631 
1007 24.9065 27.4016 -0.124944 -0.123944 -0.137161 
1008 27.5467 27.6097 -0.121909 -0.12128 -0.135417 
1009 29.9026 29.983 -0.122099 -0.127149 -0.138723 
1010 2.48756 0.0300512 -0.12998 -0.127611 -0.144768 
1011 4.96026 0.0842375 -0.130571 -0.134426 -0.141434 
1012 7.57841 29.9868 -0.126634 -0.128803 -0.140889 
1013 10.1382 0.132172 -0.124958 -0.129276 -0.130883 
1014 12.506 0.0214105 -0.121209 -0.121963 -0.139131 
1015 14.8057 29.996 -0.123191 -0.12517 -0.144474 
1016 17.5669 0.116958 -0.12615 -0.128391 -0.135541 
1017 20.0742 0.0363767 -0.122316 -0.128539 -0.133872 
1018 22.5053 29.9702 -0.124116 -0.128204 -0.136926 
1019 25.0663 0.0516104 -0.127453 -0.128731 -0.13834 
1020 27.4977 0.0897198 -0.123592 -0.123974 -0.137894 
1021 0.108287 2.46822 -0.124682 -0.121587 -0.144865 
1022 2.58154 2.48265 -0.122302 -0.129619 -0.140779 
1023 5.07232 2.6791 -0.118271 -0.132647 -0.135184 
1024 7.55852 2.52377 -0.124814 -0.130028 -0.137973 
1025 9.96911 2.50381 -0.124419 -0.125147 -0.136495 
1026 12.4933 2.49977 -0.12525 -0.121344 -0.135713 
1027 14.993 2.55232 -0.121468 -0.121296 -0.139685 
1028 17.468 2.53376 -0.126864 -0.130803 -0.141671 
1029 20.1288 2.53614 -0.127532 -0.131677 -0.147341 
1030 22.671 2.49859 -0.126528 -0.132633 -0.137737 
1031 25.0081 2.52185 -0.120926 -0.124836 -0.133386 
1032 27.5869 2.52984 -0.127353 -0.121683 -0.139776 
1033 0.15007 4.97631 -0.129573 -0.119721 -0.144356 
1034 2.60618 5.10715 -0.127646 -0.12147 -0.154609 
1035 5.15309 5.0419 -0.126101 -0.128845 -0.146913 
1036 7.65617 5.115 -0.120231 -0.126396 -0.135009 
1037 9.93466 4.9841 -0.128079 -0.12658 -0.135579 
1038 12.3437 5.02269 -0.124596 -0.123358 -0.133919 
1039 15.0907 5.01954 -0.128343 -0.121615 -0.145583 
1040 17.5545 5.01429 -0.13005 -0.125566 -0.14581 
1041 20.074 5.01997 -0.123336 -0.130659 -0.144492 
1042 22.4648 5.01885 -0.126345 -0.131035 -0.138752 
1043 24.9281 4.82978 -0.129876 -0.131891 -0.148396 
1044 27.4139 4.9329 -0.129561 -0.124699 -0.142782 
1045 29.9674 7.47447 -0.125842 -0.12192 -0.141154 
1046 2.49348 7.54085 -0.127292 -0.124577 -0.141608 
1047 5.06147 7.62138 -0.123468 -0.13073 -0.148218 
1048 7.59658 7.47529 -0.124268 -0.121314 -0.133407 
1049 10.12 7.46121 -0.127586 -0.125833 -0.139453 
1050 12.5531 7.52035 -0.126744 -0.123135 -0.132857 
1051 15.0254 7.44494 -0.127874 -0.12081 -0.137387 
1052 17.5521 7.37763 -0.128475 -0.124684 -0.139167 
1053 20.1013 7.48465 -0.128453 -0.129391 -0.143465 
1054 22.4373 7.53981 -0.126261 -0.128954 -0.138351 
1055 25.119 7.51213 -0.123006 -0.125652 -0.137374 
1056 27.4815 7.4174 -0.131649 -0.130196 -0.141858 
1057 0.147357 9.99967 -0.122136 -0.124929 -0.133014 
1058 2.62319 10.068 -0.126967 -0.128012 -0.140858 
1059 5.17288 9.95228 -0.124252 -0.133908 -0.136861 
1060 7.75429 10.075 -0.118353 -0.128469 -0.130105 
1061 10.2269 9.95157 -0.122031 -0.125516 -0.133442 
1062 12.586 9.97619 -0.127951 -0.128691 -0.138132 
1063 14.9864 9.86714 -0.122964 -0.128803 -0.132712 
1064 17.4793 10.0021 -0.126305 -0.128907 -0.13613 
1065 19.9766 10.0101 -0.123281 -0.133119 -0.137553 
1066 22.5648 9.98341 -0.122891 -0.134818 -0.13814 
1067 25.0012 9.96724 -0.125138 -0.129998 -0.142991 
1068 27.4888 9.95996 -0.124823 -0.128105 -0.139278 
1069 29.9748 12.5404 -0.12357 -0.123981 -0.133261 
1070 2.66854 12.3777 -0.124622 -0.124416 -0.139134 
1071 5.09645 12.4688 -0.120968 -0.12363 -0.139644 
1072 7.46787 12.4288 -0.125473 -0.126559 -0.133911 
1073 10.0127 12.5463 -0.122238 -0.125864 -0.133067 
1074 12.4505 12.5896 -0.123899 -0.120284 -0.136542 
1075 15.0086 12.5925 -0.128944 -0.124684 -0.142932 
1076 17.5652 12.4155 -0.128142 -0.129873 -0.141032 
1077 19.9547 12.5303 -0.119435 -0.128649 -0.141163 
1078 22.3814 12.5315 -0.124395 -0.130469 -0.138569 
1079 25.078 12.3923 -0.119504 -0.124065 -0.127331 
1080 27.5154 12.5089 -0.125415 -0.126315 -0.137356 
1081 29.9044 15.0156 -0.12455 -0.120808 -0.140098 
1082 2.44008 14.9724 -0.124749 -0.127264 -0.13663 
1083 4.9767 14.9761 -0.128085 -0.127792 -0.134346 
1084 7.62394 14.9854 -0.126325 -0.130291 -0.135857 
1085 10.0392 15.1331 -0.128173 -0.132258 -0.14181 
1086 12.5067 14.9453 -0.126344 -0.124498 -0.141759 
1087 15.1045 14.9721 -0.126409 -0.124797 -0.140692 
1088 17.5707 14.8477 -0.130829 -0.129986 -0.144908 
1089 19.9381 14.8402 -0.132677 -0.133488 -0.144765 
1090 22.5499 14.9999 -0.126876 -0.126569 -0.142353 
1091 25.0751 14.9762 -0.123089 -0.127279 -0.127789 
1092 27.3874 14.9232 -0.128625 -0.126307 -0.137094 
1093 0.0837208 17.4297 -0.12521 -0.123867 -0.132719 
1094 2.59192 17.419 -0.1256 -0.129767 -0.134795 
1095 5.05509 17.3619 -0.125627 -0.129703 -0.134122 
1096 7.648 17.5844 -0.130245 -0.132876 -0.134874 
1097 9.90709 17.502 -0.1235 -0.131813 -0.133719 
1098 12.5894 17.6032 -0.131186 -0.125647 -0.139708 
1099 15.1672 17.3544 -0.12711 -0.124584 -0.144933 
1100 17.5461 17.4766 -0.128047 -0.131264 -0.137012 
1101 20.0416 17.4151 -0.121797 -0.13645 -0.140965 
1102 22.6118 17.4212 -0.126467 -0.131728 -0.13807 
1103 24.8956 17.5495 -0.120993 -0.125238 -0.134886 
1104 27.2875 17.4786 -0.127399 -0.123033 -0.134553 
1105 0.174215 19.7927 -0.13076 -0.124335 -0.145193 
1106 2.5083 19.8657 -0.128102 -0.126109 -0.14316 
1107 5.00171 20.0367 -0.123296 -0.132475 -0.141738 
1108 7.41857 20.1277 -0.125944 -0.13083 -0.137892 
1109 9.99132 20.1541 -0.129945 -0.132384 -0.146549 
1110 12.6196 20.0591 -0.126265 -0.129411 -0.145571 
1111 15.0137 20.0215 -0.134086 -0.125676 -0.15353 
1112 17.4936 19.871 -0.130406 -0.124437 -0.145382 
1113 19.9596 19.9966 -0.126539 -0.130289 -0.149811 
1114 22.4792 19.9659 -0.126942 -0.130904 -0.143219 
1115 25.0174 19.9271 -0.129717 -0.12717 -0.138605 
1116 27.4344 19.9866 -0.126975 -0.128199 -0.143328 
1117 29.9712 22.4533 -0.127563 -0.122362 -0.137746 
1118 2.38553 22.4919 -0.131027 -0.128563 -0.139138 
1119 4.88064 22.6298 -0.131478 -0.132417 -0.143343 
1120 7.41653 22.6477 -0.128074 -0.129759 -0.133544 
1121 9.91354 22.6566 -0.126358 -0.127668 -0.139345 
1122 12.4867 22.6314 -0.134167 -0.132614 -0.143292 
1123 14.9675 22.5723 -0.129213 -0.124637 -0.142409 
1124 17.5331 22.4938 -0.131877 -0.127655 -0.137834 
1125 19.9456 22.5257 -0.129871 -0.13102 -0.145856 
1126 22.4132 22.5674 -0.131601 -0.1264 -0.135352 
1127 24.9742 22.4897 -0.129539 -0.125362 -0.136208 
1128 27.4515 22.4809 -0.130804 -0.127523 -0.133257 
1129 29.957 24.896 -0.123604 -0.124322 -0.134128 
1130 2.41702 24.8846 -0.132962 -0.134984 -0.140448 
1131 4.86505 24.9851 -0.12571 -0.132057 -0.135595 
1132 7.48994 25.1341 -0.126692 -0.134772 -0.142402 
1133 9.9385 25.0796 -0.127118 -0.130004 -0.146098 
1134 12.44 24.9835 -0.126089 -0.130012 -0.139557 
1135 14.9934 25.0267 -0.128242 -0.126272 -0.137616 
1136 17.4838 25.0434 -0.132736 -0.130193 -0.139726 
1137 19.8704 24.9338 -0.127675 -0.135508 -0.141981 
1138 22.4205 25.0601 -0.124291 -0.132766 -0.132963 
1139 24.89 25.0723 -0.121718 -0.129846 -0.133467 
1140 27.4641 25.0607 -0.12584 -0.128178 -0.140528 
1141 29.9137 27.3719 -0.122433 -0.125166 -0.129926 
1142 2.5121 27.5489 -0.126619 -0.128342 -0.138061 
1143 5.10313 27.458 -0.115577 -0.126164 -0.137122 
1144 7.37208 27.576 -0.122315 -0.132028 -0.138587 
1145 10.0482 27.6161 -0.118696 -0.126543 -0.133853 
1146 12.4049 27.5324 -0.121325 -0.122602 -0.138558 
1147 14.849 27.3669 -0.117466 -0.122823 -0.132715 
1148 17.5687 27.7019 -0.129599 -0.126986 -0.145198 
1149 19.9494 27.434 -0.120908 -0.128142 -0.146618 
1150 22.4684 27.483 -0.123348 -0.128113 -0.13836 
1151 24.94 27.6615 -0.122773 -0.128093 -0.140383 
1152 27.5109 27.5276 -0.122368 -0.124943 -0.139706 
1153 0.179846 29.7486 -0.123138 -0.123542 -0.139779 
1154 2.49308 0.0683697 -0.122432 -0.121585 -0.142149 
1155 5.00345 29.9953 -0.124842 -0.124188 -0.13843 
1156 7.53055 0.144946 -0.124807 -0.118858 -0.139492 
1157 10.0059 29.9489 -0.117063 -0.120573 -0.131901 
1158 12.6038 0.00461119 -0.124612 -0.117474 -0.137649 
1159 14.9693 0.013776 -0.124312 -0.122 -0.13648 
1160 17.4974 0.0277267 -0.127375 -0.126095 -0.143874 
1161 20.0953 0.0497476 -0.121783 -0.120266 -0.132882 
1162 22.642 0.0216944 -0.124303 -0.124349 -0.139822 
1163 25.0661 0.0239959 -0.123979 -0.129568 -0.141588 
1164 27.5691 0.0806263 -0.126484 -0.122501 -0.144138 
1165 29.9326 2.56706 -0.12881 -0.121715 -0.142309 
1166 2.5686 2.63306 -0.118971 -0.121558 -0.139528 
1167 5.07251 2.6036 -0.122316 -0.127334 -0.136788 
1168 7.6888 2.57548 -0.121828 -0.12006 -0.137287 
1169 10.0351 2.52211 -0.119519 -0.119938 -0.134539 
1170 12.591 2.59323 -0.122147 -0.121858 -0.133458 
1171 15.0378 2.5605 -0.126801 -0.119632 -0.142916 
1172 17.6057 2.53122 -0.11943 -0.117432 -0.130353 
1173 20.1795 2.59175 -0.128477 -0.123813 -0.138967 
1174 22.549 2.47788 -0.123731 -0.126887 -0.136094 
1175 24.9906 2.47961 -0.12337 -0.125188 -0.135858 
1176 27.4785 2.48689 -0.123961 -0.123876 -0.143101 
1177 0.114544 4.87562 -0.12641 -0.118167 -0.14074 
1178 2.54535 4.8505 -0.129794 -0.122594 -0.137112 
1179 5.06875 5.06185 -0.125033 -0.123323 -0.141774 
1180 7.59753 4.87659 -0.126091 -0.12563 -0.136015 
1181 10.1543 4.9147 -0.124095 -0.121323 -0.136533 
1182 12.5943 4.99423 -0.125053 -0.123427 -0.13641 
1183 14.9943 5.05799 -0.126537 -0.118311 -0.142464 
1184 17.5503 4.97317 -0.126554 -0.121216 -0.139231 
1185 20.1661 4.93151 -0.124869 -0.119887 -0.138084 
1186 22.5401 5.01829 -0.126926 -0.129267 -0.137408 
1187 24.8965 4.96188 -0.124802 -0.129428 -0.149482 
1188 27.4309 5.02761 -0.125435 -0.124429 -0.139781 
1189 0.0502174 7.56793 -0.126507 -0.128687 -0.144028 
1190 2.63067 7.50969 -0.123389 -0.119233 -0.138341 
1191 5.15398 7.31081 -0.124059 -0.133903 -0.142297 
1192 7.66093 7.38023 -0.126177 -0.123123 -0.132844 
1193 10.0848 7.43648 -0.12172 -0.124873 -0.131623 
1194 12.5032 7.43345 -0.123942 -0.124775 -0.130625 
1195 14.9447 7.41444 -0.124661 -0.125312 -0.13606 
1196 17.5691 7.43364 -0.124918 -0.123627 -0.129338 
1197 19.9815 7.49381 -0.125824 -0.127068 -0.135061 
1198 22.5203 7.3681 -0.12408 -0.121665 -0.132096 
1199 24.9955 7.39464 -0.121576 -0.127012 -0.139905 
1200 27.5335 7.48829 -0.121623 -0.127132 -0.136953 
1201 0.0807275 9.98811 -0.121444 -0.123218 -0.139574 
1202 2.77398 10.0033 -0.127247 -0.128211 -0.136635 
1203 5.17813 10.0389 -0.119835 -0.126904 -0.139394 
1204 7.60677 10.0441 -0.120057 -0.12779 -0.140033 
1205 10.1659 10.0824 -0.11449 -0.121215 -0.129055 
1206 12.5239 9.97575 -0.119473 -0.123865 -0.134264 
1207 14.9204 9.99405 -0.125781 -0.125269 -0.138815 
1208 17.383 9.84253 -0.123791 -0.126573 -0.138923 
1209 20.0144 10.0398 -0.121155 -0.120832 -0.138086 
1210 22.4867 9.9583 -0.116763 -0.124124 -0.135291 
1211 25.0797 9.877 -0.116299 -0.122882 -0.136289 
1212 27.5541 10.0073 -0.118338 -0.128117 -0.13676 
1213 0.0286257 12.2886 -0.126079 -0.12534 -0.138116 
1214 2.49723 12.4009 -0.127056 -0.12449 -0.137513 
1215 5.12553 12.5215 -0.124303 -0.124554 -0.138559 
1216 7.41544 12.5008 -0.118824 -0.12129 -0.127912 
1217 10.1381 12.5499 -0.122248 -0.124943 -0.135078 
1218 12.6635 12.5532 -0.122372 -0.120652 -0.133655 
1219 14.953 12.4261 -0.132423 -0.129766 -0.143807 
1220 17.3016 12.3669 -0.125707 -0.125167 -0.138842 
1221 19.9398 12.4587 -0.120653 -0.123495 -0.137791 
1222 22.5102 12.5208 -0.119745 -0.128896 -0.133567 
1223 25.0135 12.4941 -0.121713 -0.12726 -0.128355 
1224 27.4661 12.434 -0.11624 -0.12027 -0.133832 
1225 29.9003 14.8707 -0.124851 -0.122684 -0.139768 
1226 2.44724 14.8146 -0.126903 -0.1253 -0.137787 
1227 5.1685 15.0088 -0.125591 -0.125026 -0.135764 
1228 7.56027 14.9372 -0.126024 -0.121377 -0.134222 
1229 10.0967 14.9775 -0.124096 -0.126974 -0.139105 
1230 12.5601 15.0192 -0.129882 -0.123509 -0.143646 
1231 15.0574 15.1086 -0.129805 -0.127546 -0.141506 
1232 17.5174 14.9136 -0.133201 -0.128107 -0.143955 
1233 19.9665 14.8869 -0.128831 -0.128374 -0.139919 
1234 22.4831 14.9534 -0.123898 -0.12331 -0.13731 
1235 25.0898 14.9774 -0.119444 -0.12511 -0.133351 
1236 27.593 14.9291 -0.125021 -0.121653 -0.131135 
1237 29.9581 17.5789 -0.125488 -0.119498 -0.139333 
1238 2.5644 17.5431 -0.119164 -0.1188 -0.12684 
1239 5.01719 17.5222 -0.128169 -0.124716 -0.134862 
1240 7.70717 17.3539 -0.126855 -0.12497 -0.132627 
1241 10.2136 17.4888 -0.128238 -0.12803 -0.137726 
1242 12.7243 17.4851 -0.127686 -0.120646 -0.140667 
1243 15.0907 17.5059 -0.134403 -0.123403 -0.145135 
1244 17.5259 17.476 -0.126147 -0.128275 -0.140136 
1245 19.9979 17.4078 -0.129863 -0.13188 -0.142923 
1246 22.4567 17.5437 -0.12265 -0.122693 -0.138893 
1247 25.0662 17.4391 -0.121536 -0.124468 -0.138283 
1248 27.3922 17.3747 -0.123524 -0.124968 -0.133919 
1249 0.0311936 19.9387 -0.125414 -0.117934 -0.139327 
1250 2.54311 19.9423 -0.127404 -0.124056 -0.140118 
1251 5.07056 19.9151 -0.121866 -0.121277 -0.135935 
1252 7.52769 19.8746 -0.126983 -0.128368 -0.134158 
1253 10.1349 19.916 -0.126018 -0.128835 -0.146335 
1254 12.5041 20.067 -0.129906 -0.127512 -0.141089 
1255 14.9912 20.0898 -0.131038 -0.120742 -0.141962 
1256 17.4641 19.9712 -0.134704 -0.125884 -0.141349 
1257 19.8357 20.0211 -0.131776 -0.127297 -0.144764 
1258 22.3996 19.8592 -0.132784 -0.128927 -0.138772 
1259 24.8592 19.9905 -0.127172 -0.124932 -0.138917 
1260 27.3625 20.0261 -0.126156 -0.126562 -0.138149 
1261 0.0347282 22.5372 -0.121879 -0.12359 -0.137667 
1262 2.74743 22.5017 -0.122841 -0.122421 -0.13387 
1263 5.16614 22.4659 -0.127703 -0.128239 -0.138399 
1264 7.54695 22.586 -0.12621 -0.122213 -0.133772 
1265 9.81505 22.5102 -0.125603 -0.122293 -0.134804 
1266 12.5178 22.5534 -0.128491 -0.127507 -0.142613 
1267 15.0084 22.5862 -0.131705 -0.128632 -0.14597 
1268 17.4318 22.6311 -0.127942 -0.120151 -0.137588 
1269 19.9768 22.367 -0.127691 -0.129578 -0.14426 
1270 22.3445 22.4477 -0.128804 -0.123013 -0.130929 
1271 25.0496 22.4351 -0.121572 -0.122606 -0.134463 
1272 27.5835 22.3709 -0.119403 -0.122763 -0.126123 
1273 0.0632409 25.1823 -0.121314 -0.122559 -0.13459 
1274 2.48346 24.9643 -0.124172 -0.125817 -0.140574 
1275 5.02793 24.961 -0.121858 -0.128559 -0.138999 
1276 7.36418 25.1287 -0.119909 -0.125705 -0.140504 
1277 9.99382 25.0164 -0.122566 -0.121459 -0.141931 
1278 12.4708 25.2094 -0.124337 -0.125874 -0.142324 
1279 14.9649 25.2064 -0.126736 -0.122804 -0.141892 
1280 17.5867 24.9662 -0.128543 -0.127708 -0.135726 
1281 19.971 24.8645 -0.120221 -0.12772 -0.139929 
1282 22.3873 24.9673 -0.117895 -0.129725 -0.140263 
1283 24.9181 25.0764 -0.116004 -0.120185 -0.133866 
1284 27.5355 24.9544 -0.117116 -0.124541 -0.136645 
1285 0.0242698 27.4918 -0.122553 -0.12367 -0.135655 
1286 2.53284 27.3182 -0.117713 -0.125443 -0.138195 
1287 4.98149 27.6047 -0.123026 -0.125971 -0.137075 
1288 7.54616 27.4559 -0.121163 -0.128427 -0.141278 
1289 10.0597 27.5947 -0.119733 -0.123662 -0.126959 
1290 12.5388 27.6094 -0.111833 -0.117116 -0.130534 
1291 15.006 27.4694 -0.126986 -0.128235 -0.136534 
1292 17.4099 27.5688 -0.123431 -0.124008 -0.139047 
1293 19.9132 27.5625 -0.12365 -0.127036 -0.142438 
1294 22.5734 27.5799 -0.118361 -0.127232 -0.133894 
1295 24.8684 27.4429 -0.124622 -0.129467 -0.14317 
1296 27.4671 27.6405 -0.117633 -0.120757 -0.127464 
1297 29.947 29.9953 -0.126941 -0.131736 -0.14331 
1298 2.49854 0.0386481 -0.124846 -0.128543 -0.140388 
1299 5.11438 29.9478 -0.126884 -0.127961 -0.143107 
1300 7.52845 29.9813 -0.125205 -0.118972 -0.139752 
1301 10.016 29.8265 -0.124157 -0.126331 -0.1356 
1302 12.675 29.9766 -0.124945 -0.1232 -0.138694 
1303 14.9401 0.0728659 -0.12707 -0.129953 -0.141589 
1304 17.5637 29.9295 -0.125588 -0.127225 -0.139655 
1305 20.0224 0.16753 -0.126713 -0.124187 -0.135381 
1306 22.6024 0.0702117 -0.131811 -0.130285 -0.143477 
1307 24.9692 29.8322 -0.132176 -0.127859 -0.144181 
1308 27.5209 29.941 -0.131529 -0.129882 -0.143631 
1309 29.9416 2.37052 -0.129837 -0.129163 -0.14544 
1310 2.65889 2.54812 -0.127901 -0.131587 -0.144934 
1311 5.08347 2.37521 -0.12224 -0.125279 -0.140787 
1312 7.71683 2.45272 -0.122839 -0.119048 -0.136718 
1313 10.0557 2.39514 -0.126105 -0.125658 -0.141843 
1314 12.4322 2.40059 -0.128421 -0.126286 -0.137266 
1315 15.0402 2.48449 -0.12645 -0.125205 -0.141266 
1316 17.4715 2.45157 -0.122999 -0.124781 -0.135452 
1317 20.1427 2.46706 -0.131357 -0.129865 -0.139828 
1318 22.66 2.56668 -0.130817 -0.12878 -0.140391 
1319 24.9389 2.27343 -0.127258 -0.128286 -0.141168 
1320 27.4138 2.40852 -0.131047 -0.131242 -0.142628 
1321 29.8934 4.92356 -0.129599 -0.12883 -0.140887 
1322 2.65503 4.93803 -0.124435 -0.123618 -0.141942 
1323 5.17875 4.90163 -0.129929 -0.127185 -0.143732 
1324 7.5449 4.92751 -0.121842 -0.122196 -0.140067 
1325 10.114 4.95083 -0.125034 -0.121178 -0.138758 
1326 12.5892 5.10654 -0.126769 -0.124206 -0.142107 
1327 15.0492 4.94755 -0.122797 -0.121424 -0.139537 
1328 17.6756 4.87525 -0.128597 -0.123422 -0.142023 
1329 20.1214 5.03577 -0.121209 -0.125687 -0.137696 
1330 22.4767 5.01023 -0.121738 -0.12503 -0.140411 
1331 24.9965 4.9749 -0.12785 -0.129365 -0.14484 
1332 27.4854 4.99095 -0.124313 -0.12849 -0.143672 
1333 0.0743253 7.37592 -0.122318 -0.124556 -0.140824 
1334 2.60034 7.32362 -0.12853 -0.125098 -0.137692 
1335 5.13062 7.3604 -0.122891 -0.129145 -0.142181 
1336 7.51702 7.48194 -0.123804 -0.127017 -0.136952 
1337 10.077 7.4769 -0.120818 -0.126823 -0.142225 
1338 12.5384 7.59842 -0.121565 -0.128136 -0.13576 
1339 15.0383 7.49576 -0.12173 -0.126705 -0.140679 
1340 17.4654 7.50832 -0.120382 -0.124516 -0.132098 
1341 19.9746 7.57885 -0.117776 -0.123737 -0.134262 
1342 22.3118 7.46845 -0.12134 -0.124073 -0.136109 
1343 25.0565 7.56958 -0.120509 -0.125047 -0.137855 
1344 27.4782 7.44188 -0.129028 -0.133897 -0.143667 
1345 0.155035 9.85567 -0.128534 -0.126777 -0.139003 
1346 2.64294 9.9458 -0.126324 -0.126531 -0.140903 
1347 5.01631 10.1362 -0.126468 -0.136277 -0.145544 
1348 7.48634 9.94397 -0.127235 -0.133199 -0.139616 
1349 10.0042 10.0728 -0.119477 -0.127786 -0.13269 
1350 12.5495 9.9676 -0.120631 -0.13608 -0.140794 
1351 15.0467 9.91058 -0.122453 -0.134675 -0.135524 
1352 17.4947 9.99017 -0.127657 -0.135043 -0.141103 
1353 20.0143 9.94441 -0.120899 -0.128104 -0.135387 
1354 22.7287 9.89752 -0.121514 -0.131423 -0.13739 
1355 25.0594 9.91185 -0.121982 -0.130723 -0.137169 
1356 27.5079 9.98127 -0.123776 -0.132908 -0.137394 
1357 29.9285 12.4984 -0.12329 -0.125892 -0.136519 
1358 2.52001 12.511 -0.124327 -0.131542 -0.140481 
1359 5.06308 12.5078 -0.123559 -0.133126 -0.14265 
1360 7.47715 12.4976 -0.124152 -0.127239 -0.128518 
1361 10.1469 12.5399 -0.129669 -0.136019 -0.140896 
1362 12.6344 12.4951 -0.125642 -0.131524 -0.145804 
1363 15.027 12.5308 -0.125755 -0.129915 -0.139108 
1364 17.457 12.4782 -0.119338 -0.128922 -0.141405 
1365 20.0804 12.4502 -0.11762 -0.128945 -0.138769 
1366 22.5943 12.4337 -0.123126 -0.128757 -0.137563 
1367 24.99 12.2713 -0.126368 -0.13154 -0.138041 
1368 27.5305 12.4971 -0.118772 -0.12811 -0.135899 
1369 29.9457 15.0261 -0.128715 -0.13013 -0.14132 
1370 2.50757 15.0423 -0.127838 -0.127775 -0.141289 
1371 4.91857 15.0418 -0.12134 -0.124575 -0.134038 
1372 7.4639 14.8935 -0.12919 -0.12851 -0.140651 
1373 10.1226 15.1085 -0.131075 -0.12995 -0.144356 
1374 12.5722 14.9384 -0.130624 -0.128708 -0.145747 
1375 14.9712 15.0553 -0.12537 -0.132521 -0.1428 
1376 17.4757 15.0622 -0.12657 -0.124929 -0.143247 
1377 19.8061 14.887 -0.122922 -0.128261 -0.139261 
1378 22.531 14.9047 -0.125935 -0.12522 -0.141105 
1379 24.9607 14.8537 -0.123635 -0.128203 -0.131796 
1380 27.4424 14.9371 -0.127358 -0.12249 -0.140251 
1381 29.9575 17.4793 -0.127632 -0.126592 -0.143935 
1382 2.50286 17.5158 -0.122162 -0.124937 -0.133601 
1383 5.02814 17.466 -0.129794 -0.12637 -0.141316 
1384 7.60477 17.3112 -0.124951 -0.128842 -0.136581 
1385 10.0978 17.5241 -0.129515 -0.128137 -0.143947 
1386 12.4876 17.4494 -0.134618 -0.134468 -0.147657 
1387 15.1087 17.5387 -0.131919 -0.127679 -0.140992 
1388 17.6174 17.5568 -0.125791 -0.13265 -0.147753 
1389 20.1733 17.4839 -0.121889 -0.130391 -0.145705 
1390 22.4984 17.497 -0.121316 -0.1246 -0.143736 
1391 25.005 17.6011 -0.125356 -0.127816 -0.139595 
1392 27.4741 17.3695 -0.130389 -0.127046 -0.136871 
1393 29.8201 19.8675 -0.120451 -0.122466 -0.138542 
1394 2.53507 20.015 -0.121192 -0.119453 -0.13992 
1395 5.18877 20.0256 -0.118445 -0.123597 -0.140172 
1396 7.72536 20.0331 -0.120887 -0.126576 -0.13677 
1397 10.0552 19.9142 -0.123477 -0.126864 -0.144086 
1398 12.4696 20.0911 -0.127535 -0.125841 -0.150928 
1399 14.983 19.9958 -0.130539 -0.129833 -0.145876 
1400 17.4724 20.0565 -0.127898 -0.123335 -0.147957 
1401 19.8743 20.0422 -0.127288 -0.130227 -0.143787 
1402 22.5221 19.9425 -0.121341 -0.125081 -0.143964 
1403 25.0696 20.0602 -0.126582 -0.121057 -0.13802 
1404 27.5999 19.9811 -0.12321 -0.121564 -0.139999 
1405 29.8521 22.5339 -0.123735 -0.128416 -0.141868 
1406 2.32524 22.4183 -0.124118 -0.127323 -0.137638 
1407 4.96224 22.595 -0.122748 -0.125546 -0.136711 
1408 7.43738 22.4817 -0.12147 -0.12346 -0.134831 
1409 10.0417 22.6823 -0.117577 -0.122562 -0.136533 
1410 12.3891 22.5486 -0.124712 -0.13348 -0.142073 
1411 15.0681 22.512 -0.12106 -0.126605 -0.144846 
1412 17.4697 22.5331 -0.125138 -0.124021 -0.135186 
1413 19.9956 22.4251 -0.12821 -0.134286 -0.146471 
1414 22.4747 22.5057 -0.123861 -0.12651 -0.136784 
1415 24.8761 22.5098 -0.118616 -0.123605 -0.136763 
1416 27.4157 22.5009 -0.116046 -0.128119 -0.134019 
1417 29.8622 25.0386 -0.124748 -0.126536 -0.133395 
1418 2.37599 24.9393 -0.128933 -0.136545 -0.137618 
1419 4.9642 25.0071 -0.124631 -0.133051 -0.142521 
1420 7.46137 25.0148 -0.122056 -0.1263 -0.138716 
1421 10.001 24.9992 -0.125028 -0.126856 -0.140391 
1422 12.5767 25.0247 -0.122675 -0.128454 -0.142158 
1423 15.0144 24.905 -0.132988 -0.132301 -0.140277 
1424 17.3914 24.9944 -0.133583 -0.12976 -0.141697 
1425 20.0094 25.0503 -0.125601 -0.133183 -0.146727 
1426 22.4289 25.0235 -0.127307 -0.131374 -0.139499 
1427 24.9568 25.1044 -0.119969 -0.126328 -0.13501 
1428 27.371 25.0081 -0.120472 -0.134692 -0.13836 
1429 29.9566 27.569 -0.124781 -0.125522 -0.138486 
1430 2.31384 27.6872 -0.126883 -0.128978 -0.142706 
1431 4.95899 27.4523 -0.121332 -0.13151 -0.144369 
1432 7.51015 27.4464 -0.126571 -0.123192 -0.136895 
1433 10.1026 27.4329 -0.123679 -0.12363 -0.138459 
1434 12.589 27.5136 -0.126996 -0.131011 -0.136171 
1435 14.9764 27.3587 -0.129058 -0.128255 -0.136899 
1436 17.5263 27.6045 -0.125668 -0.128309 -0.140327 
1437 19.9463 27.5632 -0.122065 -0.12716 -0.141398 
1438 22.4402 27.4906 -0.127881 -0.125431 -0.133276 
1439 24.8545 27.4861 -0.132775 -0.135844 -0.14306 
1440 27.4922 27.5144 -0.126987 -0.127123 -0.137981 
1441 0.0420134 29.8723 -0.129025 -0.128186 -0.172644 
1442 2.65892 29.8881 -0.128349 -0.126491 -0.171023 
1443 5.08316 29.8983 -0.127013 -0.125069 -0.171421 
1444 7.67458 29.9609 -0.124475 -0.124782 -0.169674 
1445 10.1585 29.8884 -0.1269 -0.127672 -0.169772 
1446 12.5867 29.8836 -0.123383 -0.124743 -0.165675 
1447 14.9968 29.8658 -0.130573 -0.12517 -0.170355 
1448 17.5726 0.0138474 -0.124874 -0.125637 -0.167116 
1449 20.0115 0.0947364 -0.12747 -0.124335 -0.17045 
1450 22.4959 29.9271 -0.130234 -0.12678 -0.174605 
1451 25.0573 29.9483 -0.13164 -0.126444 -0.175678 
1452 27.5266 29.9008 -0.123935 -0.126262 -0.175332 
1453 0.102584 2.36904 -0.130991 -0.126209 -0.175219 
1454 2.58186 2.43208 -0.126416 -0.123847 -0.184794 
1455 4.92347 2.37547 -0.126458 -0.131231 -0.172654 
1456 7.52504 2.47564 -0.130133 -0.128044 -0.169452 
1457 10.0669 2.48165 -0.128746 -0.127106 -0.17547 
1458 12.5488 2.29723 -0.13594 -0.12645 -0.170915 
1459 14.9091 2.40905 -0.126093 -0.123191 -0.171193 
1460 17.5026 2.5313 -0.126897 -0.121855 -0.170507 
1461 20.0659 2.54152 -0.125552 -0.130826 -0.167667 
1462 22.561 2.39346 -0.132385 -0.13029 -0.169804 
1463 25.0372 2.52239 -0.131026 -0.127299 -0.174072 
1464 27.5652 2.37787 -0.134523 -0.13113 -0.176056 
1465 0.0964295 4.96696 -0.128073 -0.123965 -0.1743 
1466 2.49362 4.96136 -0.125118 -0.12086 -0.175068 
1467 5.01829 4.91527 -0.130231 -0.130452 -0.166867 
1468 7.47406 4.82608 -0.132319 -0.129619 -0.16425 
1469 10.0394 5.05994 -0.128073 -0.12713 -0.164561 
1470 12.3756 4.83617 -0.126637 -0.124756 -0.169089 
1471 15.0127 5.03237 -0.12617 -0.124131 -0.179905 
1472 17.5309 4.97403 -0.123098 -0.120096 -0.169606 
1473 19.9918 5.04311 -0.127154 -0.125324 -0.164348 
1474 22.6781 5.07405 -0.12637 -0.125205 -0.163104 
1475 25.1864 4.97767 -0.128756 -0.125861 -0.17057 
1476 27.4317 4.85782 -0.127257 -0.128967 -0.164277 
1477 0.101186 7.5173 -0.128767 -0.12437 -0.177698 
1478 2.47897 7.34462 -0.125011 -0.123461 -0.172601 
1479 5.10459 7.44643 -0.133179 -0.135391 -0.175442 
1480 7.51786 7.517 -0.133764 -0.128275 -0.169482 
1481 10.04 7.43374 -0.129971 -0.131077 -0.170586 
1482 12.5462 7.59654 -0.128889 -0.128602 -0.172083 
1483 15.1187 7.51342 -0.127655 -0.126416 -0.175545 
1484 17.5436 7.48596 -0.12059 -0.121994 -0.167285 
1485 19.9899 7.54899 -0.123832 -0.126883 -0.16831 
1486 22.5665 7.52121 -0.129941 -0.129508 -0.170029 
1487 25.062 7.41598 -0.1238 -0.120535 -0.164386 
1488 27.4638 7.53834 -0.127791 -0.127386 -0.176262 
1489 0.144869 10.0031 -0.127763 -0.124813 -0.161453 
1490 2.70827 10.0001 -0.12833 -0.128259 -0.171277 
1491 5.01282 9.88506 -0.128417 -0.135116 -0.166518 
1492 7.45623 9.95572 -0.128132 -0.132253 -0.165448 
1493 10.0413 9.95837 -0.126466 -0.131273 -0.167053 
1494 12.5764 10.1057 -0.128442 -0.132822 -0.167999 
1495 15.1877 10.0916 -0.122984 -0.124882 -0.165041 
1496 17.4933 10.0037 -0.124416 -0.125853 -0.173709 
1497 20.0909 9.91153 -0.122289 -0.128381 -0.168575 
1498 22.5914 10.0618 -0.121755 -0.126951 -0.159567 
1499 25.1239 9.98285 -0.126388 -0.126806 -0.169644 
1500 27.6328 9.98458 -0.123596 -0.126543 -0.170362 
1501 0.0826241 12.4329 -0.127626 -0.127361 -0.165661 
1502 2.68464 12.5325 -0.123211 -0.13167 -0.171967 
1503 5.23075 12.5143 -0.124431 -0.130251 -0.176351 
1504 7.48081 12.4755 -0.121827 -0.126394 -0.164799 
1505 9.99052 12.6036 -0.128998 -0.136115 -0.176449 
1506 12.5378 12.4207 -0.129009 -0.129437 -0.176304 
1507 14.9706 12.5513 -0.130254 -0.132803 -0.171062 
1508 17.6314 12.6342 -0.124257 -0.129103 -0.178492 
1509 20.0956 12.4467 -0.122676 -0.126525 -0.176895 
1510 22.5043 12.4139 -0.121813 -0.130203 -0.175886 
1511 24.9682 12.2677 -0.121996 -0.1243 -0.17216 
1512 27.4103 12.4662 -0.121799 -0.127555 -0.174729 
1513 29.9682 15.0077 -0.123957 -0.127425 -0.172301 
1514 2.45343 14.9518 -0.123342 -0.127572 -0.170887 
1515 5.06879 15.0591 -0.128473 -0.122477 -0.171745 
1516 7.468 15.044 -0.130277 -0.129867 -0.172361 
1517 9.99473 14.9584 -0.132067 -0.131218 -0.174547 
1518 12.5615 14.782 -0.127621 -0.124197 -0.178351 
1519 14.8697 14.9846 -0.127761 -0.134476 -0.170918 
1520 17.4197 14.832 -0.123329 -0.129063 -0.167093 
1521 19.9469 14.8985 -0.12748 -0.127553 -0.170871 
1522 22.4719 14.819 -0.125599 -0.126829 -0.171604 
1523 24.9342 14.7982 -0.124492 -0.128993 -0.169437 
1524 27.4844 14.9007 -0.122832 -0.125607 -0.167573 
1525 29.9131 17.4929 -0.126389 -0.122263 -0.167778 
1526 2.53561 17.5338 -0.123826 -0.124879 -0.17113 
1527 5.09366 17.6166 -0.125365 -0.124968 -0.168827 
1528 7.68737 17.4755 -0.128815 -0.131698 -0.172014 
1529 10.0547 17.5345 -0.136907 -0.129693 -0.176515 
1530 12.4979 17.501 -0.139102 -0.129159 -0.175433 
1531 14.9527 17.4013 -0.13236 -0.130844 -0.16907 
1532 17.4904 17.4372 -0.123947 -0.125194 -0.179114 
1533 19.9593 17.4459 -0.123718 -0.12972 -0.171821 
1534 22.4781 17.43 -0.128684 -0.128569 -0.173726 
1535 24.9081 17.5584 -0.129052 -0.125745 -0.170368 
1536 27.3948 17.3293 -0.136203 -0.126873 -0.170261 
1537 29.8454 20.0323 -0.123175 -0.126408 -0.175571 
1538 2.4598 20.0819 -0.120344 -0.122375 -0.168486 
1539 5.02929 20.0044 -0.122205 -0.126982 -0.169587 
1540 7.69004 20.0206 -0.124699 -0.130029 -0.166092 
1541 9.99077 19.8855 -0.13307 -0.130533 -0.17074 
1542 12.3869 19.8935 -0.129764 -0.131852 -0.17285 
1543 14.9839 19.9772 -0.129671 -0.130443 -0.170828 
1544 17.3563 19.7802 -0.128759 -0.122831 -0.17521 
1545 19.8818 19.9057 -0.129238 -0.128239 -0.170725 
1546 22.5788 19.8948 -0.1284 -0.133318 -0.162628 
1547 25.0881 19.931 -0.127738 -0.124847 -0.161149 
1548 27.3751 20.0792 -0.12542 -0.132775 -0.170626 
1549 29.8331 22.5071 -0.123969 -0.121808 -0.170346 
1550 2.52526 22.6023 -0.1237 -0.129467 -0.170529 
1551 4.87711 22.4766 -0.123475 -0.127245 -0.175519 
1552 7.47958 22.4554 -0.132929 -0.130813 -0.17212 
1553 10.0244 22.482 -0.125027 -0.119237 -0.167372 
1554 12.4867 22.3403 -0.1314 -0.129171 -0.176726 
1555 14.8694 22.4116 -0.132303 -0.128582 -0.178044 
1556 17.3908 22.5298 -0.127726 -0.125216 -0.174268 
1557 19.9452 22.4852 -0.130428 -0.134602 -0.17763 
1558 22.3646 22.3828 -0.126927 -0.127326 -0.169693 
1559 24.9051 22.4383 -0.128186 -0.122968 -0.167284 
1560 27.3332 22.2985 -0.125754 -0.131441 -0.171112 
1561 29.8913 24.994 -0.120897 -0.124481 -0.166042 
1562 2.27645 25.0864 -0.121036 -0.126742 -0.173149 
1563 4.92278 24.949 -0.123737 -0.130038 -0.172451 
1564 7.47604 24.9184 -0.122061 -0.125192 -0.159654 
1565 10.0059 24.9176 -0.123559 -0.12442 -0.163567 
1566 12.7238 24.9829 -0.126278 -0.128922 -0.168634 
1567 15.0544 25.0166 -0.128664 -0.124148 -0.162741 
1568 17.526 25.0311 -0.12865 -0.130001 -0.170809 
1569 19.9878 24.9801 -0.125661 -0.129649 -0.164836 
1570 22.397 24.9335 -0.123284 -0.130879 -0.164884 
1571 24.7584 24.9962 -0.120877 -0.124207 -0.167559 
1572 27.5014 24.9233 -0.124333 -0.132519 -0.171036 
1573 0.0628974 27.4977 -0.131159 -0.130163 -0.169066 
1574 2.47401 27.5751 -0.122741 -0.129372 -0.175491 
1575 4.97955 27.5077 -0.12342 -0.126882 -0.17624 
1576 7.50634 27.4349 -0.128039 -0.12462 -0.169506 
1577 10.0428 27.4719 -0.128709 -0.123887 -0.170458 
1578 12.407 27.4098 -0.126711 -0.129681 -0.171271 
1579 14.9381 27.4675 -0.127783 -0.126174 -0.165122 
1580 17.5963 27.5117 -0.124408 -0.12982 -0.174337 
1581 19.9061 27.5099 -0.121792 -0.130376 -0.175872 
1582 22.3432 27.5326 -0.119598 -0.121968 -0.162449 
1583 24.9083 27.4443 -0.12863 -0.126578 -0.171399 
1584 27.3716 27.4049 -0.128738 -0.130807 -0.178482 
1585 0.0455829 29.9398 -0.190567 -0.1978 -0.105859 
1586 2.52131 29.9709 -0.186222 -0.193037 -0.106337 
1587 5.04601 0.0219173 -0.18976 -0.197558 -0.100487 
1588 7.50921 0.0894422 -0.185016 -0.195838 -0.095699 
1589 10.0441 29.9198 -0.192918 -0.199642 -0.0991013 
1590 12.5321 0.00531018 -0.184444 -0.18948 -0.0998215 
1591 14.9259 29.8842 -0.188471 -0.187964 -0.101472 
1592 17.6137 29.9916 -0.187191 -0.188892 -0.100058 
1593 19.9361 0.0541854 -0.193585 -0.186205 -0.100246 
1594 22.5453 29.9045 -0.189114 -0.194883 -0.10451 
1595 25.0315 0.0609782 -0.187067 -0.196828 -0.104669 
1596 27.5144 29.9473 -0.188192 -0.179134 -0.0993586 
1597 0.161211 2.50632 -0.184259 -0.195209 -0.106043 
1598 2.54836 2.56331 -0.188713 -0.194379 -0.106273 
1599 4.95624 2.43163 -0.189499 -0.189345 -0.0984924 
1600 7.60638 2.56046 -0.202608 -0.206982 -0.105328 
1601 10.0259 2.54561 -0.194451 -0.185564 -0.103611 
1602 12.4312 2.40034 -0.193845 -0.194816 -0.100451 
1603 15.0373 2.41797 -0.189037 -0.185608 -0.101642 
1604 17.5354 2.44696 -0.18313 -0.188407 -0.098966 
1605 20.0339 2.51484 -0.190335 -0.182473 -0.0946334 
1606 22.4128 2.56274 -0.191823 -0.195223 -0.105671 
1607 24.9864 2.49397 -0.18578 -0.18583 -0.102541 
1608 27.5573 2.41006 -0.191831 -0.185825 -0.0940429 
1609 0.0386864 4.95653 -0.195641 -0.193054 -0.110219 
1610 2.54398 5.11127 -0.194197 -0.189236 -0.105763 
1611 5.04308 4.96616 -0.194507 -0.195092 -0.0962863 
1612 7.62879 5.03127 -0.185315 -0.19604 -0.0938286 
1613 10.085 5.07988 -0.192557 -0.197687 -0.0978709 
1614 12.4656 5.06118 -0.187633 -0.191582 -0.0948588 
1615 15.0145 5.00999 -0.193859 -0.187742 -0.109644 
1616 17.4127 4.95817 -0.197701 -0.198002 -0.106986 
1617 20.0484 4.93991 -0.185958 -0.179143 -0.0842041 
1618 22.628 4.92171 -0.180293 -0.189689 -0.0925644 
1619 25.0025 4.83047 -0.190039 -0.193073 -0.0994262 
1620 27.6125 5.12541 -0.191538 -0.183693 -0.0956379 
1621 0.0472081 7.32745 -0.18342 -0.192476 -0.102888 
1622 2.72621 7.39987 -0.190061 -0.194867 -0.101101 
1623 5.09324 7.46808 -0.180746 -0.191982 -0.093597 
1624 7.43525 7.40128 -0.191478 -0.196164 -0.0967586 
1625 10.0897 7.59281 -0.190544 -0.193132 -0.0967909 
1626 12.5551 7.58502 -0.187868 -0.199082 -0.0993858 
1627 14.9196 7.55258 -0.188402 -0.190974 -0.0976779 
1628 17.6843 7.52053 -0.189407 -0.19984 -0.107368 
1629 20.0577 7.38191 -0.190098 -0.188382 -0.0954848 
1630 22.6669 7.42235 -0.189395 -0.186217 -0.0916958 
1631 25.0002 7.52674 -0.183246 -0.184254 -0.0976446 
1632 27.5002 7.38234 -0.185733 -0.189983 -0.0966325 
1633 0.158549 9.84887 -0.186538 -0.193722 -0.0993056 
1634 2.44423 10.069 -0.187629 -0.184564 -0.0962548 
1635 5.07371 9.98929 -0.191827 -0.204312 -0.103803 
1636 7.52946 9.93879 -0.184895 -0.192367 -0.0905862 
1637 10.043 9.95854 -0.185458 -0.197698 -0.0987881 
1638 12.6315 10.0358 -0.185996 -0.20249 -0.103734 
1639 15.1804 10.1186 -0.187115 -0.191303 -0.0956193 
1640 17.6972 10.0208 -0.190034 -0.196976 -0.100977 
1641 20.0958 9.95538 -0.196106 -0.198541 -0.102595 
1642 22.5835 9.97413 -0.182389 -0.189559 -0.0937115 
1643 25.0642 9.8711 -0.18006 -0.194948 -0.0985907 
1644 27.6993 9.89323 -0.184206 -0.195445 -0.0984593 
1645 29.9104 12.5304 -0.180624 -0.188226 -0.0959856 
1646 2.53802 12.4174 -0.184435 -0.190714 -0.0994489 
1647 4.88492 12.5129 -0.184042 -0.199644 -0.102669 
1648 7.38445 12.4509 -0.189545 -0.19327 -0.0960674 
1649 9.91288 12.5 -0.189966 -0.199295 -0.102551 
1650 12.3986 12.5423 -0.192535 -0.197763 -0.111447 
1651 15.0616 12.4191 -0.187231 -0.18973 -0.102062 
1652 17.5039 12.5372 -0.192781 -0.195686 -0.103385 
1653 19.9787 12.4264 -0.195159 -0.193594 -0.107496 
1654 22.4947 12.379 -0.194231 -0.194415 -0.109138 
1655 25.0575 12.3858 -0.191693 -0.196213 -0.108822 
1656 27.5705 12.3865 -0.185322 -0.192195 -0.0980384 
1657 29.9623 15.0978 -0.190891 -0.184976 -0.102066 
1658 2.31591 15.0579 -0.189373 -0.194344 -0.103609 
1659 4.95797 15.1206 -0.184793 -0.195662 -0.102534 
1660 7.57477 15.1172 -0.187078 -0.191304 -0.0961637 
1661 10.0239 14.9389 -0.189702 -0.202297 -0.10528 
1662 12.5122 14.8865 -0.18435 -0.186979 -0.104031 
1663 15.0536 14.825 -0.193109 -0.194847 -0.104303 
1664 17.429 15.0588 -0.190615 -0.191491 -0.102342 
1665 19.9122 14.8319 -0.186645 -0.189812 -0.0945972 
1666 22.3986 14.9075 -0.18506 -0.191783 -0.098217 
1667 24.8182 14.8783 -0.190252 -0.193182 -0.103844 
1668 27.3094 14.9511 -0.192181 -0.190712 -0.106699 
1669 0.134292 17.4602 -0.187959 -0.184402 -0.0931283 
1670 2.41641 17.5318 -0.182942 -0.192288 -0.101369 
1671 4.93843 17.3359 -0.185666 -0.192931 -0.103985 
1672 7.53375 17.5802 -0.194149 -0.197737 -0.102205 
1673 10.1054 17.3469 -0.189515 -0.189875 -0.101373 
1674 12.5761 17.3579 -0.191276 -0.197396 -0.100394 
1675 14.8387 17.3724 -0.180826 -0.187321 -0.0930935 
1676 17.4282 17.4181 -0.184638 -0.1898 -0.100049 
1677 19.8908 17.2991 -0.182471 -0.187352 -0.0970905 
1678 22.4619 17.3417 -0.194047 -0.19436 -0.099462 
1679 24.8728 17.3677 -0.193155 -0.18922 -0.102095 
1680 27.4248 17.3944 -0.188276 -0.196054 -0.097738 
1681 0.0800933 20.1272 -0.192264 -0.186117 -0.103776 
1682 2.60832 20.0073 -0.193919 -0.189404 -0.10256 
1683 5.03942 19.9795 -0.187764 -0.192945 -0.0987326 
1684 7.51848 19.9203 -0.188086 -0.191715 -0.0947803 
1685 10.0076 20.065 -0.193657 -0.195069 -0.100642 
1686 12.2972 19.849 -0.188178 -0.18766 -0.101065 
1687 14.9412 19.8512 -0.193336 -0.182759 -0.102089 
1688 17.234 20.0222 -0.192481 -0.184403 -0.107101 
1689 19.896 19.915 -0.1876 -0.190135 -0.0992809 
1690 22.4448 19.823 -0.179585 -0.188294 -0.0919327 
1691 24.9975 20.0273 -0.187555 -0.186088 -0.0910957 
1692 27.4054 19.8386 -0.190607 -0.196835 -0.0978081 
1693 0.0476645 22.57 -0.191227 -0.19183 -0.103756 
1694 2.38299 22.6239 -0.188698 -0.191545 -0.0994155 
1695 5.03686 22.58 -0.191523 -0.194683 -0.101454 
1696 7.52839 22.3598 -0.195132 -0.199376 -0.0997981 
1697 10.0194 22.5076 -0.186958 -0.182075 -0.0952036 
1698 12.268 22.4962 -0.191077 -0.193926 -0.0967612 
1699 15.0606 22.3653 -0.185685 -0.187465 -0.0983911 
1700 17.5372 22.3613 -0.192401 -0.187505 -0.103131 
1701 19.896 22.36 -0.192614 -0.190238 -0.105041 
1702 22.5321 22.4308 -0.191469 -0.183466 -0.0931772 
1703 25.0187 22.548 -0.190446 -0.185644 -0.0941318 
1704 27.4029 22.4813 -0.195102 -0.199101 -0.10241 
1705 29.8785 24.959 -0.194723 -0.197473 -0.103819 
1706 2.39526 24.956 -0.190153 -0.194669 -0.0997207 
1707 4.97923 24.9258 -0.194951 -0.203748 -0.103511 
1708 7.57663 24.8169 -0.179892 -0.192701 -0.0944551 
1709 10.021 24.8529 -0.184875 -0.194174 -0.0969687 
1710 12.4201 24.9696 -0.184643 -0.191771 -0.0967812 
1711 14.946 24.7881 -0.189774 -0.191833 -0.0980626 
1712 17.4405 24.9561 -0.189913 -0.192134 -0.0996052 
1713 20.0559 24.9132 -0.182487 -0.187716 -0.0898497 
1714 22.3803 24.8243 -0.188105 -0.189813 -0.0932144 
1715 24.8738 25.1017 -0.187574 -0.195622 -0.105068 
1716 27.3711 25.0278 -0.193093 -0.194031 -0.103084 
1717 29.8728 27.4369 -0.179275 -0.195314 -0.0966784 
1718 2.5123 27.4888 -0.189131 -0.199016 -0.103672 
1719 5.05093 27.5645 -0.185269 -0.192775 -0.0998513 
1720 7.5528 27.3956 -0.191143 -0.199142 -0.10117 
1721 10.0255 27.3509 -0.189932 -0.193255 -0.098501 
1722 12.4169 27.2549 -0.187008 -0.19259 -0.0994558 
1723 14.9467 27.3698 -0.177571 -0.187199 -0.0982818 
1724 17.3549 27.477 -0.183299 -0.195071 -0.103309 
1725 19.9141 27.4535 -0.181465 -0.188875 -0.0985536 
1726 22.3786 27.4341 -0.183146 -0.192042 -0.0967551 
1727 24.9063 27.5414 -0.188708 -0.205474 -0.111279 
1728 27.3769 27.4565 -0.186545 -0.188016 -0.098705 